[0.007s] Invoking command in '/home/ros-laptop1/Desktop/turtlebotrhodes_ws/build/my_robot_interfaces': CMAKE_PREFIX_PATH=${CMAKE_PREFIX_PATH}:/home/ros-laptop1/Desktop/turtlebotrhodes_ws/install/turtlesim_catch_them_all:/home/ros-laptop1/Desktop/turtlebotrhodes_ws/install/my_py_pkg:/opt/ros/humble /usr/bin/cmake /home/ros-laptop1/Desktop/turtlebotrhodes_ws/src/my_robot_interfaces -DCMAKE_INSTALL_PREFIX=/home/ros-laptop1/Desktop/turtlebotrhodes_ws/install/my_robot_interfaces
[0.045s] -- The C compiler identification is GNU 11.4.0
[0.078s] -- The CXX compiler identification is GNU 11.4.0
[0.082s] -- Detecting C compiler ABI info
[0.128s] -- Detecting C compiler ABI info - done
[0.136s] -- Check for working C compiler: /usr/bin/cc - skipped
[0.136s] -- Detecting C compile features
[0.137s] -- Detecting C compile features - done
[0.139s] -- Detecting CXX compiler ABI info
[0.192s] -- Detecting CXX compiler ABI info - done
[0.196s] -- Check for working CXX compiler: /usr/bin/c++ - skipped
[0.196s] -- Detecting CXX compile features
[0.196s] -- Detecting CXX compile features - done
[0.198s] -- Found ament_cmake: 1.3.11 (/opt/ros/humble/share/ament_cmake/cmake)
[0.289s] -- Found Python3: /usr/bin/python3 (found version "3.10.12") found components: Interpreter 
[0.340s] -- Found rosidl_default_generators: 1.2.0 (/opt/ros/humble/share/rosidl_default_generators/cmake)
[0.343s] -- Using all available rosidl_typesupport_c: rosidl_typesupport_fastrtps_c;rosidl_typesupport_introspection_c
[0.348s] -- Found rosidl_adapter: 3.1.6 (/opt/ros/humble/share/rosidl_adapter/cmake)
[0.370s] -- Using all available rosidl_typesupport_cpp: rosidl_typesupport_fastrtps_cpp;rosidl_typesupport_introspection_cpp
[0.544s] -- Found ament_cmake_ros: 0.10.0 (/opt/ros/humble/share/ament_cmake_ros/cmake)
[0.651s] -- Using all available rosidl_typesupport_c: rosidl_typesupport_fastrtps_c;rosidl_typesupport_introspection_c
[0.803s] -- Using all available rosidl_typesupport_cpp: rosidl_typesupport_fastrtps_cpp;rosidl_typesupport_introspection_cpp
[0.820s] -- Found PythonInterp: /usr/bin/python3 (found suitable version "3.10.12", minimum required is "3.6") 
[0.821s] -- Found python_cmake_module: 0.10.0 (/opt/ros/humble/share/python_cmake_module/cmake)
[0.836s] -- Found PythonLibs: /usr/lib/x86_64-linux-gnu/libpython3.10.so (found suitable version "3.10.12", minimum required is "3.5") 
[0.836s] -- Using PYTHON_EXECUTABLE: /usr/bin/python3
[0.836s] -- Using PYTHON_INCLUDE_DIRS: /usr/include/python3.10
[0.836s] -- Using PYTHON_LIBRARIES: /usr/lib/x86_64-linux-gnu/libpython3.10.so
[0.848s] -- Found PythonExtra: .so  
[0.870s] -- Configuring done
[0.886s] -- Generating done
[0.891s] -- Build files have been written to: /home/ros-laptop1/Desktop/turtlebotrhodes_ws/build/my_robot_interfaces
[0.897s] Invoked command in '/home/ros-laptop1/Desktop/turtlebotrhodes_ws/build/my_robot_interfaces' returned '0': CMAKE_PREFIX_PATH=${CMAKE_PREFIX_PATH}:/home/ros-laptop1/Desktop/turtlebotrhodes_ws/install/turtlesim_catch_them_all:/home/ros-laptop1/Desktop/turtlebotrhodes_ws/install/my_py_pkg:/opt/ros/humble /usr/bin/cmake /home/ros-laptop1/Desktop/turtlebotrhodes_ws/src/my_robot_interfaces -DCMAKE_INSTALL_PREFIX=/home/ros-laptop1/Desktop/turtlebotrhodes_ws/install/my_robot_interfaces
[0.897s] Invoking command in '/home/ros-laptop1/Desktop/turtlebotrhodes_ws/build/my_robot_interfaces': CMAKE_PREFIX_PATH=${CMAKE_PREFIX_PATH}:/home/ros-laptop1/Desktop/turtlebotrhodes_ws/install/turtlesim_catch_them_all:/home/ros-laptop1/Desktop/turtlebotrhodes_ws/install/my_py_pkg:/opt/ros/humble /usr/bin/cmake --build /home/ros-laptop1/Desktop/turtlebotrhodes_ws/build/my_robot_interfaces -- -j20 -l20
[0.926s] [  1%] [34m[1mGenerating C code for ROS interfaces[0m
[0.934s] [  3%] [34m[1mGenerating C++ code for ROS interfaces[0m
[0.939s] [  3%] Built target ament_cmake_python_copy_my_robot_interfaces
[1.069s] running egg_info
[1.069s] creating my_robot_interfaces.egg-info
[1.070s] writing my_robot_interfaces.egg-info/PKG-INFO
[1.070s] writing dependency_links to my_robot_interfaces.egg-info/dependency_links.txt
[1.070s] writing top-level names to my_robot_interfaces.egg-info/top_level.txt
[1.070s] writing manifest file 'my_robot_interfaces.egg-info/SOURCES.txt'
[1.071s] reading manifest file 'my_robot_interfaces.egg-info/SOURCES.txt'
[1.071s] writing manifest file 'my_robot_interfaces.egg-info/SOURCES.txt'
[1.088s] [  3%] Built target ament_cmake_python_build_my_robot_interfaces_egg
[1.190s] [  3%] Built target my_robot_interfaces__cpp
[1.196s] [  4%] [34m[1mGenerating C++ type support dispatch for ROS interfaces[0m
[1.197s] [  6%] [34m[1mGenerating C++ introspection for ROS interfaces[0m
[1.197s] [  7%] [34m[1mGenerating C++ type support for eProsima Fast-RTPS[0m
[1.202s] [ 11%] [32mBuilding C object CMakeFiles/my_robot_interfaces__rosidl_generator_c.dir/rosidl_generator_c/my_robot_interfaces/msg/detail/turtle__functions.c.o[0m
[1.202s] [ 11%] [32mBuilding C object CMakeFiles/my_robot_interfaces__rosidl_generator_c.dir/rosidl_generator_c/my_robot_interfaces/msg/detail/turtle_array__functions.c.o[0m
[1.203s] [ 12%] [32mBuilding C object CMakeFiles/my_robot_interfaces__rosidl_generator_c.dir/rosidl_generator_c/my_robot_interfaces/srv/detail/catch_turtle__functions.c.o[0m
[1.204s] [ 14%] [32mBuilding C object CMakeFiles/my_robot_interfaces__rosidl_generator_c.dir/rosidl_generator_c/my_robot_interfaces/msg/detail/hardware_status__functions.c.o[0m
[1.205s] [ 15%] [32mBuilding C object CMakeFiles/my_robot_interfaces__rosidl_generator_c.dir/rosidl_generator_c/my_robot_interfaces/srv/detail/compute_rectangle_area__functions.c.o[0m
[1.250s] [ 17%] [32m[1mLinking C shared library libmy_robot_interfaces__rosidl_generator_c.so[0m
[1.279s] [ 17%] Built target my_robot_interfaces__rosidl_generator_c
[1.288s] [ 19%] [34m[1mGenerating C introspection for ROS interfaces[0m
[1.288s] [ 22%] [34m[1mGenerating C type support dispatch for ROS interfaces[0m
[1.288s] [ 22%] [34m[1mGenerating C type support for eProsima Fast-RTPS[0m
[1.392s] [ 23%] [32mBuilding CXX object CMakeFiles/my_robot_interfaces__rosidl_typesupport_cpp.dir/rosidl_typesupport_cpp/my_robot_interfaces/srv/catch_turtle__type_support.cpp.o[0m
[1.393s] [ 25%] [32mBuilding CXX object CMakeFiles/my_robot_interfaces__rosidl_typesupport_cpp.dir/rosidl_typesupport_cpp/my_robot_interfaces/msg/hardware_status__type_support.cpp.o[0m
[1.394s] [ 26%] [32mBuilding CXX object CMakeFiles/my_robot_interfaces__rosidl_typesupport_cpp.dir/rosidl_typesupport_cpp/my_robot_interfaces/msg/turtle_array__type_support.cpp.o[0m
[1.394s] [ 28%] [32mBuilding CXX object CMakeFiles/my_robot_interfaces__rosidl_typesupport_cpp.dir/rosidl_typesupport_cpp/my_robot_interfaces/msg/turtle__type_support.cpp.o[0m
[1.394s] [ 30%] [32mBuilding CXX object CMakeFiles/my_robot_interfaces__rosidl_typesupport_cpp.dir/rosidl_typesupport_cpp/my_robot_interfaces/srv/compute_rectangle_area__type_support.cpp.o[0m
[1.426s] [ 31%] [32mBuilding CXX object CMakeFiles/my_robot_interfaces__rosidl_typesupport_introspection_cpp.dir/rosidl_typesupport_introspection_cpp/my_robot_interfaces/srv/detail/catch_turtle__type_support.cpp.o[0m
[1.426s] [ 33%] [32mBuilding CXX object CMakeFiles/my_robot_interfaces__rosidl_typesupport_introspection_cpp.dir/rosidl_typesupport_introspection_cpp/my_robot_interfaces/srv/detail/compute_rectangle_area__type_support.cpp.o[0m
[1.426s] [ 34%] [32mBuilding CXX object CMakeFiles/my_robot_interfaces__rosidl_typesupport_introspection_cpp.dir/rosidl_typesupport_introspection_cpp/my_robot_interfaces/msg/detail/turtle__type_support.cpp.o[0m
[1.427s] [ 36%] [32mBuilding CXX object CMakeFiles/my_robot_interfaces__rosidl_typesupport_introspection_cpp.dir/rosidl_typesupport_introspection_cpp/my_robot_interfaces/msg/detail/hardware_status__type_support.cpp.o[0m
[1.428s] [ 38%] [32mBuilding CXX object CMakeFiles/my_robot_interfaces__rosidl_typesupport_introspection_cpp.dir/rosidl_typesupport_introspection_cpp/my_robot_interfaces/msg/detail/turtle_array__type_support.cpp.o[0m
[1.476s] [ 39%] [32mBuilding CXX object CMakeFiles/my_robot_interfaces__rosidl_typesupport_fastrtps_cpp.dir/rosidl_typesupport_fastrtps_cpp/my_robot_interfaces/msg/detail/dds_fastrtps/hardware_status__type_support.cpp.o[0m
[1.476s] [ 42%] [32mBuilding CXX object CMakeFiles/my_robot_interfaces__rosidl_typesupport_fastrtps_cpp.dir/rosidl_typesupport_fastrtps_cpp/my_robot_interfaces/srv/detail/dds_fastrtps/compute_rectangle_area__type_support.cpp.o[0m
[1.476s] [ 44%] [32mBuilding CXX object CMakeFiles/my_robot_interfaces__rosidl_typesupport_fastrtps_cpp.dir/rosidl_typesupport_fastrtps_cpp/my_robot_interfaces/srv/detail/dds_fastrtps/catch_turtle__type_support.cpp.o[0m
[1.476s] [ 44%] [32mBuilding CXX object CMakeFiles/my_robot_interfaces__rosidl_typesupport_fastrtps_cpp.dir/rosidl_typesupport_fastrtps_cpp/my_robot_interfaces/msg/detail/dds_fastrtps/turtle_array__type_support.cpp.o[0m
[1.476s] [ 46%] [32mBuilding CXX object CMakeFiles/my_robot_interfaces__rosidl_typesupport_fastrtps_cpp.dir/rosidl_typesupport_fastrtps_cpp/my_robot_interfaces/msg/detail/dds_fastrtps/turtle__type_support.cpp.o[0m
[1.717s] [ 47%] [32mBuilding CXX object CMakeFiles/my_robot_interfaces__rosidl_typesupport_c.dir/rosidl_typesupport_c/my_robot_interfaces/msg/hardware_status__type_support.cpp.o[0m
[1.718s] [ 49%] [32mBuilding CXX object CMakeFiles/my_robot_interfaces__rosidl_typesupport_c.dir/rosidl_typesupport_c/my_robot_interfaces/msg/turtle__type_support.cpp.o[0m
[1.740s] [ 50%] [32mBuilding CXX object CMakeFiles/my_robot_interfaces__rosidl_typesupport_c.dir/rosidl_typesupport_c/my_robot_interfaces/msg/turtle_array__type_support.cpp.o[0m
[1.750s] [ 52%] [32mBuilding CXX object CMakeFiles/my_robot_interfaces__rosidl_typesupport_c.dir/rosidl_typesupport_c/my_robot_interfaces/srv/compute_rectangle_area__type_support.cpp.o[0m
[1.752s] [ 53%] [32mBuilding CXX object CMakeFiles/my_robot_interfaces__rosidl_typesupport_c.dir/rosidl_typesupport_c/my_robot_interfaces/srv/catch_turtle__type_support.cpp.o[0m
[1.774s] [ 55%] [32mBuilding C object CMakeFiles/my_robot_interfaces__rosidl_typesupport_introspection_c.dir/rosidl_typesupport_introspection_c/my_robot_interfaces/msg/detail/hardware_status__type_support.c.o[0m
[1.781s] [ 57%] [32mBuilding C object CMakeFiles/my_robot_interfaces__rosidl_typesupport_introspection_c.dir/rosidl_typesupport_introspection_c/my_robot_interfaces/msg/detail/turtle__type_support.c.o[0m
[1.785s] [ 58%] [32mBuilding C object CMakeFiles/my_robot_interfaces__rosidl_typesupport_introspection_c.dir/rosidl_typesupport_introspection_c/my_robot_interfaces/srv/detail/compute_rectangle_area__type_support.c.o[0m
[1.785s] [ 60%] [32m[1mLinking CXX shared library libmy_robot_interfaces__rosidl_typesupport_cpp.so[0m
[1.785s] [ 61%] [32mBuilding C object CMakeFiles/my_robot_interfaces__rosidl_typesupport_introspection_c.dir/rosidl_typesupport_introspection_c/my_robot_interfaces/msg/detail/turtle_array__type_support.c.o[0m
[1.792s] [ 63%] [32mBuilding C object CMakeFiles/my_robot_interfaces__rosidl_typesupport_introspection_c.dir/rosidl_typesupport_introspection_c/my_robot_interfaces/srv/detail/catch_turtle__type_support.c.o[0m
[1.794s] [ 65%] [32m[1mLinking CXX shared library libmy_robot_interfaces__rosidl_typesupport_c.so[0m
[1.804s] [ 66%] [32mBuilding CXX object CMakeFiles/my_robot_interfaces__rosidl_typesupport_fastrtps_c.dir/rosidl_typesupport_fastrtps_c/my_robot_interfaces/msg/detail/hardware_status__type_support_c.cpp.o[0m
[1.806s] [ 68%] [32mBuilding CXX object CMakeFiles/my_robot_interfaces__rosidl_typesupport_fastrtps_c.dir/rosidl_typesupport_fastrtps_c/my_robot_interfaces/msg/detail/turtle_array__type_support_c.cpp.o[0m
[1.816s] [ 69%] [32mBuilding CXX object CMakeFiles/my_robot_interfaces__rosidl_typesupport_fastrtps_c.dir/rosidl_typesupport_fastrtps_c/my_robot_interfaces/msg/detail/turtle__type_support_c.cpp.o[0m
[1.827s] [ 71%] [32mBuilding CXX object CMakeFiles/my_robot_interfaces__rosidl_typesupport_fastrtps_c.dir/rosidl_typesupport_fastrtps_c/my_robot_interfaces/srv/detail/compute_rectangle_area__type_support_c.cpp.o[0m
[1.831s] [ 73%] [32mBuilding CXX object CMakeFiles/my_robot_interfaces__rosidl_typesupport_fastrtps_c.dir/rosidl_typesupport_fastrtps_c/my_robot_interfaces/srv/detail/catch_turtle__type_support_c.cpp.o[0m
[1.844s] [ 74%] [32m[1mLinking C shared library libmy_robot_interfaces__rosidl_typesupport_introspection_c.so[0m
[1.845s] [ 74%] Built target my_robot_interfaces__rosidl_typesupport_cpp
[1.878s] [ 74%] Built target my_robot_interfaces__rosidl_typesupport_c
[1.885s] [ 74%] Built target my_robot_interfaces__rosidl_typesupport_introspection_c
[2.030s] [ 76%] [32m[1mLinking CXX shared library libmy_robot_interfaces__rosidl_typesupport_fastrtps_cpp.so[0m
[2.047s] [ 77%] [32m[1mLinking CXX shared library libmy_robot_interfaces__rosidl_typesupport_introspection_cpp.so[0m
[2.109s] [ 77%] Built target my_robot_interfaces__rosidl_typesupport_introspection_cpp
[2.111s] [ 77%] Built target my_robot_interfaces__rosidl_typesupport_fastrtps_cpp
[2.211s] [ 79%] [32m[1mLinking CXX shared library libmy_robot_interfaces__rosidl_typesupport_fastrtps_c.so[0m
[2.258s] [ 79%] Built target my_robot_interfaces__rosidl_typesupport_fastrtps_c
[2.273s] [ 79%] Built target my_robot_interfaces
[2.287s] [ 80%] [34m[1mGenerating Python code for ROS interfaces[0m
[2.667s] [ 80%] Built target my_robot_interfaces__py
[2.681s] [ 82%] [32mBuilding C object CMakeFiles/my_robot_interfaces__rosidl_generator_py.dir/rosidl_generator_py/my_robot_interfaces/msg/_turtle_array_s.c.o[0m
[2.682s] [ 84%] [32mBuilding C object CMakeFiles/my_robot_interfaces__rosidl_generator_py.dir/rosidl_generator_py/my_robot_interfaces/msg/_hardware_status_s.c.o[0m
[2.683s] [ 85%] [32mBuilding C object CMakeFiles/my_robot_interfaces__rosidl_generator_py.dir/rosidl_generator_py/my_robot_interfaces/srv/_catch_turtle_s.c.o[0m
[2.683s] [ 87%] [32mBuilding C object CMakeFiles/my_robot_interfaces__rosidl_generator_py.dir/rosidl_generator_py/my_robot_interfaces/msg/_turtle_s.c.o[0m
[2.683s] [ 88%] [32mBuilding C object CMakeFiles/my_robot_interfaces__rosidl_generator_py.dir/rosidl_generator_py/my_robot_interfaces/srv/_compute_rectangle_area_s.c.o[0m
[2.749s] [ 90%] [32m[1mLinking C shared library rosidl_generator_py/my_robot_interfaces/libmy_robot_interfaces__rosidl_generator_py.so[0m
[2.774s] [ 90%] Built target my_robot_interfaces__rosidl_generator_py
[2.788s] [ 92%] [32mBuilding C object CMakeFiles/my_robot_interfaces__rosidl_typesupport_introspection_c__pyext.dir/rosidl_generator_py/my_robot_interfaces/_my_robot_interfaces_s.ep.rosidl_typesupport_introspection_c.c.o[0m
[2.789s] [ 93%] [32mBuilding C object CMakeFiles/my_robot_interfaces__rosidl_typesupport_fastrtps_c__pyext.dir/rosidl_generator_py/my_robot_interfaces/_my_robot_interfaces_s.ep.rosidl_typesupport_fastrtps_c.c.o[0m
[2.789s] [ 95%] [32mBuilding C object CMakeFiles/my_robot_interfaces__rosidl_typesupport_c__pyext.dir/rosidl_generator_py/my_robot_interfaces/_my_robot_interfaces_s.ep.rosidl_typesupport_c.c.o[0m
[2.851s] [ 96%] [32m[1mLinking C shared library rosidl_generator_py/my_robot_interfaces/my_robot_interfaces_s__rosidl_typesupport_c.cpython-310-x86_64-linux-gnu.so[0m
[2.853s] [ 98%] [32m[1mLinking C shared library rosidl_generator_py/my_robot_interfaces/my_robot_interfaces_s__rosidl_typesupport_introspection_c.cpython-310-x86_64-linux-gnu.so[0m
[2.855s] [100%] [32m[1mLinking C shared library rosidl_generator_py/my_robot_interfaces/my_robot_interfaces_s__rosidl_typesupport_fastrtps_c.cpython-310-x86_64-linux-gnu.so[0m
[2.874s] [100%] Built target my_robot_interfaces__rosidl_typesupport_c__pyext
[2.875s] [100%] Built target my_robot_interfaces__rosidl_typesupport_fastrtps_c__pyext
[2.878s] [100%] Built target my_robot_interfaces__rosidl_typesupport_introspection_c__pyext
[2.886s] Invoked command in '/home/ros-laptop1/Desktop/turtlebotrhodes_ws/build/my_robot_interfaces' returned '0': CMAKE_PREFIX_PATH=${CMAKE_PREFIX_PATH}:/home/ros-laptop1/Desktop/turtlebotrhodes_ws/install/turtlesim_catch_them_all:/home/ros-laptop1/Desktop/turtlebotrhodes_ws/install/my_py_pkg:/opt/ros/humble /usr/bin/cmake --build /home/ros-laptop1/Desktop/turtlebotrhodes_ws/build/my_robot_interfaces -- -j20 -l20
[2.892s] Invoking command in '/home/ros-laptop1/Desktop/turtlebotrhodes_ws/build/my_robot_interfaces': CMAKE_PREFIX_PATH=${CMAKE_PREFIX_PATH}:/home/ros-laptop1/Desktop/turtlebotrhodes_ws/install/turtlesim_catch_them_all:/home/ros-laptop1/Desktop/turtlebotrhodes_ws/install/my_py_pkg:/opt/ros/humble /usr/bin/cmake --install /home/ros-laptop1/Desktop/turtlebotrhodes_ws/build/my_robot_interfaces
[2.896s] -- Install configuration: ""
[2.896s] -- Installing: /home/ros-laptop1/Desktop/turtlebotrhodes_ws/install/my_robot_interfaces/share/ament_index/resource_index/rosidl_interfaces/my_robot_interfaces
[2.896s] -- Installing: /home/ros-laptop1/Desktop/turtlebotrhodes_ws/install/my_robot_interfaces/include/my_robot_interfaces/my_robot_interfaces
[2.896s] -- Installing: /home/ros-laptop1/Desktop/turtlebotrhodes_ws/install/my_robot_interfaces/include/my_robot_interfaces/my_robot_interfaces/msg
[2.896s] -- Installing: /home/ros-laptop1/Desktop/turtlebotrhodes_ws/install/my_robot_interfaces/include/my_robot_interfaces/my_robot_interfaces/msg/hardware_status.h
[2.896s] -- Installing: /home/ros-laptop1/Desktop/turtlebotrhodes_ws/install/my_robot_interfaces/include/my_robot_interfaces/my_robot_interfaces/msg/rosidl_generator_c__visibility_control.h
[2.896s] -- Installing: /home/ros-laptop1/Desktop/turtlebotrhodes_ws/install/my_robot_interfaces/include/my_robot_interfaces/my_robot_interfaces/msg/detail
[2.896s] -- Installing: /home/ros-laptop1/Desktop/turtlebotrhodes_ws/install/my_robot_interfaces/include/my_robot_interfaces/my_robot_interfaces/msg/detail/turtle__functions.h
[2.896s] -- Installing: /home/ros-laptop1/Desktop/turtlebotrhodes_ws/install/my_robot_interfaces/include/my_robot_interfaces/my_robot_interfaces/msg/detail/hardware_status__type_support.h
[2.896s] -- Installing: /home/ros-laptop1/Desktop/turtlebotrhodes_ws/install/my_robot_interfaces/include/my_robot_interfaces/my_robot_interfaces/msg/detail/turtle_array__functions.c
[2.897s] -- Installing: /home/ros-laptop1/Desktop/turtlebotrhodes_ws/install/my_robot_interfaces/include/my_robot_interfaces/my_robot_interfaces/msg/detail/turtle_array__struct.h
[2.897s] -- Installing: /home/ros-laptop1/Desktop/turtlebotrhodes_ws/install/my_robot_interfaces/include/my_robot_interfaces/my_robot_interfaces/msg/detail/hardware_status__functions.c
[2.897s] -- Installing: /home/ros-laptop1/Desktop/turtlebotrhodes_ws/install/my_robot_interfaces/include/my_robot_interfaces/my_robot_interfaces/msg/detail/turtle_array__type_support.h
[2.897s] -- Installing: /home/ros-laptop1/Desktop/turtlebotrhodes_ws/install/my_robot_interfaces/include/my_robot_interfaces/my_robot_interfaces/msg/detail/turtle__functions.c
[2.897s] -- Installing: /home/ros-laptop1/Desktop/turtlebotrhodes_ws/install/my_robot_interfaces/include/my_robot_interfaces/my_robot_interfaces/msg/detail/turtle_array__functions.h
[2.897s] -- Installing: /home/ros-laptop1/Desktop/turtlebotrhodes_ws/install/my_robot_interfaces/include/my_robot_interfaces/my_robot_interfaces/msg/detail/turtle__struct.h
[2.897s] -- Installing: /home/ros-laptop1/Desktop/turtlebotrhodes_ws/install/my_robot_interfaces/include/my_robot_interfaces/my_robot_interfaces/msg/detail/hardware_status__struct.h
[2.897s] -- Installing: /home/ros-laptop1/Desktop/turtlebotrhodes_ws/install/my_robot_interfaces/include/my_robot_interfaces/my_robot_interfaces/msg/detail/turtle__type_support.h
[2.897s] -- Installing: /home/ros-laptop1/Desktop/turtlebotrhodes_ws/install/my_robot_interfaces/include/my_robot_interfaces/my_robot_interfaces/msg/detail/hardware_status__functions.h
[2.897s] -- Installing: /home/ros-laptop1/Desktop/turtlebotrhodes_ws/install/my_robot_interfaces/include/my_robot_interfaces/my_robot_interfaces/msg/turtle_array.h
[2.897s] -- Installing: /home/ros-laptop1/Desktop/turtlebotrhodes_ws/install/my_robot_interfaces/include/my_robot_interfaces/my_robot_interfaces/msg/turtle.h
[2.897s] -- Installing: /home/ros-laptop1/Desktop/turtlebotrhodes_ws/install/my_robot_interfaces/include/my_robot_interfaces/my_robot_interfaces/srv
[2.897s] -- Installing: /home/ros-laptop1/Desktop/turtlebotrhodes_ws/install/my_robot_interfaces/include/my_robot_interfaces/my_robot_interfaces/srv/catch_turtle.h
[2.897s] -- Installing: /home/ros-laptop1/Desktop/turtlebotrhodes_ws/install/my_robot_interfaces/include/my_robot_interfaces/my_robot_interfaces/srv/detail
[2.897s] -- Installing: /home/ros-laptop1/Desktop/turtlebotrhodes_ws/install/my_robot_interfaces/include/my_robot_interfaces/my_robot_interfaces/srv/detail/catch_turtle__type_support.h
[2.897s] -- Installing: /home/ros-laptop1/Desktop/turtlebotrhodes_ws/install/my_robot_interfaces/include/my_robot_interfaces/my_robot_interfaces/srv/detail/catch_turtle__functions.h
[2.897s] -- Installing: /home/ros-laptop1/Desktop/turtlebotrhodes_ws/install/my_robot_interfaces/include/my_robot_interfaces/my_robot_interfaces/srv/detail/compute_rectangle_area__struct.h
[2.898s] -- Installing: /home/ros-laptop1/Desktop/turtlebotrhodes_ws/install/my_robot_interfaces/include/my_robot_interfaces/my_robot_interfaces/srv/detail/catch_turtle__struct.h
[2.898s] -- Installing: /home/ros-laptop1/Desktop/turtlebotrhodes_ws/install/my_robot_interfaces/include/my_robot_interfaces/my_robot_interfaces/srv/detail/compute_rectangle_area__functions.h
[2.898s] -- Installing: /home/ros-laptop1/Desktop/turtlebotrhodes_ws/install/my_robot_interfaces/include/my_robot_interfaces/my_robot_interfaces/srv/detail/compute_rectangle_area__functions.c
[2.898s] -- Installing: /home/ros-laptop1/Desktop/turtlebotrhodes_ws/install/my_robot_interfaces/include/my_robot_interfaces/my_robot_interfaces/srv/detail/catch_turtle__functions.c
[2.898s] -- Installing: /home/ros-laptop1/Desktop/turtlebotrhodes_ws/install/my_robot_interfaces/include/my_robot_interfaces/my_robot_interfaces/srv/detail/compute_rectangle_area__type_support.h
[2.898s] -- Installing: /home/ros-laptop1/Desktop/turtlebotrhodes_ws/install/my_robot_interfaces/include/my_robot_interfaces/my_robot_interfaces/srv/compute_rectangle_area.h
[2.898s] -- Installing: /home/ros-laptop1/Desktop/turtlebotrhodes_ws/install/my_robot_interfaces/share/my_robot_interfaces/environment/library_path.sh
[2.898s] -- Installing: /home/ros-laptop1/Desktop/turtlebotrhodes_ws/install/my_robot_interfaces/share/my_robot_interfaces/environment/library_path.dsv
[2.898s] -- Installing: /home/ros-laptop1/Desktop/turtlebotrhodes_ws/install/my_robot_interfaces/lib/libmy_robot_interfaces__rosidl_generator_c.so
[2.898s] -- Set runtime path of "/home/ros-laptop1/Desktop/turtlebotrhodes_ws/install/my_robot_interfaces/lib/libmy_robot_interfaces__rosidl_generator_c.so" to ""
[2.898s] -- Up-to-date: /home/ros-laptop1/Desktop/turtlebotrhodes_ws/install/my_robot_interfaces/include/my_robot_interfaces/my_robot_interfaces
[2.898s] -- Up-to-date: /home/ros-laptop1/Desktop/turtlebotrhodes_ws/install/my_robot_interfaces/include/my_robot_interfaces/my_robot_interfaces/msg
[2.898s] -- Up-to-date: /home/ros-laptop1/Desktop/turtlebotrhodes_ws/install/my_robot_interfaces/include/my_robot_interfaces/my_robot_interfaces/msg/detail
[2.898s] -- Installing: /home/ros-laptop1/Desktop/turtlebotrhodes_ws/install/my_robot_interfaces/include/my_robot_interfaces/my_robot_interfaces/msg/detail/turtle_array__rosidl_typesupport_fastrtps_c.h
[2.898s] -- Installing: /home/ros-laptop1/Desktop/turtlebotrhodes_ws/install/my_robot_interfaces/include/my_robot_interfaces/my_robot_interfaces/msg/detail/turtle__rosidl_typesupport_fastrtps_c.h
[2.899s] -- Installing: /home/ros-laptop1/Desktop/turtlebotrhodes_ws/install/my_robot_interfaces/include/my_robot_interfaces/my_robot_interfaces/msg/detail/hardware_status__rosidl_typesupport_fastrtps_c.h
[2.899s] -- Installing: /home/ros-laptop1/Desktop/turtlebotrhodes_ws/install/my_robot_interfaces/include/my_robot_interfaces/my_robot_interfaces/msg/rosidl_typesupport_fastrtps_c__visibility_control.h
[2.899s] -- Up-to-date: /home/ros-laptop1/Desktop/turtlebotrhodes_ws/install/my_robot_interfaces/include/my_robot_interfaces/my_robot_interfaces/srv
[2.899s] -- Up-to-date: /home/ros-laptop1/Desktop/turtlebotrhodes_ws/install/my_robot_interfaces/include/my_robot_interfaces/my_robot_interfaces/srv/detail
[2.899s] -- Installing: /home/ros-laptop1/Desktop/turtlebotrhodes_ws/install/my_robot_interfaces/include/my_robot_interfaces/my_robot_interfaces/srv/detail/catch_turtle__rosidl_typesupport_fastrtps_c.h
[2.899s] -- Installing: /home/ros-laptop1/Desktop/turtlebotrhodes_ws/install/my_robot_interfaces/include/my_robot_interfaces/my_robot_interfaces/srv/detail/compute_rectangle_area__rosidl_typesupport_fastrtps_c.h
[2.899s] -- Installing: /home/ros-laptop1/Desktop/turtlebotrhodes_ws/install/my_robot_interfaces/lib/libmy_robot_interfaces__rosidl_typesupport_fastrtps_c.so
[2.899s] -- Set runtime path of "/home/ros-laptop1/Desktop/turtlebotrhodes_ws/install/my_robot_interfaces/lib/libmy_robot_interfaces__rosidl_typesupport_fastrtps_c.so" to ""
[2.899s] -- Up-to-date: /home/ros-laptop1/Desktop/turtlebotrhodes_ws/install/my_robot_interfaces/include/my_robot_interfaces/my_robot_interfaces
[2.899s] -- Up-to-date: /home/ros-laptop1/Desktop/turtlebotrhodes_ws/install/my_robot_interfaces/include/my_robot_interfaces/my_robot_interfaces/msg
[2.899s] -- Installing: /home/ros-laptop1/Desktop/turtlebotrhodes_ws/install/my_robot_interfaces/include/my_robot_interfaces/my_robot_interfaces/msg/rosidl_typesupport_introspection_c__visibility_control.h
[2.899s] -- Up-to-date: /home/ros-laptop1/Desktop/turtlebotrhodes_ws/install/my_robot_interfaces/include/my_robot_interfaces/my_robot_interfaces/msg/detail
[2.899s] -- Installing: /home/ros-laptop1/Desktop/turtlebotrhodes_ws/install/my_robot_interfaces/include/my_robot_interfaces/my_robot_interfaces/msg/detail/hardware_status__type_support.c
[2.899s] -- Installing: /home/ros-laptop1/Desktop/turtlebotrhodes_ws/install/my_robot_interfaces/include/my_robot_interfaces/my_robot_interfaces/msg/detail/turtle_array__rosidl_typesupport_introspection_c.h
[2.899s] -- Installing: /home/ros-laptop1/Desktop/turtlebotrhodes_ws/install/my_robot_interfaces/include/my_robot_interfaces/my_robot_interfaces/msg/detail/turtle__type_support.c
[2.899s] -- Installing: /home/ros-laptop1/Desktop/turtlebotrhodes_ws/install/my_robot_interfaces/include/my_robot_interfaces/my_robot_interfaces/msg/detail/turtle_array__type_support.c
[2.899s] -- Installing: /home/ros-laptop1/Desktop/turtlebotrhodes_ws/install/my_robot_interfaces/include/my_robot_interfaces/my_robot_interfaces/msg/detail/hardware_status__rosidl_typesupport_introspection_c.h
[2.900s] -- Installing: /home/ros-laptop1/Desktop/turtlebotrhodes_ws/install/my_robot_interfaces/include/my_robot_interfaces/my_robot_interfaces/msg/detail/turtle__rosidl_typesupport_introspection_c.h
[2.900s] -- Up-to-date: /home/ros-laptop1/Desktop/turtlebotrhodes_ws/install/my_robot_interfaces/include/my_robot_interfaces/my_robot_interfaces/srv
[2.900s] -- Up-to-date: /home/ros-laptop1/Desktop/turtlebotrhodes_ws/install/my_robot_interfaces/include/my_robot_interfaces/my_robot_interfaces/srv/detail
[2.900s] -- Installing: /home/ros-laptop1/Desktop/turtlebotrhodes_ws/install/my_robot_interfaces/include/my_robot_interfaces/my_robot_interfaces/srv/detail/catch_turtle__rosidl_typesupport_introspection_c.h
[2.900s] -- Installing: /home/ros-laptop1/Desktop/turtlebotrhodes_ws/install/my_robot_interfaces/include/my_robot_interfaces/my_robot_interfaces/srv/detail/compute_rectangle_area__type_support.c
[2.900s] -- Installing: /home/ros-laptop1/Desktop/turtlebotrhodes_ws/install/my_robot_interfaces/include/my_robot_interfaces/my_robot_interfaces/srv/detail/compute_rectangle_area__rosidl_typesupport_introspection_c.h
[2.900s] -- Installing: /home/ros-laptop1/Desktop/turtlebotrhodes_ws/install/my_robot_interfaces/include/my_robot_interfaces/my_robot_interfaces/srv/detail/catch_turtle__type_support.c
[2.900s] -- Installing: /home/ros-laptop1/Desktop/turtlebotrhodes_ws/install/my_robot_interfaces/lib/libmy_robot_interfaces__rosidl_typesupport_introspection_c.so
[2.900s] -- Set runtime path of "/home/ros-laptop1/Desktop/turtlebotrhodes_ws/install/my_robot_interfaces/lib/libmy_robot_interfaces__rosidl_typesupport_introspection_c.so" to ""
[2.900s] -- Installing: /home/ros-laptop1/Desktop/turtlebotrhodes_ws/install/my_robot_interfaces/lib/libmy_robot_interfaces__rosidl_typesupport_c.so
[2.900s] -- Set runtime path of "/home/ros-laptop1/Desktop/turtlebotrhodes_ws/install/my_robot_interfaces/lib/libmy_robot_interfaces__rosidl_typesupport_c.so" to ""
[2.900s] -- Up-to-date: /home/ros-laptop1/Desktop/turtlebotrhodes_ws/install/my_robot_interfaces/include/my_robot_interfaces/my_robot_interfaces
[2.900s] -- Up-to-date: /home/ros-laptop1/Desktop/turtlebotrhodes_ws/install/my_robot_interfaces/include/my_robot_interfaces/my_robot_interfaces/msg
[2.900s] -- Installing: /home/ros-laptop1/Desktop/turtlebotrhodes_ws/install/my_robot_interfaces/include/my_robot_interfaces/my_robot_interfaces/msg/hardware_status.hpp
[2.900s] -- Installing: /home/ros-laptop1/Desktop/turtlebotrhodes_ws/install/my_robot_interfaces/include/my_robot_interfaces/my_robot_interfaces/msg/turtle.hpp
[2.900s] -- Up-to-date: /home/ros-laptop1/Desktop/turtlebotrhodes_ws/install/my_robot_interfaces/include/my_robot_interfaces/my_robot_interfaces/msg/detail
[2.901s] -- Installing: /home/ros-laptop1/Desktop/turtlebotrhodes_ws/install/my_robot_interfaces/include/my_robot_interfaces/my_robot_interfaces/msg/detail/hardware_status__type_support.hpp
[2.901s] -- Installing: /home/ros-laptop1/Desktop/turtlebotrhodes_ws/install/my_robot_interfaces/include/my_robot_interfaces/my_robot_interfaces/msg/detail/hardware_status__traits.hpp
[2.901s] -- Installing: /home/ros-laptop1/Desktop/turtlebotrhodes_ws/install/my_robot_interfaces/include/my_robot_interfaces/my_robot_interfaces/msg/detail/turtle__builder.hpp
[2.901s] -- Installing: /home/ros-laptop1/Desktop/turtlebotrhodes_ws/install/my_robot_interfaces/include/my_robot_interfaces/my_robot_interfaces/msg/detail/turtle__traits.hpp
[2.901s] -- Installing: /home/ros-laptop1/Desktop/turtlebotrhodes_ws/install/my_robot_interfaces/include/my_robot_interfaces/my_robot_interfaces/msg/detail/turtle_array__traits.hpp
[2.901s] -- Installing: /home/ros-laptop1/Desktop/turtlebotrhodes_ws/install/my_robot_interfaces/include/my_robot_interfaces/my_robot_interfaces/msg/detail/turtle_array__builder.hpp
[2.901s] -- Installing: /home/ros-laptop1/Desktop/turtlebotrhodes_ws/install/my_robot_interfaces/include/my_robot_interfaces/my_robot_interfaces/msg/detail/hardware_status__builder.hpp
[2.901s] -- Installing: /home/ros-laptop1/Desktop/turtlebotrhodes_ws/install/my_robot_interfaces/include/my_robot_interfaces/my_robot_interfaces/msg/detail/turtle__type_support.hpp
[2.901s] -- Installing: /home/ros-laptop1/Desktop/turtlebotrhodes_ws/install/my_robot_interfaces/include/my_robot_interfaces/my_robot_interfaces/msg/detail/turtle_array__struct.hpp
[2.901s] -- Installing: /home/ros-laptop1/Desktop/turtlebotrhodes_ws/install/my_robot_interfaces/include/my_robot_interfaces/my_robot_interfaces/msg/detail/hardware_status__struct.hpp
[2.901s] -- Installing: /home/ros-laptop1/Desktop/turtlebotrhodes_ws/install/my_robot_interfaces/include/my_robot_interfaces/my_robot_interfaces/msg/detail/turtle_array__type_support.hpp
[2.901s] -- Installing: /home/ros-laptop1/Desktop/turtlebotrhodes_ws/install/my_robot_interfaces/include/my_robot_interfaces/my_robot_interfaces/msg/detail/turtle__struct.hpp
[2.901s] -- Installing: /home/ros-laptop1/Desktop/turtlebotrhodes_ws/install/my_robot_interfaces/include/my_robot_interfaces/my_robot_interfaces/msg/turtle_array.hpp
[2.901s] -- Installing: /home/ros-laptop1/Desktop/turtlebotrhodes_ws/install/my_robot_interfaces/include/my_robot_interfaces/my_robot_interfaces/msg/rosidl_generator_cpp__visibility_control.hpp
[2.901s] -- Up-to-date: /home/ros-laptop1/Desktop/turtlebotrhodes_ws/install/my_robot_interfaces/include/my_robot_interfaces/my_robot_interfaces/srv
[2.901s] -- Up-to-date: /home/ros-laptop1/Desktop/turtlebotrhodes_ws/install/my_robot_interfaces/include/my_robot_interfaces/my_robot_interfaces/srv/detail
[2.902s] -- Installing: /home/ros-laptop1/Desktop/turtlebotrhodes_ws/install/my_robot_interfaces/include/my_robot_interfaces/my_robot_interfaces/srv/detail/compute_rectangle_area__traits.hpp
[2.902s] -- Installing: /home/ros-laptop1/Desktop/turtlebotrhodes_ws/install/my_robot_interfaces/include/my_robot_interfaces/my_robot_interfaces/srv/detail/catch_turtle__builder.hpp
[2.902s] -- Installing: /home/ros-laptop1/Desktop/turtlebotrhodes_ws/install/my_robot_interfaces/include/my_robot_interfaces/my_robot_interfaces/srv/detail/catch_turtle__traits.hpp
[2.902s] -- Installing: /home/ros-laptop1/Desktop/turtlebotrhodes_ws/install/my_robot_interfaces/include/my_robot_interfaces/my_robot_interfaces/srv/detail/compute_rectangle_area__builder.hpp
[2.902s] -- Installing: /home/ros-laptop1/Desktop/turtlebotrhodes_ws/install/my_robot_interfaces/include/my_robot_interfaces/my_robot_interfaces/srv/detail/catch_turtle__type_support.hpp
[2.902s] -- Installing: /home/ros-laptop1/Desktop/turtlebotrhodes_ws/install/my_robot_interfaces/include/my_robot_interfaces/my_robot_interfaces/srv/detail/compute_rectangle_area__type_support.hpp
[2.902s] -- Installing: /home/ros-laptop1/Desktop/turtlebotrhodes_ws/install/my_robot_interfaces/include/my_robot_interfaces/my_robot_interfaces/srv/detail/catch_turtle__struct.hpp
[2.902s] -- Installing: /home/ros-laptop1/Desktop/turtlebotrhodes_ws/install/my_robot_interfaces/include/my_robot_interfaces/my_robot_interfaces/srv/detail/compute_rectangle_area__struct.hpp
[2.902s] -- Installing: /home/ros-laptop1/Desktop/turtlebotrhodes_ws/install/my_robot_interfaces/include/my_robot_interfaces/my_robot_interfaces/srv/catch_turtle.hpp
[2.902s] -- Installing: /home/ros-laptop1/Desktop/turtlebotrhodes_ws/install/my_robot_interfaces/include/my_robot_interfaces/my_robot_interfaces/srv/compute_rectangle_area.hpp
[2.902s] -- Up-to-date: /home/ros-laptop1/Desktop/turtlebotrhodes_ws/install/my_robot_interfaces/include/my_robot_interfaces/my_robot_interfaces
[2.902s] -- Up-to-date: /home/ros-laptop1/Desktop/turtlebotrhodes_ws/install/my_robot_interfaces/include/my_robot_interfaces/my_robot_interfaces/msg
[2.902s] -- Up-to-date: /home/ros-laptop1/Desktop/turtlebotrhodes_ws/install/my_robot_interfaces/include/my_robot_interfaces/my_robot_interfaces/msg/detail
[2.902s] -- Installing: /home/ros-laptop1/Desktop/turtlebotrhodes_ws/install/my_robot_interfaces/include/my_robot_interfaces/my_robot_interfaces/msg/detail/hardware_status__rosidl_typesupport_fastrtps_cpp.hpp
[2.902s] -- Installing: /home/ros-laptop1/Desktop/turtlebotrhodes_ws/install/my_robot_interfaces/include/my_robot_interfaces/my_robot_interfaces/msg/detail/turtle__rosidl_typesupport_fastrtps_cpp.hpp
[2.902s] -- Installing: /home/ros-laptop1/Desktop/turtlebotrhodes_ws/install/my_robot_interfaces/include/my_robot_interfaces/my_robot_interfaces/msg/detail/turtle_array__rosidl_typesupport_fastrtps_cpp.hpp
[2.902s] -- Installing: /home/ros-laptop1/Desktop/turtlebotrhodes_ws/install/my_robot_interfaces/include/my_robot_interfaces/my_robot_interfaces/msg/detail/dds_fastrtps
[2.902s] -- Installing: /home/ros-laptop1/Desktop/turtlebotrhodes_ws/install/my_robot_interfaces/include/my_robot_interfaces/my_robot_interfaces/msg/rosidl_typesupport_fastrtps_cpp__visibility_control.h
[2.902s] -- Up-to-date: /home/ros-laptop1/Desktop/turtlebotrhodes_ws/install/my_robot_interfaces/include/my_robot_interfaces/my_robot_interfaces/srv
[2.902s] -- Up-to-date: /home/ros-laptop1/Desktop/turtlebotrhodes_ws/install/my_robot_interfaces/include/my_robot_interfaces/my_robot_interfaces/srv/detail
[2.902s] -- Installing: /home/ros-laptop1/Desktop/turtlebotrhodes_ws/install/my_robot_interfaces/include/my_robot_interfaces/my_robot_interfaces/srv/detail/compute_rectangle_area__rosidl_typesupport_fastrtps_cpp.hpp
[2.902s] -- Installing: /home/ros-laptop1/Desktop/turtlebotrhodes_ws/install/my_robot_interfaces/include/my_robot_interfaces/my_robot_interfaces/srv/detail/dds_fastrtps
[2.902s] -- Installing: /home/ros-laptop1/Desktop/turtlebotrhodes_ws/install/my_robot_interfaces/include/my_robot_interfaces/my_robot_interfaces/srv/detail/catch_turtle__rosidl_typesupport_fastrtps_cpp.hpp
[2.902s] -- Installing: /home/ros-laptop1/Desktop/turtlebotrhodes_ws/install/my_robot_interfaces/lib/libmy_robot_interfaces__rosidl_typesupport_fastrtps_cpp.so
[2.902s] -- Set runtime path of "/home/ros-laptop1/Desktop/turtlebotrhodes_ws/install/my_robot_interfaces/lib/libmy_robot_interfaces__rosidl_typesupport_fastrtps_cpp.so" to ""
[2.902s] -- Up-to-date: /home/ros-laptop1/Desktop/turtlebotrhodes_ws/install/my_robot_interfaces/include/my_robot_interfaces/my_robot_interfaces
[2.902s] -- Up-to-date: /home/ros-laptop1/Desktop/turtlebotrhodes_ws/install/my_robot_interfaces/include/my_robot_interfaces/my_robot_interfaces/msg
[2.902s] -- Up-to-date: /home/ros-laptop1/Desktop/turtlebotrhodes_ws/install/my_robot_interfaces/include/my_robot_interfaces/my_robot_interfaces/msg/detail
[2.902s] -- Installing: /home/ros-laptop1/Desktop/turtlebotrhodes_ws/install/my_robot_interfaces/include/my_robot_interfaces/my_robot_interfaces/msg/detail/turtle_array__rosidl_typesupport_introspection_cpp.hpp
[2.902s] -- Installing: /home/ros-laptop1/Desktop/turtlebotrhodes_ws/install/my_robot_interfaces/include/my_robot_interfaces/my_robot_interfaces/msg/detail/turtle__type_support.cpp
[2.902s] -- Installing: /home/ros-laptop1/Desktop/turtlebotrhodes_ws/install/my_robot_interfaces/include/my_robot_interfaces/my_robot_interfaces/msg/detail/turtle__rosidl_typesupport_introspection_cpp.hpp
[2.902s] -- Installing: /home/ros-laptop1/Desktop/turtlebotrhodes_ws/install/my_robot_interfaces/include/my_robot_interfaces/my_robot_interfaces/msg/detail/turtle_array__type_support.cpp
[2.902s] -- Installing: /home/ros-laptop1/Desktop/turtlebotrhodes_ws/install/my_robot_interfaces/include/my_robot_interfaces/my_robot_interfaces/msg/detail/hardware_status__rosidl_typesupport_introspection_cpp.hpp
[2.902s] -- Installing: /home/ros-laptop1/Desktop/turtlebotrhodes_ws/install/my_robot_interfaces/include/my_robot_interfaces/my_robot_interfaces/msg/detail/hardware_status__type_support.cpp
[2.902s] -- Up-to-date: /home/ros-laptop1/Desktop/turtlebotrhodes_ws/install/my_robot_interfaces/include/my_robot_interfaces/my_robot_interfaces/srv
[2.902s] -- Up-to-date: /home/ros-laptop1/Desktop/turtlebotrhodes_ws/install/my_robot_interfaces/include/my_robot_interfaces/my_robot_interfaces/srv/detail
[2.902s] -- Installing: /home/ros-laptop1/Desktop/turtlebotrhodes_ws/install/my_robot_interfaces/include/my_robot_interfaces/my_robot_interfaces/srv/detail/catch_turtle__type_support.cpp
[2.902s] -- Installing: /home/ros-laptop1/Desktop/turtlebotrhodes_ws/install/my_robot_interfaces/include/my_robot_interfaces/my_robot_interfaces/srv/detail/catch_turtle__rosidl_typesupport_introspection_cpp.hpp
[2.903s] -- Installing: /home/ros-laptop1/Desktop/turtlebotrhodes_ws/install/my_robot_interfaces/include/my_robot_interfaces/my_robot_interfaces/srv/detail/compute_rectangle_area__rosidl_typesupport_introspection_cpp.hpp
[2.903s] -- Installing: /home/ros-laptop1/Desktop/turtlebotrhodes_ws/install/my_robot_interfaces/include/my_robot_interfaces/my_robot_interfaces/srv/detail/compute_rectangle_area__type_support.cpp
[2.903s] -- Installing: /home/ros-laptop1/Desktop/turtlebotrhodes_ws/install/my_robot_interfaces/lib/libmy_robot_interfaces__rosidl_typesupport_introspection_cpp.so
[2.903s] -- Set runtime path of "/home/ros-laptop1/Desktop/turtlebotrhodes_ws/install/my_robot_interfaces/lib/libmy_robot_interfaces__rosidl_typesupport_introspection_cpp.so" to ""
[2.903s] -- Installing: /home/ros-laptop1/Desktop/turtlebotrhodes_ws/install/my_robot_interfaces/lib/libmy_robot_interfaces__rosidl_typesupport_cpp.so
[2.903s] -- Set runtime path of "/home/ros-laptop1/Desktop/turtlebotrhodes_ws/install/my_robot_interfaces/lib/libmy_robot_interfaces__rosidl_typesupport_cpp.so" to ""
[2.903s] -- Installing: /home/ros-laptop1/Desktop/turtlebotrhodes_ws/install/my_robot_interfaces/share/my_robot_interfaces/environment/pythonpath.sh
[2.903s] -- Installing: /home/ros-laptop1/Desktop/turtlebotrhodes_ws/install/my_robot_interfaces/share/my_robot_interfaces/environment/pythonpath.dsv
[2.903s] -- Installing: /home/ros-laptop1/Desktop/turtlebotrhodes_ws/install/my_robot_interfaces/local/lib/python3.10/dist-packages/my_robot_interfaces-0.0.0-py3.10.egg-info
[2.903s] -- Installing: /home/ros-laptop1/Desktop/turtlebotrhodes_ws/install/my_robot_interfaces/local/lib/python3.10/dist-packages/my_robot_interfaces-0.0.0-py3.10.egg-info/top_level.txt
[2.903s] -- Installing: /home/ros-laptop1/Desktop/turtlebotrhodes_ws/install/my_robot_interfaces/local/lib/python3.10/dist-packages/my_robot_interfaces-0.0.0-py3.10.egg-info/dependency_links.txt
[2.903s] -- Installing: /home/ros-laptop1/Desktop/turtlebotrhodes_ws/install/my_robot_interfaces/local/lib/python3.10/dist-packages/my_robot_interfaces-0.0.0-py3.10.egg-info/SOURCES.txt
[2.903s] -- Installing: /home/ros-laptop1/Desktop/turtlebotrhodes_ws/install/my_robot_interfaces/local/lib/python3.10/dist-packages/my_robot_interfaces-0.0.0-py3.10.egg-info/PKG-INFO
[2.903s] -- Installing: /home/ros-laptop1/Desktop/turtlebotrhodes_ws/install/my_robot_interfaces/local/lib/python3.10/dist-packages/my_robot_interfaces
[2.903s] -- Installing: /home/ros-laptop1/Desktop/turtlebotrhodes_ws/install/my_robot_interfaces/local/lib/python3.10/dist-packages/my_robot_interfaces/my_robot_interfaces_s__rosidl_typesupport_fastrtps_c.cpython-310-x86_64-linux-gnu.so
[2.903s] -- Installing: /home/ros-laptop1/Desktop/turtlebotrhodes_ws/install/my_robot_interfaces/local/lib/python3.10/dist-packages/my_robot_interfaces/msg
[2.903s] -- Installing: /home/ros-laptop1/Desktop/turtlebotrhodes_ws/install/my_robot_interfaces/local/lib/python3.10/dist-packages/my_robot_interfaces/msg/_hardware_status_s.c
[2.903s] -- Installing: /home/ros-laptop1/Desktop/turtlebotrhodes_ws/install/my_robot_interfaces/local/lib/python3.10/dist-packages/my_robot_interfaces/msg/_turtle.py
[2.903s] -- Installing: /home/ros-laptop1/Desktop/turtlebotrhodes_ws/install/my_robot_interfaces/local/lib/python3.10/dist-packages/my_robot_interfaces/msg/_hardware_status.py
[2.903s] -- Installing: /home/ros-laptop1/Desktop/turtlebotrhodes_ws/install/my_robot_interfaces/local/lib/python3.10/dist-packages/my_robot_interfaces/msg/_turtle_array_s.c
[2.903s] -- Installing: /home/ros-laptop1/Desktop/turtlebotrhodes_ws/install/my_robot_interfaces/local/lib/python3.10/dist-packages/my_robot_interfaces/msg/__init__.py
[2.903s] -- Installing: /home/ros-laptop1/Desktop/turtlebotrhodes_ws/install/my_robot_interfaces/local/lib/python3.10/dist-packages/my_robot_interfaces/msg/_turtle_array.py
[2.903s] -- Installing: /home/ros-laptop1/Desktop/turtlebotrhodes_ws/install/my_robot_interfaces/local/lib/python3.10/dist-packages/my_robot_interfaces/msg/_turtle_s.c
[2.903s] -- Installing: /home/ros-laptop1/Desktop/turtlebotrhodes_ws/install/my_robot_interfaces/local/lib/python3.10/dist-packages/my_robot_interfaces/my_robot_interfaces_s__rosidl_typesupport_c.cpython-310-x86_64-linux-gnu.so
[2.903s] -- Installing: /home/ros-laptop1/Desktop/turtlebotrhodes_ws/install/my_robot_interfaces/local/lib/python3.10/dist-packages/my_robot_interfaces/srv
[2.903s] -- Installing: /home/ros-laptop1/Desktop/turtlebotrhodes_ws/install/my_robot_interfaces/local/lib/python3.10/dist-packages/my_robot_interfaces/srv/__init__.py
[2.903s] -- Installing: /home/ros-laptop1/Desktop/turtlebotrhodes_ws/install/my_robot_interfaces/local/lib/python3.10/dist-packages/my_robot_interfaces/srv/_compute_rectangle_area_s.c
[2.903s] -- Installing: /home/ros-laptop1/Desktop/turtlebotrhodes_ws/install/my_robot_interfaces/local/lib/python3.10/dist-packages/my_robot_interfaces/srv/_compute_rectangle_area.py
[2.903s] -- Installing: /home/ros-laptop1/Desktop/turtlebotrhodes_ws/install/my_robot_interfaces/local/lib/python3.10/dist-packages/my_robot_interfaces/srv/_catch_turtle.py
[2.903s] -- Installing: /home/ros-laptop1/Desktop/turtlebotrhodes_ws/install/my_robot_interfaces/local/lib/python3.10/dist-packages/my_robot_interfaces/srv/_catch_turtle_s.c
[2.903s] -- Installing: /home/ros-laptop1/Desktop/turtlebotrhodes_ws/install/my_robot_interfaces/local/lib/python3.10/dist-packages/my_robot_interfaces/_my_robot_interfaces_s.ep.rosidl_typesupport_fastrtps_c.c
[2.903s] -- Installing: /home/ros-laptop1/Desktop/turtlebotrhodes_ws/install/my_robot_interfaces/local/lib/python3.10/dist-packages/my_robot_interfaces/_my_robot_interfaces_s.ep.rosidl_typesupport_c.c
[2.903s] -- Installing: /home/ros-laptop1/Desktop/turtlebotrhodes_ws/install/my_robot_interfaces/local/lib/python3.10/dist-packages/my_robot_interfaces/__init__.py
[2.903s] -- Installing: /home/ros-laptop1/Desktop/turtlebotrhodes_ws/install/my_robot_interfaces/local/lib/python3.10/dist-packages/my_robot_interfaces/_my_robot_interfaces_s.ep.rosidl_typesupport_introspection_c.c
[2.903s] -- Installing: /home/ros-laptop1/Desktop/turtlebotrhodes_ws/install/my_robot_interfaces/local/lib/python3.10/dist-packages/my_robot_interfaces/libmy_robot_interfaces__rosidl_generator_py.so
[2.903s] -- Installing: /home/ros-laptop1/Desktop/turtlebotrhodes_ws/install/my_robot_interfaces/local/lib/python3.10/dist-packages/my_robot_interfaces/my_robot_interfaces_s__rosidl_typesupport_introspection_c.cpython-310-x86_64-linux-gnu.so
[2.922s] Listing '/home/ros-laptop1/Desktop/turtlebotrhodes_ws/install/my_robot_interfaces/local/lib/python3.10/dist-packages/my_robot_interfaces'...
[2.923s] Compiling '/home/ros-laptop1/Desktop/turtlebotrhodes_ws/install/my_robot_interfaces/local/lib/python3.10/dist-packages/my_robot_interfaces/__init__.py'...
[2.923s] Listing '/home/ros-laptop1/Desktop/turtlebotrhodes_ws/install/my_robot_interfaces/local/lib/python3.10/dist-packages/my_robot_interfaces/msg'...
[2.923s] Compiling '/home/ros-laptop1/Desktop/turtlebotrhodes_ws/install/my_robot_interfaces/local/lib/python3.10/dist-packages/my_robot_interfaces/msg/__init__.py'...
[2.923s] Compiling '/home/ros-laptop1/Desktop/turtlebotrhodes_ws/install/my_robot_interfaces/local/lib/python3.10/dist-packages/my_robot_interfaces/msg/_hardware_status.py'...
[2.923s] Compiling '/home/ros-laptop1/Desktop/turtlebotrhodes_ws/install/my_robot_interfaces/local/lib/python3.10/dist-packages/my_robot_interfaces/msg/_turtle.py'...
[2.923s] Compiling '/home/ros-laptop1/Desktop/turtlebotrhodes_ws/install/my_robot_interfaces/local/lib/python3.10/dist-packages/my_robot_interfaces/msg/_turtle_array.py'...
[2.923s] Listing '/home/ros-laptop1/Desktop/turtlebotrhodes_ws/install/my_robot_interfaces/local/lib/python3.10/dist-packages/my_robot_interfaces/srv'...
[2.923s] Compiling '/home/ros-laptop1/Desktop/turtlebotrhodes_ws/install/my_robot_interfaces/local/lib/python3.10/dist-packages/my_robot_interfaces/srv/__init__.py'...
[2.923s] Compiling '/home/ros-laptop1/Desktop/turtlebotrhodes_ws/install/my_robot_interfaces/local/lib/python3.10/dist-packages/my_robot_interfaces/srv/_catch_turtle.py'...
[2.923s] Compiling '/home/ros-laptop1/Desktop/turtlebotrhodes_ws/install/my_robot_interfaces/local/lib/python3.10/dist-packages/my_robot_interfaces/srv/_compute_rectangle_area.py'...
[2.925s] -- Installing: /home/ros-laptop1/Desktop/turtlebotrhodes_ws/install/my_robot_interfaces/local/lib/python3.10/dist-packages/my_robot_interfaces/my_robot_interfaces_s__rosidl_typesupport_fastrtps_c.cpython-310-x86_64-linux-gnu.so
[2.925s] -- Set runtime path of "/home/ros-laptop1/Desktop/turtlebotrhodes_ws/install/my_robot_interfaces/local/lib/python3.10/dist-packages/my_robot_interfaces/my_robot_interfaces_s__rosidl_typesupport_fastrtps_c.cpython-310-x86_64-linux-gnu.so" to ""
[2.925s] -- Installing: /home/ros-laptop1/Desktop/turtlebotrhodes_ws/install/my_robot_interfaces/local/lib/python3.10/dist-packages/my_robot_interfaces/my_robot_interfaces_s__rosidl_typesupport_introspection_c.cpython-310-x86_64-linux-gnu.so
[2.925s] -- Set runtime path of "/home/ros-laptop1/Desktop/turtlebotrhodes_ws/install/my_robot_interfaces/local/lib/python3.10/dist-packages/my_robot_interfaces/my_robot_interfaces_s__rosidl_typesupport_introspection_c.cpython-310-x86_64-linux-gnu.so" to ""
[2.925s] -- Installing: /home/ros-laptop1/Desktop/turtlebotrhodes_ws/install/my_robot_interfaces/local/lib/python3.10/dist-packages/my_robot_interfaces/my_robot_interfaces_s__rosidl_typesupport_c.cpython-310-x86_64-linux-gnu.so
[2.926s] -- Set runtime path of "/home/ros-laptop1/Desktop/turtlebotrhodes_ws/install/my_robot_interfaces/local/lib/python3.10/dist-packages/my_robot_interfaces/my_robot_interfaces_s__rosidl_typesupport_c.cpython-310-x86_64-linux-gnu.so" to ""
[2.926s] -- Installing: /home/ros-laptop1/Desktop/turtlebotrhodes_ws/install/my_robot_interfaces/lib/libmy_robot_interfaces__rosidl_generator_py.so
[2.926s] -- Set runtime path of "/home/ros-laptop1/Desktop/turtlebotrhodes_ws/install/my_robot_interfaces/lib/libmy_robot_interfaces__rosidl_generator_py.so" to ""
[2.926s] -- Installing: /home/ros-laptop1/Desktop/turtlebotrhodes_ws/install/my_robot_interfaces/share/my_robot_interfaces/msg/HardwareStatus.idl
[2.926s] -- Installing: /home/ros-laptop1/Desktop/turtlebotrhodes_ws/install/my_robot_interfaces/share/my_robot_interfaces/msg/Turtle.idl
[2.926s] -- Installing: /home/ros-laptop1/Desktop/turtlebotrhodes_ws/install/my_robot_interfaces/share/my_robot_interfaces/msg/TurtleArray.idl
[2.926s] -- Installing: /home/ros-laptop1/Desktop/turtlebotrhodes_ws/install/my_robot_interfaces/share/my_robot_interfaces/srv/ComputeRectangleArea.idl
[2.926s] -- Installing: /home/ros-laptop1/Desktop/turtlebotrhodes_ws/install/my_robot_interfaces/share/my_robot_interfaces/srv/CatchTurtle.idl
[2.926s] -- Installing: /home/ros-laptop1/Desktop/turtlebotrhodes_ws/install/my_robot_interfaces/share/my_robot_interfaces/msg/HardwareStatus.msg
[2.926s] -- Installing: /home/ros-laptop1/Desktop/turtlebotrhodes_ws/install/my_robot_interfaces/share/my_robot_interfaces/msg/Turtle.msg
[2.926s] -- Installing: /home/ros-laptop1/Desktop/turtlebotrhodes_ws/install/my_robot_interfaces/share/my_robot_interfaces/msg/TurtleArray.msg
[2.926s] -- Installing: /home/ros-laptop1/Desktop/turtlebotrhodes_ws/install/my_robot_interfaces/share/my_robot_interfaces/srv/ComputeRectangleArea.srv
[2.926s] -- Installing: /home/ros-laptop1/Desktop/turtlebotrhodes_ws/install/my_robot_interfaces/share/my_robot_interfaces/srv/ComputeRectangleArea_Request.msg
[2.926s] -- Installing: /home/ros-laptop1/Desktop/turtlebotrhodes_ws/install/my_robot_interfaces/share/my_robot_interfaces/srv/ComputeRectangleArea_Response.msg
[2.926s] -- Installing: /home/ros-laptop1/Desktop/turtlebotrhodes_ws/install/my_robot_interfaces/share/my_robot_interfaces/srv/CatchTurtle.srv
[2.926s] -- Installing: /home/ros-laptop1/Desktop/turtlebotrhodes_ws/install/my_robot_interfaces/share/my_robot_interfaces/srv/CatchTurtle_Request.msg
[2.926s] -- Installing: /home/ros-laptop1/Desktop/turtlebotrhodes_ws/install/my_robot_interfaces/share/my_robot_interfaces/srv/CatchTurtle_Response.msg
[2.926s] -- Installing: /home/ros-laptop1/Desktop/turtlebotrhodes_ws/install/my_robot_interfaces/share/ament_index/resource_index/package_run_dependencies/my_robot_interfaces
[2.926s] -- Installing: /home/ros-laptop1/Desktop/turtlebotrhodes_ws/install/my_robot_interfaces/share/ament_index/resource_index/parent_prefix_path/my_robot_interfaces
[2.926s] -- Installing: /home/ros-laptop1/Desktop/turtlebotrhodes_ws/install/my_robot_interfaces/share/my_robot_interfaces/environment/ament_prefix_path.sh
[2.926s] -- Installing: /home/ros-laptop1/Desktop/turtlebotrhodes_ws/install/my_robot_interfaces/share/my_robot_interfaces/environment/ament_prefix_path.dsv
[2.926s] -- Installing: /home/ros-laptop1/Desktop/turtlebotrhodes_ws/install/my_robot_interfaces/share/my_robot_interfaces/environment/path.sh
[2.926s] -- Installing: /home/ros-laptop1/Desktop/turtlebotrhodes_ws/install/my_robot_interfaces/share/my_robot_interfaces/environment/path.dsv
[2.926s] -- Installing: /home/ros-laptop1/Desktop/turtlebotrhodes_ws/install/my_robot_interfaces/share/my_robot_interfaces/local_setup.bash
[2.926s] -- Installing: /home/ros-laptop1/Desktop/turtlebotrhodes_ws/install/my_robot_interfaces/share/my_robot_interfaces/local_setup.sh
[2.926s] -- Installing: /home/ros-laptop1/Desktop/turtlebotrhodes_ws/install/my_robot_interfaces/share/my_robot_interfaces/local_setup.zsh
[2.926s] -- Installing: /home/ros-laptop1/Desktop/turtlebotrhodes_ws/install/my_robot_interfaces/share/my_robot_interfaces/local_setup.dsv
[2.927s] -- Installing: /home/ros-laptop1/Desktop/turtlebotrhodes_ws/install/my_robot_interfaces/share/my_robot_interfaces/package.dsv
[2.927s] -- Installing: /home/ros-laptop1/Desktop/turtlebotrhodes_ws/install/my_robot_interfaces/share/ament_index/resource_index/packages/my_robot_interfaces
[2.927s] -- Installing: /home/ros-laptop1/Desktop/turtlebotrhodes_ws/install/my_robot_interfaces/share/my_robot_interfaces/cmake/export_my_robot_interfaces__rosidl_generator_cExport.cmake
[2.927s] -- Installing: /home/ros-laptop1/Desktop/turtlebotrhodes_ws/install/my_robot_interfaces/share/my_robot_interfaces/cmake/export_my_robot_interfaces__rosidl_generator_cExport-noconfig.cmake
[2.927s] -- Installing: /home/ros-laptop1/Desktop/turtlebotrhodes_ws/install/my_robot_interfaces/share/my_robot_interfaces/cmake/export_my_robot_interfaces__rosidl_typesupport_fastrtps_cExport.cmake
[2.927s] -- Installing: /home/ros-laptop1/Desktop/turtlebotrhodes_ws/install/my_robot_interfaces/share/my_robot_interfaces/cmake/export_my_robot_interfaces__rosidl_typesupport_fastrtps_cExport-noconfig.cmake
[2.927s] -- Installing: /home/ros-laptop1/Desktop/turtlebotrhodes_ws/install/my_robot_interfaces/share/my_robot_interfaces/cmake/my_robot_interfaces__rosidl_typesupport_introspection_cExport.cmake
[2.927s] -- Installing: /home/ros-laptop1/Desktop/turtlebotrhodes_ws/install/my_robot_interfaces/share/my_robot_interfaces/cmake/my_robot_interfaces__rosidl_typesupport_introspection_cExport-noconfig.cmake
[2.927s] -- Installing: /home/ros-laptop1/Desktop/turtlebotrhodes_ws/install/my_robot_interfaces/share/my_robot_interfaces/cmake/my_robot_interfaces__rosidl_typesupport_cExport.cmake
[2.927s] -- Installing: /home/ros-laptop1/Desktop/turtlebotrhodes_ws/install/my_robot_interfaces/share/my_robot_interfaces/cmake/my_robot_interfaces__rosidl_typesupport_cExport-noconfig.cmake
[2.927s] -- Installing: /home/ros-laptop1/Desktop/turtlebotrhodes_ws/install/my_robot_interfaces/share/my_robot_interfaces/cmake/export_my_robot_interfaces__rosidl_generator_cppExport.cmake
[2.927s] -- Installing: /home/ros-laptop1/Desktop/turtlebotrhodes_ws/install/my_robot_interfaces/share/my_robot_interfaces/cmake/export_my_robot_interfaces__rosidl_typesupport_fastrtps_cppExport.cmake
[2.927s] -- Installing: /home/ros-laptop1/Desktop/turtlebotrhodes_ws/install/my_robot_interfaces/share/my_robot_interfaces/cmake/export_my_robot_interfaces__rosidl_typesupport_fastrtps_cppExport-noconfig.cmake
[2.927s] -- Installing: /home/ros-laptop1/Desktop/turtlebotrhodes_ws/install/my_robot_interfaces/share/my_robot_interfaces/cmake/my_robot_interfaces__rosidl_typesupport_introspection_cppExport.cmake
[2.927s] -- Installing: /home/ros-laptop1/Desktop/turtlebotrhodes_ws/install/my_robot_interfaces/share/my_robot_interfaces/cmake/my_robot_interfaces__rosidl_typesupport_introspection_cppExport-noconfig.cmake
[2.927s] -- Installing: /home/ros-laptop1/Desktop/turtlebotrhodes_ws/install/my_robot_interfaces/share/my_robot_interfaces/cmake/my_robot_interfaces__rosidl_typesupport_cppExport.cmake
[2.927s] -- Installing: /home/ros-laptop1/Desktop/turtlebotrhodes_ws/install/my_robot_interfaces/share/my_robot_interfaces/cmake/my_robot_interfaces__rosidl_typesupport_cppExport-noconfig.cmake
[2.927s] -- Installing: /home/ros-laptop1/Desktop/turtlebotrhodes_ws/install/my_robot_interfaces/share/my_robot_interfaces/cmake/export_my_robot_interfaces__rosidl_generator_pyExport.cmake
[2.927s] -- Installing: /home/ros-laptop1/Desktop/turtlebotrhodes_ws/install/my_robot_interfaces/share/my_robot_interfaces/cmake/export_my_robot_interfaces__rosidl_generator_pyExport-noconfig.cmake
[2.927s] -- Installing: /home/ros-laptop1/Desktop/turtlebotrhodes_ws/install/my_robot_interfaces/share/my_robot_interfaces/cmake/rosidl_cmake-extras.cmake
[2.927s] -- Installing: /home/ros-laptop1/Desktop/turtlebotrhodes_ws/install/my_robot_interfaces/share/my_robot_interfaces/cmake/ament_cmake_export_include_directories-extras.cmake
[2.927s] -- Installing: /home/ros-laptop1/Desktop/turtlebotrhodes_ws/install/my_robot_interfaces/share/my_robot_interfaces/cmake/ament_cmake_export_libraries-extras.cmake
[2.928s] -- Installing: /home/ros-laptop1/Desktop/turtlebotrhodes_ws/install/my_robot_interfaces/share/my_robot_interfaces/cmake/ament_cmake_export_targets-extras.cmake
[2.928s] -- Installing: /home/ros-laptop1/Desktop/turtlebotrhodes_ws/install/my_robot_interfaces/share/my_robot_interfaces/cmake/rosidl_cmake_export_typesupport_targets-extras.cmake
[2.928s] -- Installing: /home/ros-laptop1/Desktop/turtlebotrhodes_ws/install/my_robot_interfaces/share/my_robot_interfaces/cmake/ament_cmake_export_dependencies-extras.cmake
[2.928s] -- Installing: /home/ros-laptop1/Desktop/turtlebotrhodes_ws/install/my_robot_interfaces/share/my_robot_interfaces/cmake/rosidl_cmake_export_typesupport_libraries-extras.cmake
[2.928s] -- Installing: /home/ros-laptop1/Desktop/turtlebotrhodes_ws/install/my_robot_interfaces/share/my_robot_interfaces/cmake/my_robot_interfacesConfig.cmake
[2.928s] -- Installing: /home/ros-laptop1/Desktop/turtlebotrhodes_ws/install/my_robot_interfaces/share/my_robot_interfaces/cmake/my_robot_interfacesConfig-version.cmake
[2.928s] -- Installing: /home/ros-laptop1/Desktop/turtlebotrhodes_ws/install/my_robot_interfaces/share/my_robot_interfaces/package.xml
[2.929s] Invoked command in '/home/ros-laptop1/Desktop/turtlebotrhodes_ws/build/my_robot_interfaces' returned '0': CMAKE_PREFIX_PATH=${CMAKE_PREFIX_PATH}:/home/ros-laptop1/Desktop/turtlebotrhodes_ws/install/turtlesim_catch_them_all:/home/ros-laptop1/Desktop/turtlebotrhodes_ws/install/my_py_pkg:/opt/ros/humble /usr/bin/cmake --install /home/ros-laptop1/Desktop/turtlebotrhodes_ws/build/my_robot_interfaces
