[0.008s] Invoking command in '/home/ros-laptop1/Desktop/turtlebotrhodes_ws/build/my_cpp_pkg': CMAKE_PREFIX_PATH=/home/ros-laptop1/Desktop/turtlebotrhodes_ws/install/my_robot_interfaces:/home/ros-laptop1/Desktop/turtlebotrhodes_ws/install/my_robot_bringup:/home/ros-laptop1/Desktop/turtlebotrhodes_ws/install/my_cpp_pkg:/home/ros-laptop1/Desktop/turtlebotrhodes_ws/install/turtlesim_catch_them_all:/home/ros-laptop1/Desktop/turtlebotrhodes_ws/install/my_py_pkg:/opt/ros/humble /usr/bin/cmake /home/ros-laptop1/Desktop/turtlebotrhodes_ws/src/my_cpp_pkg -DCMAKE_INSTALL_PREFIX=/home/ros-laptop1/Desktop/turtlebotrhodes_ws/install/my_cpp_pkg
[0.144s] -- The C compiler identification is GNU 11.4.0
[0.144s] -- The CXX compiler identification is GNU 11.4.0
[0.144s] -- Detecting C compiler ABI info
[0.144s] -- Detecting C compiler ABI info - done
[0.144s] -- Check for working C compiler: /usr/bin/cc - skipped
[0.144s] -- Detecting C compile features
[0.145s] -- Detecting C compile features - done
[0.145s] -- Detecting CXX compiler ABI info
[0.190s] -- Detecting CXX compiler ABI info - done
[0.197s] -- Check for working CXX compiler: /usr/bin/c++ - skipped
[0.197s] -- Detecting CXX compile features
[0.197s] -- Detecting CXX compile features - done
[0.199s] -- Found ament_cmake: 1.3.11 (/opt/ros/humble/share/ament_cmake/cmake)
[0.299s] -- Found Python3: /usr/bin/python3 (found version "3.10.12") found components: Interpreter 
[0.367s] -- Found rclcpp: 16.0.11 (/opt/ros/humble/share/rclcpp/cmake)
[0.399s] -- Found rosidl_generator_c: 3.1.6 (/opt/ros/humble/share/rosidl_generator_c/cmake)
[0.402s] -- Found rosidl_adapter: 3.1.6 (/opt/ros/humble/share/rosidl_adapter/cmake)
[0.407s] -- Found rosidl_generator_cpp: 3.1.6 (/opt/ros/humble/share/rosidl_generator_cpp/cmake)
[0.414s] -- Using all available rosidl_typesupport_c: rosidl_typesupport_fastrtps_c;rosidl_typesupport_introspection_c
[0.423s] -- Using all available rosidl_typesupport_cpp: rosidl_typesupport_fastrtps_cpp;rosidl_typesupport_introspection_cpp
[0.449s] -- Found rmw_implementation_cmake: 6.1.2 (/opt/ros/humble/share/rmw_implementation_cmake/cmake)
[0.451s] -- Found rmw_fastrtps_cpp: 6.2.7 (/opt/ros/humble/share/rmw_fastrtps_cpp/cmake)
[0.508s] -- Found OpenSSL: /usr/lib/x86_64-linux-gnu/libcrypto.so (found version "3.0.2")  
[0.526s] -- Found FastRTPS: /opt/ros/humble/include  
[0.558s] -- Using RMW implementation 'rmw_fastrtps_cpp' as default
[0.564s] -- Looking for pthread.h
[0.613s] -- Looking for pthread.h - found
[0.614s] -- Performing Test CMAKE_HAVE_LIBC_PTHREAD
[0.664s] -- Performing Test CMAKE_HAVE_LIBC_PTHREAD - Success
[0.665s] -- Found Threads: TRUE  
[0.693s] -- Found example_interfaces: 0.9.3 (/opt/ros/humble/share/example_interfaces/cmake)
[0.714s] -- Found my_robot_interfaces: 0.0.0 (/home/ros-laptop1/Desktop/turtlebotrhodes_ws/install/my_robot_interfaces/share/my_robot_interfaces/cmake)
[0.761s] -- Configuring done
[0.776s] -- Generating done
[0.782s] -- Build files have been written to: /home/ros-laptop1/Desktop/turtlebotrhodes_ws/build/my_cpp_pkg
[0.789s] Invoked command in '/home/ros-laptop1/Desktop/turtlebotrhodes_ws/build/my_cpp_pkg' returned '0': CMAKE_PREFIX_PATH=/home/ros-laptop1/Desktop/turtlebotrhodes_ws/install/my_robot_interfaces:/home/ros-laptop1/Desktop/turtlebotrhodes_ws/install/my_robot_bringup:/home/ros-laptop1/Desktop/turtlebotrhodes_ws/install/my_cpp_pkg:/home/ros-laptop1/Desktop/turtlebotrhodes_ws/install/turtlesim_catch_them_all:/home/ros-laptop1/Desktop/turtlebotrhodes_ws/install/my_py_pkg:/opt/ros/humble /usr/bin/cmake /home/ros-laptop1/Desktop/turtlebotrhodes_ws/src/my_cpp_pkg -DCMAKE_INSTALL_PREFIX=/home/ros-laptop1/Desktop/turtlebotrhodes_ws/install/my_cpp_pkg
[0.790s] Invoking command in '/home/ros-laptop1/Desktop/turtlebotrhodes_ws/build/my_cpp_pkg': CMAKE_PREFIX_PATH=/home/ros-laptop1/Desktop/turtlebotrhodes_ws/install/my_robot_interfaces:/home/ros-laptop1/Desktop/turtlebotrhodes_ws/install/my_robot_bringup:/home/ros-laptop1/Desktop/turtlebotrhodes_ws/install/my_cpp_pkg:/home/ros-laptop1/Desktop/turtlebotrhodes_ws/install/turtlesim_catch_them_all:/home/ros-laptop1/Desktop/turtlebotrhodes_ws/install/my_py_pkg:/opt/ros/humble /usr/bin/cmake --build /home/ros-laptop1/Desktop/turtlebotrhodes_ws/build/my_cpp_pkg -- -j20 -l20
[0.824s] [  5%] [32mBuilding CXX object CMakeFiles/cpp_node.dir/src/my_first_node.cpp.o[0m
[0.824s] [ 11%] [32mBuilding CXX object CMakeFiles/add_two_ints_client_no_oop.dir/src/add_two_ints_client_no_oop.cpp.o[0m
[0.825s] [ 16%] [32mBuilding CXX object CMakeFiles/number_publisher.dir/src/number_publisher.cpp.o[0m
[0.826s] [ 22%] [32mBuilding CXX object CMakeFiles/smartphone.dir/src/smartphone.cpp.o[0m
[0.826s] [ 27%] [32mBuilding CXX object CMakeFiles/add_two_ints_server.dir/src/add_two_ints_server.cpp.o[0m
[0.828s] [ 33%] [32mBuilding CXX object CMakeFiles/number_counter.dir/src/number_counter.cpp.o[0m
[0.828s] [ 38%] [32mBuilding CXX object CMakeFiles/robot_news_station.dir/src/robot_news_station.cpp.o[0m
[0.830s] [ 44%] [32mBuilding CXX object CMakeFiles/add_two_ints_client.dir/src/add_two_ints_client.cpp.o[0m
[0.832s] [ 50%] [32mBuilding CXX object CMakeFiles/hardware_status_publisher.dir/src/hw_status_publisher.cpp.o[0m
[2.908s] [ 55%] [32m[1mLinking CXX executable cpp_node[0m
[3.033s] [ 55%] Built target cpp_node
[3.284s] [ 61%] [32m[1mLinking CXX executable add_two_ints_server[0m
[3.445s] [ 61%] Built target add_two_ints_server
[3.787s] [ 66%] [32m[1mLinking CXX executable add_two_ints_client_no_oop[0m
[3.840s] [ 72%] [32m[1mLinking CXX executable number_publisher[0m
[3.915s] [ 72%] Built target add_two_ints_client_no_oop
[3.997s] [ 72%] Built target number_publisher
[4.305s] [ 77%] [32m[1mLinking CXX executable hardware_status_publisher[0m
[4.425s] [ 83%] [32m[1mLinking CXX executable add_two_ints_client[0m
[4.428s] [ 83%] Built target hardware_status_publisher
[4.527s] [ 83%] Built target add_two_ints_client
[4.606s] [ 88%] [32m[1mLinking CXX executable robot_news_station[0m
[4.721s] [ 88%] Built target robot_news_station
[5.907s] [ 94%] [32m[1mLinking CXX executable smartphone[0m
[6.112s] [ 94%] Built target smartphone
[6.305s] [100%] [32m[1mLinking CXX executable number_counter[0m
[6.527s] [100%] Built target number_counter
[6.537s] Invoked command in '/home/ros-laptop1/Desktop/turtlebotrhodes_ws/build/my_cpp_pkg' returned '0': CMAKE_PREFIX_PATH=/home/ros-laptop1/Desktop/turtlebotrhodes_ws/install/my_robot_interfaces:/home/ros-laptop1/Desktop/turtlebotrhodes_ws/install/my_robot_bringup:/home/ros-laptop1/Desktop/turtlebotrhodes_ws/install/my_cpp_pkg:/home/ros-laptop1/Desktop/turtlebotrhodes_ws/install/turtlesim_catch_them_all:/home/ros-laptop1/Desktop/turtlebotrhodes_ws/install/my_py_pkg:/opt/ros/humble /usr/bin/cmake --build /home/ros-laptop1/Desktop/turtlebotrhodes_ws/build/my_cpp_pkg -- -j20 -l20
[6.538s] Invoking command in '/home/ros-laptop1/Desktop/turtlebotrhodes_ws/build/my_cpp_pkg': CMAKE_PREFIX_PATH=/home/ros-laptop1/Desktop/turtlebotrhodes_ws/install/my_robot_interfaces:/home/ros-laptop1/Desktop/turtlebotrhodes_ws/install/my_robot_bringup:/home/ros-laptop1/Desktop/turtlebotrhodes_ws/install/my_cpp_pkg:/home/ros-laptop1/Desktop/turtlebotrhodes_ws/install/turtlesim_catch_them_all:/home/ros-laptop1/Desktop/turtlebotrhodes_ws/install/my_py_pkg:/opt/ros/humble /usr/bin/cmake --install /home/ros-laptop1/Desktop/turtlebotrhodes_ws/build/my_cpp_pkg
[6.542s] -- Install configuration: ""
[6.542s] -- Installing: /home/ros-laptop1/Desktop/turtlebotrhodes_ws/install/my_cpp_pkg/lib/my_cpp_pkg/cpp_node
[6.542s] -- Set runtime path of "/home/ros-laptop1/Desktop/turtlebotrhodes_ws/install/my_cpp_pkg/lib/my_cpp_pkg/cpp_node" to ""
[6.542s] -- Installing: /home/ros-laptop1/Desktop/turtlebotrhodes_ws/install/my_cpp_pkg/lib/my_cpp_pkg/robot_news_station
[6.543s] -- Set runtime path of "/home/ros-laptop1/Desktop/turtlebotrhodes_ws/install/my_cpp_pkg/lib/my_cpp_pkg/robot_news_station" to ""
[6.543s] -- Installing: /home/ros-laptop1/Desktop/turtlebotrhodes_ws/install/my_cpp_pkg/lib/my_cpp_pkg/smartphone
[6.544s] -- Set runtime path of "/home/ros-laptop1/Desktop/turtlebotrhodes_ws/install/my_cpp_pkg/lib/my_cpp_pkg/smartphone" to ""
[6.544s] -- Installing: /home/ros-laptop1/Desktop/turtlebotrhodes_ws/install/my_cpp_pkg/lib/my_cpp_pkg/add_two_ints_server
[6.544s] -- Set runtime path of "/home/ros-laptop1/Desktop/turtlebotrhodes_ws/install/my_cpp_pkg/lib/my_cpp_pkg/add_two_ints_server" to ""
[6.544s] -- Installing: /home/ros-laptop1/Desktop/turtlebotrhodes_ws/install/my_cpp_pkg/lib/my_cpp_pkg/add_two_ints_client_no_oop
[6.545s] -- Set runtime path of "/home/ros-laptop1/Desktop/turtlebotrhodes_ws/install/my_cpp_pkg/lib/my_cpp_pkg/add_two_ints_client_no_oop" to ""
[6.545s] -- Installing: /home/ros-laptop1/Desktop/turtlebotrhodes_ws/install/my_cpp_pkg/lib/my_cpp_pkg/add_two_ints_client
[6.545s] -- Set runtime path of "/home/ros-laptop1/Desktop/turtlebotrhodes_ws/install/my_cpp_pkg/lib/my_cpp_pkg/add_two_ints_client" to ""
[6.545s] -- Installing: /home/ros-laptop1/Desktop/turtlebotrhodes_ws/install/my_cpp_pkg/lib/my_cpp_pkg/hardware_status_publisher
[6.545s] -- Set runtime path of "/home/ros-laptop1/Desktop/turtlebotrhodes_ws/install/my_cpp_pkg/lib/my_cpp_pkg/hardware_status_publisher" to ""
[6.546s] -- Installing: /home/ros-laptop1/Desktop/turtlebotrhodes_ws/install/my_cpp_pkg/lib/my_cpp_pkg/number_publisher
[6.546s] -- Set runtime path of "/home/ros-laptop1/Desktop/turtlebotrhodes_ws/install/my_cpp_pkg/lib/my_cpp_pkg/number_publisher" to ""
[6.546s] -- Installing: /home/ros-laptop1/Desktop/turtlebotrhodes_ws/install/my_cpp_pkg/lib/my_cpp_pkg/number_counter
[6.547s] -- Set runtime path of "/home/ros-laptop1/Desktop/turtlebotrhodes_ws/install/my_cpp_pkg/lib/my_cpp_pkg/number_counter" to ""
[6.547s] -- Installing: /home/ros-laptop1/Desktop/turtlebotrhodes_ws/install/my_cpp_pkg/share/ament_index/resource_index/package_run_dependencies/my_cpp_pkg
[6.548s] -- Installing: /home/ros-laptop1/Desktop/turtlebotrhodes_ws/install/my_cpp_pkg/share/ament_index/resource_index/parent_prefix_path/my_cpp_pkg
[6.548s] -- Installing: /home/ros-laptop1/Desktop/turtlebotrhodes_ws/install/my_cpp_pkg/share/my_cpp_pkg/environment/ament_prefix_path.sh
[6.548s] -- Installing: /home/ros-laptop1/Desktop/turtlebotrhodes_ws/install/my_cpp_pkg/share/my_cpp_pkg/environment/ament_prefix_path.dsv
[6.548s] -- Installing: /home/ros-laptop1/Desktop/turtlebotrhodes_ws/install/my_cpp_pkg/share/my_cpp_pkg/environment/path.sh
[6.548s] -- Installing: /home/ros-laptop1/Desktop/turtlebotrhodes_ws/install/my_cpp_pkg/share/my_cpp_pkg/environment/path.dsv
[6.548s] -- Installing: /home/ros-laptop1/Desktop/turtlebotrhodes_ws/install/my_cpp_pkg/share/my_cpp_pkg/local_setup.bash
[6.548s] -- Installing: /home/ros-laptop1/Desktop/turtlebotrhodes_ws/install/my_cpp_pkg/share/my_cpp_pkg/local_setup.sh
[6.548s] -- Installing: /home/ros-laptop1/Desktop/turtlebotrhodes_ws/install/my_cpp_pkg/share/my_cpp_pkg/local_setup.zsh
[6.548s] -- Installing: /home/ros-laptop1/Desktop/turtlebotrhodes_ws/install/my_cpp_pkg/share/my_cpp_pkg/local_setup.dsv
[6.548s] -- Installing: /home/ros-laptop1/Desktop/turtlebotrhodes_ws/install/my_cpp_pkg/share/my_cpp_pkg/package.dsv
[6.548s] -- Installing: /home/ros-laptop1/Desktop/turtlebotrhodes_ws/install/my_cpp_pkg/share/ament_index/resource_index/packages/my_cpp_pkg
[6.548s] -- Installing: /home/ros-laptop1/Desktop/turtlebotrhodes_ws/install/my_cpp_pkg/share/my_cpp_pkg/cmake/my_cpp_pkgConfig.cmake
[6.548s] -- Installing: /home/ros-laptop1/Desktop/turtlebotrhodes_ws/install/my_cpp_pkg/share/my_cpp_pkg/cmake/my_cpp_pkgConfig-version.cmake
[6.548s] -- Installing: /home/ros-laptop1/Desktop/turtlebotrhodes_ws/install/my_cpp_pkg/share/my_cpp_pkg/package.xml
[6.549s] Invoked command in '/home/ros-laptop1/Desktop/turtlebotrhodes_ws/build/my_cpp_pkg' returned '0': CMAKE_PREFIX_PATH=/home/ros-laptop1/Desktop/turtlebotrhodes_ws/install/my_robot_interfaces:/home/ros-laptop1/Desktop/turtlebotrhodes_ws/install/my_robot_bringup:/home/ros-laptop1/Desktop/turtlebotrhodes_ws/install/my_cpp_pkg:/home/ros-laptop1/Desktop/turtlebotrhodes_ws/install/turtlesim_catch_them_all:/home/ros-laptop1/Desktop/turtlebotrhodes_ws/install/my_py_pkg:/opt/ros/humble /usr/bin/cmake --install /home/ros-laptop1/Desktop/turtlebotrhodes_ws/build/my_cpp_pkg
