[0.456s] Invoking command in '/home/ros-laptop1/Desktop/turtlebotrhodes_ws/src/my_py_pkg': CMAKE_PREFIX_PATH=/home/ros-laptop1/Desktop/turtlebotrhodes_ws/install/my_robot_interfaces:/home/ros-laptop1/Desktop/turtlebotrhodes_ws/install/my_robot_bringup:/home/ros-laptop1/Desktop/turtlebotrhodes_ws/install/my_cpp_pkg PYTHONPATH=/home/ros-laptop1/Desktop/turtlebotrhodes_ws/build/my_py_pkg/prefix_override:/usr/lib/python3/dist-packages/colcon_core/task/python/colcon_distutils_commands:/home/ros-laptop1/Desktop/turtlebotrhodes_ws/install/my_py_pkg/lib/python3.10/site-packages:${PYTHONPATH} /usr/bin/python3 -W ignore:setup.py install is deprecated -W ignore:easy_install command is deprecated setup.py egg_info --egg-base ../../build/my_py_pkg build --build-base /home/ros-laptop1/Desktop/turtlebotrhodes_ws/build/my_py_pkg/build install --record /home/ros-laptop1/Desktop/turtlebotrhodes_ws/build/my_py_pkg/install.log --single-version-externally-managed install_data
[0.581s] running egg_info
[0.581s] creating ../../build/my_py_pkg/my_py_pkg.egg-info
[0.581s] writing ../../build/my_py_pkg/my_py_pkg.egg-info/PKG-INFO
[0.581s] writing dependency_links to ../../build/my_py_pkg/my_py_pkg.egg-info/dependency_links.txt
[0.581s] writing entry points to ../../build/my_py_pkg/my_py_pkg.egg-info/entry_points.txt
[0.582s] writing requirements to ../../build/my_py_pkg/my_py_pkg.egg-info/requires.txt
[0.582s] writing top-level names to ../../build/my_py_pkg/my_py_pkg.egg-info/top_level.txt
[0.582s] writing manifest file '../../build/my_py_pkg/my_py_pkg.egg-info/SOURCES.txt'
[0.583s] reading manifest file '../../build/my_py_pkg/my_py_pkg.egg-info/SOURCES.txt'
[0.583s] writing manifest file '../../build/my_py_pkg/my_py_pkg.egg-info/SOURCES.txt'
[0.583s] running build
[0.583s] running build_py
[0.583s] creating /home/ros-laptop1/Desktop/turtlebotrhodes_ws/build/my_py_pkg/build
[0.583s] creating /home/ros-laptop1/Desktop/turtlebotrhodes_ws/build/my_py_pkg/build/lib
[0.583s] creating /home/ros-laptop1/Desktop/turtlebotrhodes_ws/build/my_py_pkg/build/lib/my_py_pkg
[0.584s] copying my_py_pkg/my_first_node.py -> /home/ros-laptop1/Desktop/turtlebotrhodes_ws/build/my_py_pkg/build/lib/my_py_pkg
[0.584s] copying my_py_pkg/add_two_ints_client_no_oop.py -> /home/ros-laptop1/Desktop/turtlebotrhodes_ws/build/my_py_pkg/build/lib/my_py_pkg
[0.584s] copying my_py_pkg/smartphone.py -> /home/ros-laptop1/Desktop/turtlebotrhodes_ws/build/my_py_pkg/build/lib/my_py_pkg
[0.584s] copying my_py_pkg/joy_move.py -> /home/ros-laptop1/Desktop/turtlebotrhodes_ws/build/my_py_pkg/build/lib/my_py_pkg
[0.584s] copying my_py_pkg/template_python_node.py -> /home/ros-laptop1/Desktop/turtlebotrhodes_ws/build/my_py_pkg/build/lib/my_py_pkg
[0.584s] copying my_py_pkg/robot_news_station.py -> /home/ros-laptop1/Desktop/turtlebotrhodes_ws/build/my_py_pkg/build/lib/my_py_pkg
[0.584s] copying my_py_pkg/hw_status_publisher.py -> /home/ros-laptop1/Desktop/turtlebotrhodes_ws/build/my_py_pkg/build/lib/my_py_pkg
[0.584s] copying my_py_pkg/__init__.py -> /home/ros-laptop1/Desktop/turtlebotrhodes_ws/build/my_py_pkg/build/lib/my_py_pkg
[0.584s] copying my_py_pkg/add_two_ints_client.py -> /home/ros-laptop1/Desktop/turtlebotrhodes_ws/build/my_py_pkg/build/lib/my_py_pkg
[0.584s] copying my_py_pkg/number_publisher.py -> /home/ros-laptop1/Desktop/turtlebotrhodes_ws/build/my_py_pkg/build/lib/my_py_pkg
[0.584s] copying my_py_pkg/add_two_ints_server.py -> /home/ros-laptop1/Desktop/turtlebotrhodes_ws/build/my_py_pkg/build/lib/my_py_pkg
[0.584s] copying my_py_pkg/number_counter.py -> /home/ros-laptop1/Desktop/turtlebotrhodes_ws/build/my_py_pkg/build/lib/my_py_pkg
[0.584s] running install
[0.584s] running install_lib
[0.584s] creating /home/ros-laptop1/Desktop/turtlebotrhodes_ws/install/my_py_pkg/lib/python3.10/site-packages/my_py_pkg
[0.585s] copying /home/ros-laptop1/Desktop/turtlebotrhodes_ws/build/my_py_pkg/build/lib/my_py_pkg/my_first_node.py -> /home/ros-laptop1/Desktop/turtlebotrhodes_ws/install/my_py_pkg/lib/python3.10/site-packages/my_py_pkg
[0.585s] copying /home/ros-laptop1/Desktop/turtlebotrhodes_ws/build/my_py_pkg/build/lib/my_py_pkg/add_two_ints_client_no_oop.py -> /home/ros-laptop1/Desktop/turtlebotrhodes_ws/install/my_py_pkg/lib/python3.10/site-packages/my_py_pkg
[0.585s] copying /home/ros-laptop1/Desktop/turtlebotrhodes_ws/build/my_py_pkg/build/lib/my_py_pkg/smartphone.py -> /home/ros-laptop1/Desktop/turtlebotrhodes_ws/install/my_py_pkg/lib/python3.10/site-packages/my_py_pkg
[0.585s] copying /home/ros-laptop1/Desktop/turtlebotrhodes_ws/build/my_py_pkg/build/lib/my_py_pkg/joy_move.py -> /home/ros-laptop1/Desktop/turtlebotrhodes_ws/install/my_py_pkg/lib/python3.10/site-packages/my_py_pkg
[0.585s] copying /home/ros-laptop1/Desktop/turtlebotrhodes_ws/build/my_py_pkg/build/lib/my_py_pkg/template_python_node.py -> /home/ros-laptop1/Desktop/turtlebotrhodes_ws/install/my_py_pkg/lib/python3.10/site-packages/my_py_pkg
[0.585s] copying /home/ros-laptop1/Desktop/turtlebotrhodes_ws/build/my_py_pkg/build/lib/my_py_pkg/robot_news_station.py -> /home/ros-laptop1/Desktop/turtlebotrhodes_ws/install/my_py_pkg/lib/python3.10/site-packages/my_py_pkg
[0.585s] copying /home/ros-laptop1/Desktop/turtlebotrhodes_ws/build/my_py_pkg/build/lib/my_py_pkg/hw_status_publisher.py -> /home/ros-laptop1/Desktop/turtlebotrhodes_ws/install/my_py_pkg/lib/python3.10/site-packages/my_py_pkg
[0.585s] copying /home/ros-laptop1/Desktop/turtlebotrhodes_ws/build/my_py_pkg/build/lib/my_py_pkg/__init__.py -> /home/ros-laptop1/Desktop/turtlebotrhodes_ws/install/my_py_pkg/lib/python3.10/site-packages/my_py_pkg
[0.585s] copying /home/ros-laptop1/Desktop/turtlebotrhodes_ws/build/my_py_pkg/build/lib/my_py_pkg/add_two_ints_client.py -> /home/ros-laptop1/Desktop/turtlebotrhodes_ws/install/my_py_pkg/lib/python3.10/site-packages/my_py_pkg
[0.585s] copying /home/ros-laptop1/Desktop/turtlebotrhodes_ws/build/my_py_pkg/build/lib/my_py_pkg/number_publisher.py -> /home/ros-laptop1/Desktop/turtlebotrhodes_ws/install/my_py_pkg/lib/python3.10/site-packages/my_py_pkg
[0.585s] copying /home/ros-laptop1/Desktop/turtlebotrhodes_ws/build/my_py_pkg/build/lib/my_py_pkg/add_two_ints_server.py -> /home/ros-laptop1/Desktop/turtlebotrhodes_ws/install/my_py_pkg/lib/python3.10/site-packages/my_py_pkg
[0.585s] copying /home/ros-laptop1/Desktop/turtlebotrhodes_ws/build/my_py_pkg/build/lib/my_py_pkg/number_counter.py -> /home/ros-laptop1/Desktop/turtlebotrhodes_ws/install/my_py_pkg/lib/python3.10/site-packages/my_py_pkg
[0.585s] byte-compiling /home/ros-laptop1/Desktop/turtlebotrhodes_ws/install/my_py_pkg/lib/python3.10/site-packages/my_py_pkg/my_first_node.py to my_first_node.cpython-310.pyc
[0.585s] byte-compiling /home/ros-laptop1/Desktop/turtlebotrhodes_ws/install/my_py_pkg/lib/python3.10/site-packages/my_py_pkg/add_two_ints_client_no_oop.py to add_two_ints_client_no_oop.cpython-310.pyc
[0.585s] byte-compiling /home/ros-laptop1/Desktop/turtlebotrhodes_ws/install/my_py_pkg/lib/python3.10/site-packages/my_py_pkg/smartphone.py to smartphone.cpython-310.pyc
[0.586s] byte-compiling /home/ros-laptop1/Desktop/turtlebotrhodes_ws/install/my_py_pkg/lib/python3.10/site-packages/my_py_pkg/joy_move.py to joy_move.cpython-310.pyc
[0.586s] byte-compiling /home/ros-laptop1/Desktop/turtlebotrhodes_ws/install/my_py_pkg/lib/python3.10/site-packages/my_py_pkg/template_python_node.py to template_python_node.cpython-310.pyc
[0.586s] byte-compiling /home/ros-laptop1/Desktop/turtlebotrhodes_ws/install/my_py_pkg/lib/python3.10/site-packages/my_py_pkg/robot_news_station.py to robot_news_station.cpython-310.pyc
[0.586s] byte-compiling /home/ros-laptop1/Desktop/turtlebotrhodes_ws/install/my_py_pkg/lib/python3.10/site-packages/my_py_pkg/hw_status_publisher.py to hw_status_publisher.cpython-310.pyc
[0.586s] byte-compiling /home/ros-laptop1/Desktop/turtlebotrhodes_ws/install/my_py_pkg/lib/python3.10/site-packages/my_py_pkg/__init__.py to __init__.cpython-310.pyc
[0.586s] byte-compiling /home/ros-laptop1/Desktop/turtlebotrhodes_ws/install/my_py_pkg/lib/python3.10/site-packages/my_py_pkg/add_two_ints_client.py to add_two_ints_client.cpython-310.pyc
[0.587s] byte-compiling /home/ros-laptop1/Desktop/turtlebotrhodes_ws/install/my_py_pkg/lib/python3.10/site-packages/my_py_pkg/number_publisher.py to number_publisher.cpython-310.pyc
[0.587s] byte-compiling /home/ros-laptop1/Desktop/turtlebotrhodes_ws/install/my_py_pkg/lib/python3.10/site-packages/my_py_pkg/add_two_ints_server.py to add_two_ints_server.cpython-310.pyc
[0.587s] byte-compiling /home/ros-laptop1/Desktop/turtlebotrhodes_ws/install/my_py_pkg/lib/python3.10/site-packages/my_py_pkg/number_counter.py to number_counter.cpython-310.pyc
[0.587s] running install_data
[0.587s] creating /home/ros-laptop1/Desktop/turtlebotrhodes_ws/install/my_py_pkg/share/ament_index
[0.587s] creating /home/ros-laptop1/Desktop/turtlebotrhodes_ws/install/my_py_pkg/share/ament_index/resource_index
[0.587s] creating /home/ros-laptop1/Desktop/turtlebotrhodes_ws/install/my_py_pkg/share/ament_index/resource_index/packages
[0.587s] copying resource/my_py_pkg -> /home/ros-laptop1/Desktop/turtlebotrhodes_ws/install/my_py_pkg/share/ament_index/resource_index/packages
[0.587s] copying package.xml -> /home/ros-laptop1/Desktop/turtlebotrhodes_ws/install/my_py_pkg/share/my_py_pkg
[0.587s] running install_egg_info
[0.588s] Copying ../../build/my_py_pkg/my_py_pkg.egg-info to /home/ros-laptop1/Desktop/turtlebotrhodes_ws/install/my_py_pkg/lib/python3.10/site-packages/my_py_pkg-0.0.0-py3.10.egg-info
[0.589s] running install_scripts
[0.602s] Installing add_two_ints_client script to /home/ros-laptop1/Desktop/turtlebotrhodes_ws/install/my_py_pkg/lib/my_py_pkg
[0.602s] Installing add_two_ints_client_no_oop script to /home/ros-laptop1/Desktop/turtlebotrhodes_ws/install/my_py_pkg/lib/my_py_pkg
[0.602s] Installing add_two_ints_server script to /home/ros-laptop1/Desktop/turtlebotrhodes_ws/install/my_py_pkg/lib/my_py_pkg
[0.602s] Installing hardware_status_publisher script to /home/ros-laptop1/Desktop/turtlebotrhodes_ws/install/my_py_pkg/lib/my_py_pkg
[0.602s] Installing joy_move script to /home/ros-laptop1/Desktop/turtlebotrhodes_ws/install/my_py_pkg/lib/my_py_pkg
[0.602s] Installing number_counter script to /home/ros-laptop1/Desktop/turtlebotrhodes_ws/install/my_py_pkg/lib/my_py_pkg
[0.602s] Installing number_publisher script to /home/ros-laptop1/Desktop/turtlebotrhodes_ws/install/my_py_pkg/lib/my_py_pkg
[0.602s] Installing py_node script to /home/ros-laptop1/Desktop/turtlebotrhodes_ws/install/my_py_pkg/lib/my_py_pkg
[0.602s] Installing robot_news_station script to /home/ros-laptop1/Desktop/turtlebotrhodes_ws/install/my_py_pkg/lib/my_py_pkg
[0.602s] Installing smartphone script to /home/ros-laptop1/Desktop/turtlebotrhodes_ws/install/my_py_pkg/lib/my_py_pkg
[0.602s] writing list of installed files to '/home/ros-laptop1/Desktop/turtlebotrhodes_ws/build/my_py_pkg/install.log'
[0.618s] Invoked command in '/home/ros-laptop1/Desktop/turtlebotrhodes_ws/src/my_py_pkg' returned '0': CMAKE_PREFIX_PATH=/home/ros-laptop1/Desktop/turtlebotrhodes_ws/install/my_robot_interfaces:/home/ros-laptop1/Desktop/turtlebotrhodes_ws/install/my_robot_bringup:/home/ros-laptop1/Desktop/turtlebotrhodes_ws/install/my_cpp_pkg PYTHONPATH=/home/ros-laptop1/Desktop/turtlebotrhodes_ws/build/my_py_pkg/prefix_override:/usr/lib/python3/dist-packages/colcon_core/task/python/colcon_distutils_commands:/home/ros-laptop1/Desktop/turtlebotrhodes_ws/install/my_py_pkg/lib/python3.10/site-packages:${PYTHONPATH} /usr/bin/python3 -W ignore:setup.py install is deprecated -W ignore:easy_install command is deprecated setup.py egg_info --egg-base ../../build/my_py_pkg build --build-base /home/ros-laptop1/Desktop/turtlebotrhodes_ws/build/my_py_pkg/build install --record /home/ros-laptop1/Desktop/turtlebotrhodes_ws/build/my_py_pkg/install.log --single-version-externally-managed install_data
