[0.479s] Invoking command in '/home/ros-laptop1/Desktop/turtlebotrhodes_ws/src/turtlesim_catch_them_all': CMAKE_PREFIX_PATH=/home/ros-laptop1/Desktop/turtlebotrhodes_ws/install/my_robot_interfaces:/home/ros-laptop1/Desktop/turtlebotrhodes_ws/install/my_robot_bringup:/home/ros-laptop1/Desktop/turtlebotrhodes_ws/install/my_cpp_pkg PYTHONPATH=/home/ros-laptop1/Desktop/turtlebotrhodes_ws/build/turtlesim_catch_them_all/prefix_override:/usr/lib/python3/dist-packages/colcon_core/task/python/colcon_distutils_commands:/home/ros-laptop1/Desktop/turtlebotrhodes_ws/install/turtlesim_catch_them_all/lib/python3.10/site-packages:${PYTHONPATH} /usr/bin/python3 -W ignore:setup.py install is deprecated -W ignore:easy_install command is deprecated setup.py egg_info --egg-base ../../build/turtlesim_catch_them_all build --build-base /home/ros-laptop1/Desktop/turtlebotrhodes_ws/build/turtlesim_catch_them_all/build install --record /home/ros-laptop1/Desktop/turtlebotrhodes_ws/build/turtlesim_catch_them_all/install.log --single-version-externally-managed install_data
[0.614s] running egg_info
[0.614s] creating ../../build/turtlesim_catch_them_all/turtlesim_catch_them_all.egg-info
[0.614s] writing ../../build/turtlesim_catch_them_all/turtlesim_catch_them_all.egg-info/PKG-INFO
[0.614s] writing dependency_links to ../../build/turtlesim_catch_them_all/turtlesim_catch_them_all.egg-info/dependency_links.txt
[0.614s] writing entry points to ../../build/turtlesim_catch_them_all/turtlesim_catch_them_all.egg-info/entry_points.txt
[0.614s] writing requirements to ../../build/turtlesim_catch_them_all/turtlesim_catch_them_all.egg-info/requires.txt
[0.614s] writing top-level names to ../../build/turtlesim_catch_them_all/turtlesim_catch_them_all.egg-info/top_level.txt
[0.615s] writing manifest file '../../build/turtlesim_catch_them_all/turtlesim_catch_them_all.egg-info/SOURCES.txt'
[0.615s] reading manifest file '../../build/turtlesim_catch_them_all/turtlesim_catch_them_all.egg-info/SOURCES.txt'
[0.616s] writing manifest file '../../build/turtlesim_catch_them_all/turtlesim_catch_them_all.egg-info/SOURCES.txt'
[0.616s] running build
[0.616s] running build_py
[0.616s] creating /home/ros-laptop1/Desktop/turtlebotrhodes_ws/build/turtlesim_catch_them_all/build
[0.616s] creating /home/ros-laptop1/Desktop/turtlebotrhodes_ws/build/turtlesim_catch_them_all/build/lib
[0.616s] creating /home/ros-laptop1/Desktop/turtlebotrhodes_ws/build/turtlesim_catch_them_all/build/lib/turtlesim_catch_them_all
[0.616s] copying turtlesim_catch_them_all/__init__.py -> /home/ros-laptop1/Desktop/turtlebotrhodes_ws/build/turtlesim_catch_them_all/build/lib/turtlesim_catch_them_all
[0.616s] copying turtlesim_catch_them_all/turtle_controller.py -> /home/ros-laptop1/Desktop/turtlebotrhodes_ws/build/turtlesim_catch_them_all/build/lib/turtlesim_catch_them_all
[0.616s] copying turtlesim_catch_them_all/turtle_spawner.py -> /home/ros-laptop1/Desktop/turtlebotrhodes_ws/build/turtlesim_catch_them_all/build/lib/turtlesim_catch_them_all
[0.616s] running install
[0.616s] running install_lib
[0.617s] creating /home/ros-laptop1/Desktop/turtlebotrhodes_ws/install/turtlesim_catch_them_all/lib/python3.10/site-packages/turtlesim_catch_them_all
[0.617s] copying /home/ros-laptop1/Desktop/turtlebotrhodes_ws/build/turtlesim_catch_them_all/build/lib/turtlesim_catch_them_all/__init__.py -> /home/ros-laptop1/Desktop/turtlebotrhodes_ws/install/turtlesim_catch_them_all/lib/python3.10/site-packages/turtlesim_catch_them_all
[0.617s] copying /home/ros-laptop1/Desktop/turtlebotrhodes_ws/build/turtlesim_catch_them_all/build/lib/turtlesim_catch_them_all/turtle_controller.py -> /home/ros-laptop1/Desktop/turtlebotrhodes_ws/install/turtlesim_catch_them_all/lib/python3.10/site-packages/turtlesim_catch_them_all
[0.617s] copying /home/ros-laptop1/Desktop/turtlebotrhodes_ws/build/turtlesim_catch_them_all/build/lib/turtlesim_catch_them_all/turtle_spawner.py -> /home/ros-laptop1/Desktop/turtlebotrhodes_ws/install/turtlesim_catch_them_all/lib/python3.10/site-packages/turtlesim_catch_them_all
[0.617s] byte-compiling /home/ros-laptop1/Desktop/turtlebotrhodes_ws/install/turtlesim_catch_them_all/lib/python3.10/site-packages/turtlesim_catch_them_all/__init__.py to __init__.cpython-310.pyc
[0.617s] byte-compiling /home/ros-laptop1/Desktop/turtlebotrhodes_ws/install/turtlesim_catch_them_all/lib/python3.10/site-packages/turtlesim_catch_them_all/turtle_controller.py to turtle_controller.cpython-310.pyc
[0.617s] byte-compiling /home/ros-laptop1/Desktop/turtlebotrhodes_ws/install/turtlesim_catch_them_all/lib/python3.10/site-packages/turtlesim_catch_them_all/turtle_spawner.py to turtle_spawner.cpython-310.pyc
[0.618s] running install_data
[0.618s] creating /home/ros-laptop1/Desktop/turtlebotrhodes_ws/install/turtlesim_catch_them_all/share/ament_index
[0.618s] creating /home/ros-laptop1/Desktop/turtlebotrhodes_ws/install/turtlesim_catch_them_all/share/ament_index/resource_index
[0.618s] creating /home/ros-laptop1/Desktop/turtlebotrhodes_ws/install/turtlesim_catch_them_all/share/ament_index/resource_index/packages
[0.618s] copying resource/turtlesim_catch_them_all -> /home/ros-laptop1/Desktop/turtlebotrhodes_ws/install/turtlesim_catch_them_all/share/ament_index/resource_index/packages
[0.618s] copying package.xml -> /home/ros-laptop1/Desktop/turtlebotrhodes_ws/install/turtlesim_catch_them_all/share/turtlesim_catch_them_all
[0.618s] running install_egg_info
[0.619s] Copying ../../build/turtlesim_catch_them_all/turtlesim_catch_them_all.egg-info to /home/ros-laptop1/Desktop/turtlebotrhodes_ws/install/turtlesim_catch_them_all/lib/python3.10/site-packages/turtlesim_catch_them_all-0.0.0-py3.10.egg-info
[0.619s] running install_scripts
[0.631s] Installing turtle_controller script to /home/ros-laptop1/Desktop/turtlebotrhodes_ws/install/turtlesim_catch_them_all/lib/turtlesim_catch_them_all
[0.631s] Installing turtle_spawner script to /home/ros-laptop1/Desktop/turtlebotrhodes_ws/install/turtlesim_catch_them_all/lib/turtlesim_catch_them_all
[0.631s] writing list of installed files to '/home/ros-laptop1/Desktop/turtlebotrhodes_ws/build/turtlesim_catch_them_all/install.log'
[0.645s] Invoked command in '/home/ros-laptop1/Desktop/turtlebotrhodes_ws/src/turtlesim_catch_them_all' returned '0': CMAKE_PREFIX_PATH=/home/ros-laptop1/Desktop/turtlebotrhodes_ws/install/my_robot_interfaces:/home/ros-laptop1/Desktop/turtlebotrhodes_ws/install/my_robot_bringup:/home/ros-laptop1/Desktop/turtlebotrhodes_ws/install/my_cpp_pkg PYTHONPATH=/home/ros-laptop1/Desktop/turtlebotrhodes_ws/build/turtlesim_catch_them_all/prefix_override:/usr/lib/python3/dist-packages/colcon_core/task/python/colcon_distutils_commands:/home/ros-laptop1/Desktop/turtlebotrhodes_ws/install/turtlesim_catch_them_all/lib/python3.10/site-packages:${PYTHONPATH} /usr/bin/python3 -W ignore:setup.py install is deprecated -W ignore:easy_install command is deprecated setup.py egg_info --egg-base ../../build/turtlesim_catch_them_all build --build-base /home/ros-laptop1/Desktop/turtlebotrhodes_ws/build/turtlesim_catch_them_all/build install --record /home/ros-laptop1/Desktop/turtlebotrhodes_ws/build/turtlesim_catch_them_all/install.log --single-version-externally-managed install_data
