[0.008s] Invoking command in '/home/ros-laptop1/Desktop/turtlebotrhodes_ws/build/my_robot_bringup': AMENT_PREFIX_PATH=/home/ros-laptop1/Desktop/turtlebotrhodes_ws/install/turtlesim_catch_them_all:/home/ros-laptop1/Desktop/turtlebotrhodes_ws/install/my_py_pkg:/home/ros-laptop1/Desktop/turtlebotrhodes_ws/install/my_robot_bringup:/home/ros-laptop1/Desktop/turtlebotrhodes_ws/install/my_cpp_pkg:/home/ros-laptop1/Desktop/turtlebotrhodes_ws/install/my_robot_interfaces:/opt/ros/humble CMAKE_PREFIX_PATH=/home/ros-laptop1/Desktop/turtlebotrhodes_ws/install/my_cpp_pkg:/home/ros-laptop1/Desktop/turtlebotrhodes_ws/install/my_robot_interfaces:/home/ros-laptop1/Desktop/turtlebotrhodes_ws/install/my_robot_bringup:/home/ros-laptop1/Desktop/turtlebotrhodes_ws/install/turtlesim_catch_them_all:/home/ros-laptop1/Desktop/turtlebotrhodes_ws/install/my_py_pkg:/opt/ros/humble /usr/bin/cmake --build /home/ros-laptop1/Desktop/turtlebotrhodes_ws/build/my_robot_bringup -- -j20 -l20
[0.035s] Invoked command in '/home/ros-laptop1/Desktop/turtlebotrhodes_ws/build/my_robot_bringup' returned '0': AMENT_PREFIX_PATH=/home/ros-laptop1/Desktop/turtlebotrhodes_ws/install/turtlesim_catch_them_all:/home/ros-laptop1/Desktop/turtlebotrhodes_ws/install/my_py_pkg:/home/ros-laptop1/Desktop/turtlebotrhodes_ws/install/my_robot_bringup:/home/ros-laptop1/Desktop/turtlebotrhodes_ws/install/my_cpp_pkg:/home/ros-laptop1/Desktop/turtlebotrhodes_ws/install/my_robot_interfaces:/opt/ros/humble CMAKE_PREFIX_PATH=/home/ros-laptop1/Desktop/turtlebotrhodes_ws/install/my_cpp_pkg:/home/ros-laptop1/Desktop/turtlebotrhodes_ws/install/my_robot_interfaces:/home/ros-laptop1/Desktop/turtlebotrhodes_ws/install/my_robot_bringup:/home/ros-laptop1/Desktop/turtlebotrhodes_ws/install/turtlesim_catch_them_all:/home/ros-laptop1/Desktop/turtlebotrhodes_ws/install/my_py_pkg:/opt/ros/humble /usr/bin/cmake --build /home/ros-laptop1/Desktop/turtlebotrhodes_ws/build/my_robot_bringup -- -j20 -l20
[0.035s] Invoking command in '/home/ros-laptop1/Desktop/turtlebotrhodes_ws/build/my_robot_bringup': AMENT_PREFIX_PATH=/home/ros-laptop1/Desktop/turtlebotrhodes_ws/install/turtlesim_catch_them_all:/home/ros-laptop1/Desktop/turtlebotrhodes_ws/install/my_py_pkg:/home/ros-laptop1/Desktop/turtlebotrhodes_ws/install/my_robot_bringup:/home/ros-laptop1/Desktop/turtlebotrhodes_ws/install/my_cpp_pkg:/home/ros-laptop1/Desktop/turtlebotrhodes_ws/install/my_robot_interfaces:/opt/ros/humble CMAKE_PREFIX_PATH=/home/ros-laptop1/Desktop/turtlebotrhodes_ws/install/my_cpp_pkg:/home/ros-laptop1/Desktop/turtlebotrhodes_ws/install/my_robot_interfaces:/home/ros-laptop1/Desktop/turtlebotrhodes_ws/install/my_robot_bringup:/home/ros-laptop1/Desktop/turtlebotrhodes_ws/install/turtlesim_catch_them_all:/home/ros-laptop1/Desktop/turtlebotrhodes_ws/install/my_py_pkg:/opt/ros/humble /usr/bin/cmake --install /home/ros-laptop1/Desktop/turtlebotrhodes_ws/build/my_robot_bringup
[0.038s] -- Install configuration: ""
[0.038s] -- Up-to-date: /home/ros-laptop1/Desktop/turtlebotrhodes_ws/install/my_robot_bringup/share/my_robot_bringup/launch
[0.038s] -- Up-to-date: /home/ros-laptop1/Desktop/turtlebotrhodes_ws/install/my_robot_bringup/share/my_robot_bringup/launch/number_app.launch.py
[0.038s] -- Up-to-date: /home/ros-laptop1/Desktop/turtlebotrhodes_ws/install/my_robot_bringup/share/my_robot_bringup/launch/turtlesim_catch_them_all.launch.py
[0.039s] -- Up-to-date: /home/ros-laptop1/Desktop/turtlebotrhodes_ws/install/my_robot_bringup/share/ament_index/resource_index/package_run_dependencies/my_robot_bringup
[0.039s] -- Up-to-date: /home/ros-laptop1/Desktop/turtlebotrhodes_ws/install/my_robot_bringup/share/ament_index/resource_index/parent_prefix_path/my_robot_bringup
[0.039s] -- Up-to-date: /home/ros-laptop1/Desktop/turtlebotrhodes_ws/install/my_robot_bringup/share/my_robot_bringup/environment/ament_prefix_path.sh
[0.039s] -- Up-to-date: /home/ros-laptop1/Desktop/turtlebotrhodes_ws/install/my_robot_bringup/share/my_robot_bringup/environment/ament_prefix_path.dsv
[0.039s] -- Up-to-date: /home/ros-laptop1/Desktop/turtlebotrhodes_ws/install/my_robot_bringup/share/my_robot_bringup/environment/path.sh
[0.039s] -- Up-to-date: /home/ros-laptop1/Desktop/turtlebotrhodes_ws/install/my_robot_bringup/share/my_robot_bringup/environment/path.dsv
[0.039s] -- Up-to-date: /home/ros-laptop1/Desktop/turtlebotrhodes_ws/install/my_robot_bringup/share/my_robot_bringup/local_setup.bash
[0.039s] -- Up-to-date: /home/ros-laptop1/Desktop/turtlebotrhodes_ws/install/my_robot_bringup/share/my_robot_bringup/local_setup.sh
[0.039s] -- Up-to-date: /home/ros-laptop1/Desktop/turtlebotrhodes_ws/install/my_robot_bringup/share/my_robot_bringup/local_setup.zsh
[0.039s] -- Up-to-date: /home/ros-laptop1/Desktop/turtlebotrhodes_ws/install/my_robot_bringup/share/my_robot_bringup/local_setup.dsv
[0.039s] -- Up-to-date: /home/ros-laptop1/Desktop/turtlebotrhodes_ws/install/my_robot_bringup/share/my_robot_bringup/package.dsv
[0.039s] -- Up-to-date: /home/ros-laptop1/Desktop/turtlebotrhodes_ws/install/my_robot_bringup/share/ament_index/resource_index/packages/my_robot_bringup
[0.039s] -- Up-to-date: /home/ros-laptop1/Desktop/turtlebotrhodes_ws/install/my_robot_bringup/share/my_robot_bringup/cmake/my_robot_bringupConfig.cmake
[0.039s] -- Up-to-date: /home/ros-laptop1/Desktop/turtlebotrhodes_ws/install/my_robot_bringup/share/my_robot_bringup/cmake/my_robot_bringupConfig-version.cmake
[0.039s] -- Up-to-date: /home/ros-laptop1/Desktop/turtlebotrhodes_ws/install/my_robot_bringup/share/my_robot_bringup/package.xml
[0.040s] Invoked command in '/home/ros-laptop1/Desktop/turtlebotrhodes_ws/build/my_robot_bringup' returned '0': AMENT_PREFIX_PATH=/home/ros-laptop1/Desktop/turtlebotrhodes_ws/install/turtlesim_catch_them_all:/home/ros-laptop1/Desktop/turtlebotrhodes_ws/install/my_py_pkg:/home/ros-laptop1/Desktop/turtlebotrhodes_ws/install/my_robot_bringup:/home/ros-laptop1/Desktop/turtlebotrhodes_ws/install/my_cpp_pkg:/home/ros-laptop1/Desktop/turtlebotrhodes_ws/install/my_robot_interfaces:/opt/ros/humble CMAKE_PREFIX_PATH=/home/ros-laptop1/Desktop/turtlebotrhodes_ws/install/my_cpp_pkg:/home/ros-laptop1/Desktop/turtlebotrhodes_ws/install/my_robot_interfaces:/home/ros-laptop1/Desktop/turtlebotrhodes_ws/install/my_robot_bringup:/home/ros-laptop1/Desktop/turtlebotrhodes_ws/install/turtlesim_catch_them_all:/home/ros-laptop1/Desktop/turtlebotrhodes_ws/install/my_py_pkg:/opt/ros/humble /usr/bin/cmake --install /home/ros-laptop1/Desktop/turtlebotrhodes_ws/build/my_robot_bringup
