[0.010s] Invoking command in '/home/ros-laptop1/Desktop/turtlebotrhodes_ws/build/my_cpp_pkg': CMAKE_PREFIX_PATH=/home/ros-laptop1/Desktop/turtlebotrhodes_ws/install/my_robot_interfaces:/home/ros-laptop1/Desktop/turtlebotrhodes_ws/install/my_robot_bringup:/home/ros-laptop1/Desktop/turtlebotrhodes_ws/install/my_cpp_pkg:/home/ros-laptop1/Desktop/turtlebotrhodes_ws/install/turtlesim_catch_them_all:/home/ros-laptop1/Desktop/turtlebotrhodes_ws/install/my_py_pkg:/opt/ros/humble /usr/bin/cmake --build /home/ros-laptop1/Desktop/turtlebotrhodes_ws/build/my_cpp_pkg -- -j20 -l20
[0.151s] [35m[1mConsolidate compiler generated dependencies of target smartphone[0m
[0.151s] [35m[1mConsolidate compiler generated dependencies of target robot_news_station[0m
[0.151s] [35m[1mConsolidate compiler generated dependencies of target add_two_ints_client[0m
[0.151s] [35m[1mConsolidate compiler generated dependencies of target hardware_status_publisher[0m
[0.151s] [35m[1mConsolidate compiler generated dependencies of target cpp_node[0m
[0.151s] [35m[1mConsolidate compiler generated dependencies of target add_two_ints_client_no_oop[0m
[0.151s] [35m[1mConsolidate compiler generated dependencies of target add_two_ints_server[0m
[0.151s] [35m[1mConsolidate compiler generated dependencies of target number_publisher[0m
[0.151s] [35m[1mConsolidate compiler generated dependencies of target number_counter[0m
[0.151s] [ 11%] Built target robot_news_station
[0.151s] [ 22%] Built target smartphone
[0.151s] [ 33%] Built target hardware_status_publisher
[0.151s] [ 44%] Built target add_two_ints_client
[0.151s] [ 55%] Built target add_two_ints_client_no_oop
[0.151s] [ 66%] Built target cpp_node
[0.152s] [ 77%] Built target number_publisher
[0.152s] [ 88%] Built target add_two_ints_server
[0.152s] [100%] Built target number_counter
[0.279s] Invoked command in '/home/ros-laptop1/Desktop/turtlebotrhodes_ws/build/my_cpp_pkg' returned '0': CMAKE_PREFIX_PATH=/home/ros-laptop1/Desktop/turtlebotrhodes_ws/install/my_robot_interfaces:/home/ros-laptop1/Desktop/turtlebotrhodes_ws/install/my_robot_bringup:/home/ros-laptop1/Desktop/turtlebotrhodes_ws/install/my_cpp_pkg:/home/ros-laptop1/Desktop/turtlebotrhodes_ws/install/turtlesim_catch_them_all:/home/ros-laptop1/Desktop/turtlebotrhodes_ws/install/my_py_pkg:/opt/ros/humble /usr/bin/cmake --build /home/ros-laptop1/Desktop/turtlebotrhodes_ws/build/my_cpp_pkg -- -j20 -l20
[0.279s] Invoking command in '/home/ros-laptop1/Desktop/turtlebotrhodes_ws/build/my_cpp_pkg': CMAKE_PREFIX_PATH=/home/ros-laptop1/Desktop/turtlebotrhodes_ws/install/my_robot_interfaces:/home/ros-laptop1/Desktop/turtlebotrhodes_ws/install/my_robot_bringup:/home/ros-laptop1/Desktop/turtlebotrhodes_ws/install/my_cpp_pkg:/home/ros-laptop1/Desktop/turtlebotrhodes_ws/install/turtlesim_catch_them_all:/home/ros-laptop1/Desktop/turtlebotrhodes_ws/install/my_py_pkg:/opt/ros/humble /usr/bin/cmake --install /home/ros-laptop1/Desktop/turtlebotrhodes_ws/build/my_cpp_pkg
[0.285s] -- Install configuration: ""
[0.285s] -- Up-to-date: /home/ros-laptop1/Desktop/turtlebotrhodes_ws/install/my_cpp_pkg/lib/my_cpp_pkg/cpp_node
[0.285s] -- Up-to-date: /home/ros-laptop1/Desktop/turtlebotrhodes_ws/install/my_cpp_pkg/lib/my_cpp_pkg/robot_news_station
[0.285s] -- Up-to-date: /home/ros-laptop1/Desktop/turtlebotrhodes_ws/install/my_cpp_pkg/lib/my_cpp_pkg/smartphone
[0.285s] -- Up-to-date: /home/ros-laptop1/Desktop/turtlebotrhodes_ws/install/my_cpp_pkg/lib/my_cpp_pkg/add_two_ints_server
[0.286s] -- Up-to-date: /home/ros-laptop1/Desktop/turtlebotrhodes_ws/install/my_cpp_pkg/lib/my_cpp_pkg/add_two_ints_client_no_oop
[0.286s] -- Up-to-date: /home/ros-laptop1/Desktop/turtlebotrhodes_ws/install/my_cpp_pkg/lib/my_cpp_pkg/add_two_ints_client
[0.286s] -- Up-to-date: /home/ros-laptop1/Desktop/turtlebotrhodes_ws/install/my_cpp_pkg/lib/my_cpp_pkg/hardware_status_publisher
[0.286s] -- Up-to-date: /home/ros-laptop1/Desktop/turtlebotrhodes_ws/install/my_cpp_pkg/lib/my_cpp_pkg/number_publisher
[0.286s] -- Up-to-date: /home/ros-laptop1/Desktop/turtlebotrhodes_ws/install/my_cpp_pkg/lib/my_cpp_pkg/number_counter
[0.286s] -- Up-to-date: /home/ros-laptop1/Desktop/turtlebotrhodes_ws/install/my_cpp_pkg/share/ament_index/resource_index/package_run_dependencies/my_cpp_pkg
[0.287s] -- Up-to-date: /home/ros-laptop1/Desktop/turtlebotrhodes_ws/install/my_cpp_pkg/share/ament_index/resource_index/parent_prefix_path/my_cpp_pkg
[0.287s] -- Up-to-date: /home/ros-laptop1/Desktop/turtlebotrhodes_ws/install/my_cpp_pkg/share/my_cpp_pkg/environment/ament_prefix_path.sh
[0.287s] -- Up-to-date: /home/ros-laptop1/Desktop/turtlebotrhodes_ws/install/my_cpp_pkg/share/my_cpp_pkg/environment/ament_prefix_path.dsv
[0.287s] -- Up-to-date: /home/ros-laptop1/Desktop/turtlebotrhodes_ws/install/my_cpp_pkg/share/my_cpp_pkg/environment/path.sh
[0.287s] -- Up-to-date: /home/ros-laptop1/Desktop/turtlebotrhodes_ws/install/my_cpp_pkg/share/my_cpp_pkg/environment/path.dsv
[0.287s] -- Up-to-date: /home/ros-laptop1/Desktop/turtlebotrhodes_ws/install/my_cpp_pkg/share/my_cpp_pkg/local_setup.bash
[0.287s] -- Up-to-date: /home/ros-laptop1/Desktop/turtlebotrhodes_ws/install/my_cpp_pkg/share/my_cpp_pkg/local_setup.sh
[0.287s] -- Up-to-date: /home/ros-laptop1/Desktop/turtlebotrhodes_ws/install/my_cpp_pkg/share/my_cpp_pkg/local_setup.zsh
[0.287s] -- Up-to-date: /home/ros-laptop1/Desktop/turtlebotrhodes_ws/install/my_cpp_pkg/share/my_cpp_pkg/local_setup.dsv
[0.287s] -- Installing: /home/ros-laptop1/Desktop/turtlebotrhodes_ws/install/my_cpp_pkg/share/my_cpp_pkg/package.dsv
[0.287s] -- Up-to-date: /home/ros-laptop1/Desktop/turtlebotrhodes_ws/install/my_cpp_pkg/share/ament_index/resource_index/packages/my_cpp_pkg
[0.287s] -- Up-to-date: /home/ros-laptop1/Desktop/turtlebotrhodes_ws/install/my_cpp_pkg/share/my_cpp_pkg/cmake/my_cpp_pkgConfig.cmake
[0.287s] -- Up-to-date: /home/ros-laptop1/Desktop/turtlebotrhodes_ws/install/my_cpp_pkg/share/my_cpp_pkg/cmake/my_cpp_pkgConfig-version.cmake
[0.287s] -- Up-to-date: /home/ros-laptop1/Desktop/turtlebotrhodes_ws/install/my_cpp_pkg/share/my_cpp_pkg/package.xml
[0.288s] Invoked command in '/home/ros-laptop1/Desktop/turtlebotrhodes_ws/build/my_cpp_pkg' returned '0': CMAKE_PREFIX_PATH=/home/ros-laptop1/Desktop/turtlebotrhodes_ws/install/my_robot_interfaces:/home/ros-laptop1/Desktop/turtlebotrhodes_ws/install/my_robot_bringup:/home/ros-laptop1/Desktop/turtlebotrhodes_ws/install/my_cpp_pkg:/home/ros-laptop1/Desktop/turtlebotrhodes_ws/install/turtlesim_catch_them_all:/home/ros-laptop1/Desktop/turtlebotrhodes_ws/install/my_py_pkg:/opt/ros/humble /usr/bin/cmake --install /home/ros-laptop1/Desktop/turtlebotrhodes_ws/build/my_cpp_pkg
