[0.056s] DEBUG:colcon:Command line arguments: ['/usr/bin/colcon', 'build']
[0.056s] DEBUG:colcon:Parsed command line arguments: Namespace(log_base=None, log_level=None, verb_name='build', build_base='build', install_base='install', merge_install=False, symlink_install=False, test_result_base=None, continue_on_error=False, executor='parallel', parallel_workers=20, event_handlers=None, ignore_user_meta=False, metas=['./colcon.meta'], base_paths=['.'], packages_ignore=None, packages_ignore_regex=None, paths=None, packages_up_to=None, packages_up_to_regex=None, packages_above=None, packages_above_and_dependencies=None, packages_above_depth=None, packages_select_by_dep=None, packages_skip_by_dep=None, packages_skip_up_to=None, packages_select_build_failed=False, packages_skip_build_finished=False, packages_select_test_failures=False, packages_skip_test_passed=False, packages_select=None, packages_skip=None, packages_select_regex=None, packages_skip_regex=None, packages_start=None, packages_end=None, allow_overriding=[], cmake_args=None, cmake_target=None, cmake_target_skip_unavailable=False, cmake_clean_cache=False, cmake_clean_first=False, cmake_force_configure=False, ament_cmake_args=None, catkin_cmake_args=None, catkin_skip_building_tests=False, mixin_files=None, mixin=None, verb_parser=<colcon_mixin.mixin.mixin_argument.MixinArgumentDecorator object at 0x7d9264943400>, verb_extension=<colcon_core.verb.build.BuildVerb object at 0x7d9264af4bb0>, main=<bound method BuildVerb.main of <colcon_core.verb.build.BuildVerb object at 0x7d9264af4bb0>>, mixin_verb=('build',))
[0.135s] Level 1:colcon.colcon_core.package_discovery:discover_packages(colcon_meta) check parameters
[0.135s] Level 1:colcon.colcon_core.package_discovery:discover_packages(recursive) check parameters
[0.135s] Level 1:colcon.colcon_core.package_discovery:discover_packages(ignore) check parameters
[0.135s] Level 1:colcon.colcon_core.package_discovery:discover_packages(path) check parameters
[0.135s] Level 1:colcon.colcon_core.package_discovery:discover_packages(colcon_meta) discover
[0.135s] Level 1:colcon.colcon_core.package_discovery:discover_packages(recursive) discover
[0.135s] INFO:colcon.colcon_core.package_discovery:Crawling recursively for packages in '/home/ros-laptop1/Desktop/turtlebotrhodes_ws'
[0.135s] Level 1:colcon.colcon_core.package_identification:_identify(.) by extensions ['ignore', 'ignore_ament_install']
[0.135s] Level 1:colcon.colcon_core.package_identification:_identify(.) by extension 'ignore'
[0.135s] Level 1:colcon.colcon_core.package_identification:_identify(.) by extension 'ignore_ament_install'
[0.135s] Level 1:colcon.colcon_core.package_identification:_identify(.) by extensions ['colcon_pkg']
[0.135s] Level 1:colcon.colcon_core.package_identification:_identify(.) by extension 'colcon_pkg'
[0.135s] Level 1:colcon.colcon_core.package_identification:_identify(.) by extensions ['colcon_meta']
[0.135s] Level 1:colcon.colcon_core.package_identification:_identify(.) by extension 'colcon_meta'
[0.135s] Level 1:colcon.colcon_core.package_identification:_identify(.) by extensions ['ros']
[0.135s] Level 1:colcon.colcon_core.package_identification:_identify(.) by extension 'ros'
[0.141s] Level 1:colcon.colcon_core.package_identification:_identify(.) by extensions ['cmake', 'python']
[0.141s] Level 1:colcon.colcon_core.package_identification:_identify(.) by extension 'cmake'
[0.141s] Level 1:colcon.colcon_core.package_identification:_identify(.) by extension 'python'
[0.141s] Level 1:colcon.colcon_core.package_identification:_identify(.) by extensions ['python_setup_py']
[0.141s] Level 1:colcon.colcon_core.package_identification:_identify(.) by extension 'python_setup_py'
[0.141s] Level 1:colcon.colcon_core.package_identification:_identify(build) by extensions ['ignore', 'ignore_ament_install']
[0.141s] Level 1:colcon.colcon_core.package_identification:_identify(build) by extension 'ignore'
[0.141s] Level 1:colcon.colcon_core.package_identification:_identify(build) ignored
[0.141s] Level 1:colcon.colcon_core.package_identification:_identify(install) by extensions ['ignore', 'ignore_ament_install']
[0.141s] Level 1:colcon.colcon_core.package_identification:_identify(install) by extension 'ignore'
[0.141s] Level 1:colcon.colcon_core.package_identification:_identify(install) ignored
[0.141s] Level 1:colcon.colcon_core.package_identification:_identify(log) by extensions ['ignore', 'ignore_ament_install']
[0.141s] Level 1:colcon.colcon_core.package_identification:_identify(log) by extension 'ignore'
[0.142s] Level 1:colcon.colcon_core.package_identification:_identify(log) ignored
[0.142s] Level 1:colcon.colcon_core.package_identification:_identify(src) by extensions ['ignore', 'ignore_ament_install']
[0.142s] Level 1:colcon.colcon_core.package_identification:_identify(src) by extension 'ignore'
[0.142s] Level 1:colcon.colcon_core.package_identification:_identify(src) by extension 'ignore_ament_install'
[0.142s] Level 1:colcon.colcon_core.package_identification:_identify(src) by extensions ['colcon_pkg']
[0.142s] Level 1:colcon.colcon_core.package_identification:_identify(src) by extension 'colcon_pkg'
[0.142s] Level 1:colcon.colcon_core.package_identification:_identify(src) by extensions ['colcon_meta']
[0.142s] Level 1:colcon.colcon_core.package_identification:_identify(src) by extension 'colcon_meta'
[0.142s] Level 1:colcon.colcon_core.package_identification:_identify(src) by extensions ['ros']
[0.142s] Level 1:colcon.colcon_core.package_identification:_identify(src) by extension 'ros'
[0.142s] Level 1:colcon.colcon_core.package_identification:_identify(src) by extensions ['cmake', 'python']
[0.142s] Level 1:colcon.colcon_core.package_identification:_identify(src) by extension 'cmake'
[0.142s] Level 1:colcon.colcon_core.package_identification:_identify(src) by extension 'python'
[0.142s] Level 1:colcon.colcon_core.package_identification:_identify(src) by extensions ['python_setup_py']
[0.142s] Level 1:colcon.colcon_core.package_identification:_identify(src) by extension 'python_setup_py'
[0.142s] Level 1:colcon.colcon_core.package_identification:_identify(src/my_cpp_pkg) by extensions ['ignore', 'ignore_ament_install']
[0.142s] Level 1:colcon.colcon_core.package_identification:_identify(src/my_cpp_pkg) by extension 'ignore'
[0.142s] Level 1:colcon.colcon_core.package_identification:_identify(src/my_cpp_pkg) by extension 'ignore_ament_install'
[0.142s] Level 1:colcon.colcon_core.package_identification:_identify(src/my_cpp_pkg) by extensions ['colcon_pkg']
[0.142s] Level 1:colcon.colcon_core.package_identification:_identify(src/my_cpp_pkg) by extension 'colcon_pkg'
[0.142s] Level 1:colcon.colcon_core.package_identification:_identify(src/my_cpp_pkg) by extensions ['colcon_meta']
[0.142s] Level 1:colcon.colcon_core.package_identification:_identify(src/my_cpp_pkg) by extension 'colcon_meta'
[0.142s] Level 1:colcon.colcon_core.package_identification:_identify(src/my_cpp_pkg) by extensions ['ros']
[0.142s] Level 1:colcon.colcon_core.package_identification:_identify(src/my_cpp_pkg) by extension 'ros'
[0.143s] DEBUG:colcon.colcon_core.package_identification:Package 'src/my_cpp_pkg' with type 'ros.ament_cmake' and name 'my_cpp_pkg'
[0.143s] Level 1:colcon.colcon_core.package_identification:_identify(src/my_py_pkg) by extensions ['ignore', 'ignore_ament_install']
[0.143s] Level 1:colcon.colcon_core.package_identification:_identify(src/my_py_pkg) by extension 'ignore'
[0.143s] Level 1:colcon.colcon_core.package_identification:_identify(src/my_py_pkg) by extension 'ignore_ament_install'
[0.143s] Level 1:colcon.colcon_core.package_identification:_identify(src/my_py_pkg) by extensions ['colcon_pkg']
[0.143s] Level 1:colcon.colcon_core.package_identification:_identify(src/my_py_pkg) by extension 'colcon_pkg'
[0.143s] Level 1:colcon.colcon_core.package_identification:_identify(src/my_py_pkg) by extensions ['colcon_meta']
[0.143s] Level 1:colcon.colcon_core.package_identification:_identify(src/my_py_pkg) by extension 'colcon_meta'
[0.143s] Level 1:colcon.colcon_core.package_identification:_identify(src/my_py_pkg) by extensions ['ros']
[0.143s] Level 1:colcon.colcon_core.package_identification:_identify(src/my_py_pkg) by extension 'ros'
[0.144s] DEBUG:colcon.colcon_core.package_identification:Package 'src/my_py_pkg' with type 'ros.ament_python' and name 'my_py_pkg'
[0.144s] Level 1:colcon.colcon_core.package_identification:_identify(src/my_robot_bringup) by extensions ['ignore', 'ignore_ament_install']
[0.144s] Level 1:colcon.colcon_core.package_identification:_identify(src/my_robot_bringup) by extension 'ignore'
[0.144s] Level 1:colcon.colcon_core.package_identification:_identify(src/my_robot_bringup) by extension 'ignore_ament_install'
[0.144s] Level 1:colcon.colcon_core.package_identification:_identify(src/my_robot_bringup) by extensions ['colcon_pkg']
[0.144s] Level 1:colcon.colcon_core.package_identification:_identify(src/my_robot_bringup) by extension 'colcon_pkg'
[0.144s] Level 1:colcon.colcon_core.package_identification:_identify(src/my_robot_bringup) by extensions ['colcon_meta']
[0.144s] Level 1:colcon.colcon_core.package_identification:_identify(src/my_robot_bringup) by extension 'colcon_meta'
[0.144s] Level 1:colcon.colcon_core.package_identification:_identify(src/my_robot_bringup) by extensions ['ros']
[0.144s] Level 1:colcon.colcon_core.package_identification:_identify(src/my_robot_bringup) by extension 'ros'
[0.145s] DEBUG:colcon.colcon_core.package_identification:Package 'src/my_robot_bringup' with type 'ros.ament_cmake' and name 'my_robot_bringup'
[0.145s] Level 1:colcon.colcon_core.package_identification:_identify(src/my_robot_interfaces) by extensions ['ignore', 'ignore_ament_install']
[0.145s] Level 1:colcon.colcon_core.package_identification:_identify(src/my_robot_interfaces) by extension 'ignore'
[0.145s] Level 1:colcon.colcon_core.package_identification:_identify(src/my_robot_interfaces) by extension 'ignore_ament_install'
[0.145s] Level 1:colcon.colcon_core.package_identification:_identify(src/my_robot_interfaces) by extensions ['colcon_pkg']
[0.145s] Level 1:colcon.colcon_core.package_identification:_identify(src/my_robot_interfaces) by extension 'colcon_pkg'
[0.145s] Level 1:colcon.colcon_core.package_identification:_identify(src/my_robot_interfaces) by extensions ['colcon_meta']
[0.145s] Level 1:colcon.colcon_core.package_identification:_identify(src/my_robot_interfaces) by extension 'colcon_meta'
[0.145s] Level 1:colcon.colcon_core.package_identification:_identify(src/my_robot_interfaces) by extensions ['ros']
[0.145s] Level 1:colcon.colcon_core.package_identification:_identify(src/my_robot_interfaces) by extension 'ros'
[0.145s] DEBUG:colcon.colcon_core.package_identification:Package 'src/my_robot_interfaces' with type 'ros.ament_cmake' and name 'my_robot_interfaces'
[0.145s] Level 1:colcon.colcon_core.package_identification:_identify(src/turtlesim_catch_them_all) by extensions ['ignore', 'ignore_ament_install']
[0.145s] Level 1:colcon.colcon_core.package_identification:_identify(src/turtlesim_catch_them_all) by extension 'ignore'
[0.145s] Level 1:colcon.colcon_core.package_identification:_identify(src/turtlesim_catch_them_all) by extension 'ignore_ament_install'
[0.145s] Level 1:colcon.colcon_core.package_identification:_identify(src/turtlesim_catch_them_all) by extensions ['colcon_pkg']
[0.145s] Level 1:colcon.colcon_core.package_identification:_identify(src/turtlesim_catch_them_all) by extension 'colcon_pkg'
[0.145s] Level 1:colcon.colcon_core.package_identification:_identify(src/turtlesim_catch_them_all) by extensions ['colcon_meta']
[0.145s] Level 1:colcon.colcon_core.package_identification:_identify(src/turtlesim_catch_them_all) by extension 'colcon_meta'
[0.145s] Level 1:colcon.colcon_core.package_identification:_identify(src/turtlesim_catch_them_all) by extensions ['ros']
[0.145s] Level 1:colcon.colcon_core.package_identification:_identify(src/turtlesim_catch_them_all) by extension 'ros'
[0.146s] DEBUG:colcon.colcon_core.package_identification:Package 'src/turtlesim_catch_them_all' with type 'ros.ament_python' and name 'turtlesim_catch_them_all'
[0.146s] Level 1:colcon.colcon_core.package_discovery:discover_packages(recursive) using defaults
[0.146s] Level 1:colcon.colcon_core.package_discovery:discover_packages(ignore) discover
[0.146s] Level 1:colcon.colcon_core.package_discovery:discover_packages(ignore) using defaults
[0.146s] Level 1:colcon.colcon_core.package_discovery:discover_packages(path) discover
[0.146s] Level 1:colcon.colcon_core.package_discovery:discover_packages(path) using defaults
[0.162s] Level 1:colcon.colcon_core.package_discovery:discover_packages(prefix_path) check parameters
[0.162s] Level 1:colcon.colcon_core.package_discovery:discover_packages(prefix_path) discover
[0.163s] WARNING:colcon.colcon_ros.prefix_path.ament:The path '/home/ros-laptop1/Desktop/turtlebotrhodes_ws/install/turtlesim_catch_them_all' in the environment variable AMENT_PREFIX_PATH doesn't exist
[0.163s] WARNING:colcon.colcon_ros.prefix_path.ament:The path '/home/ros-laptop1/Desktop/turtlebotrhodes_ws/install/my_robot_bringup' in the environment variable AMENT_PREFIX_PATH doesn't exist
[0.163s] WARNING:colcon.colcon_ros.prefix_path.ament:The path '/home/ros-laptop1/Desktop/turtlebotrhodes_ws/install/my_py_pkg' in the environment variable AMENT_PREFIX_PATH doesn't exist
[0.163s] WARNING:colcon.colcon_ros.prefix_path.ament:The path '/home/ros-laptop1/Desktop/turtlebotrhodes_ws/install/my_cpp_pkg' in the environment variable AMENT_PREFIX_PATH doesn't exist
[0.163s] WARNING:colcon.colcon_ros.prefix_path.ament:The path '/home/ros-laptop1/Desktop/turtlebotrhodes_ws/install/my_robot_interfaces' in the environment variable AMENT_PREFIX_PATH doesn't exist
[0.163s] WARNING:colcon.colcon_ros.prefix_path.catkin:The path '/home/ros-laptop1/Desktop/turtlebotrhodes_ws/install/my_robot_bringup' in the environment variable CMAKE_PREFIX_PATH doesn't exist
[0.163s] WARNING:colcon.colcon_ros.prefix_path.catkin:The path '/home/ros-laptop1/Desktop/turtlebotrhodes_ws/install/my_cpp_pkg' in the environment variable CMAKE_PREFIX_PATH doesn't exist
[0.163s] WARNING:colcon.colcon_ros.prefix_path.catkin:The path '/home/ros-laptop1/Desktop/turtlebotrhodes_ws/install/my_robot_interfaces' in the environment variable CMAKE_PREFIX_PATH doesn't exist
[0.163s] DEBUG:colcon.colcon_installed_package_information.package_discovery:Found 0 installed packages in /home/ros-laptop1/Desktop/turtlebotrhodes_ws/install
[0.164s] DEBUG:colcon.colcon_installed_package_information.package_discovery:Found 410 installed packages in /opt/ros/humble
[0.165s] Level 1:colcon.colcon_core.package_discovery:discover_packages(prefix_path) using defaults
[0.187s] Level 5:colcon.colcon_core.verb:set package 'my_robot_interfaces' build argument 'cmake_args' from command line to 'None'
[0.187s] Level 5:colcon.colcon_core.verb:set package 'my_robot_interfaces' build argument 'cmake_target' from command line to 'None'
[0.187s] Level 5:colcon.colcon_core.verb:set package 'my_robot_interfaces' build argument 'cmake_target_skip_unavailable' from command line to 'False'
[0.187s] Level 5:colcon.colcon_core.verb:set package 'my_robot_interfaces' build argument 'cmake_clean_cache' from command line to 'False'
[0.187s] Level 5:colcon.colcon_core.verb:set package 'my_robot_interfaces' build argument 'cmake_clean_first' from command line to 'False'
[0.187s] Level 5:colcon.colcon_core.verb:set package 'my_robot_interfaces' build argument 'cmake_force_configure' from command line to 'False'
[0.187s] Level 5:colcon.colcon_core.verb:set package 'my_robot_interfaces' build argument 'ament_cmake_args' from command line to 'None'
[0.187s] Level 5:colcon.colcon_core.verb:set package 'my_robot_interfaces' build argument 'catkin_cmake_args' from command line to 'None'
[0.187s] Level 5:colcon.colcon_core.verb:set package 'my_robot_interfaces' build argument 'catkin_skip_building_tests' from command line to 'False'
[0.187s] DEBUG:colcon.colcon_core.verb:Building package 'my_robot_interfaces' with the following arguments: {'ament_cmake_args': None, 'build_base': '/home/ros-laptop1/Desktop/turtlebotrhodes_ws/build/my_robot_interfaces', 'catkin_cmake_args': None, 'catkin_skip_building_tests': False, 'cmake_args': None, 'cmake_clean_cache': False, 'cmake_clean_first': False, 'cmake_force_configure': False, 'cmake_target': None, 'cmake_target_skip_unavailable': False, 'install_base': '/home/ros-laptop1/Desktop/turtlebotrhodes_ws/install/my_robot_interfaces', 'merge_install': False, 'path': '/home/ros-laptop1/Desktop/turtlebotrhodes_ws/src/my_robot_interfaces', 'symlink_install': False, 'test_result_base': None}
[0.188s] Level 5:colcon.colcon_core.verb:set package 'my_cpp_pkg' build argument 'cmake_args' from command line to 'None'
[0.188s] Level 5:colcon.colcon_core.verb:set package 'my_cpp_pkg' build argument 'cmake_target' from command line to 'None'
[0.188s] Level 5:colcon.colcon_core.verb:set package 'my_cpp_pkg' build argument 'cmake_target_skip_unavailable' from command line to 'False'
[0.188s] Level 5:colcon.colcon_core.verb:set package 'my_cpp_pkg' build argument 'cmake_clean_cache' from command line to 'False'
[0.188s] Level 5:colcon.colcon_core.verb:set package 'my_cpp_pkg' build argument 'cmake_clean_first' from command line to 'False'
[0.188s] Level 5:colcon.colcon_core.verb:set package 'my_cpp_pkg' build argument 'cmake_force_configure' from command line to 'False'
[0.188s] Level 5:colcon.colcon_core.verb:set package 'my_cpp_pkg' build argument 'ament_cmake_args' from command line to 'None'
[0.188s] Level 5:colcon.colcon_core.verb:set package 'my_cpp_pkg' build argument 'catkin_cmake_args' from command line to 'None'
[0.188s] Level 5:colcon.colcon_core.verb:set package 'my_cpp_pkg' build argument 'catkin_skip_building_tests' from command line to 'False'
[0.188s] DEBUG:colcon.colcon_core.verb:Building package 'my_cpp_pkg' with the following arguments: {'ament_cmake_args': None, 'build_base': '/home/ros-laptop1/Desktop/turtlebotrhodes_ws/build/my_cpp_pkg', 'catkin_cmake_args': None, 'catkin_skip_building_tests': False, 'cmake_args': None, 'cmake_clean_cache': False, 'cmake_clean_first': False, 'cmake_force_configure': False, 'cmake_target': None, 'cmake_target_skip_unavailable': False, 'install_base': '/home/ros-laptop1/Desktop/turtlebotrhodes_ws/install/my_cpp_pkg', 'merge_install': False, 'path': '/home/ros-laptop1/Desktop/turtlebotrhodes_ws/src/my_cpp_pkg', 'symlink_install': False, 'test_result_base': None}
[0.188s] Level 5:colcon.colcon_core.verb:set package 'my_py_pkg' build argument 'cmake_args' from command line to 'None'
[0.188s] Level 5:colcon.colcon_core.verb:set package 'my_py_pkg' build argument 'cmake_target' from command line to 'None'
[0.188s] Level 5:colcon.colcon_core.verb:set package 'my_py_pkg' build argument 'cmake_target_skip_unavailable' from command line to 'False'
[0.188s] Level 5:colcon.colcon_core.verb:set package 'my_py_pkg' build argument 'cmake_clean_cache' from command line to 'False'
[0.188s] Level 5:colcon.colcon_core.verb:set package 'my_py_pkg' build argument 'cmake_clean_first' from command line to 'False'
[0.188s] Level 5:colcon.colcon_core.verb:set package 'my_py_pkg' build argument 'cmake_force_configure' from command line to 'False'
[0.188s] Level 5:colcon.colcon_core.verb:set package 'my_py_pkg' build argument 'ament_cmake_args' from command line to 'None'
[0.188s] Level 5:colcon.colcon_core.verb:set package 'my_py_pkg' build argument 'catkin_cmake_args' from command line to 'None'
[0.188s] Level 5:colcon.colcon_core.verb:set package 'my_py_pkg' build argument 'catkin_skip_building_tests' from command line to 'False'
[0.188s] DEBUG:colcon.colcon_core.verb:Building package 'my_py_pkg' with the following arguments: {'ament_cmake_args': None, 'build_base': '/home/ros-laptop1/Desktop/turtlebotrhodes_ws/build/my_py_pkg', 'catkin_cmake_args': None, 'catkin_skip_building_tests': False, 'cmake_args': None, 'cmake_clean_cache': False, 'cmake_clean_first': False, 'cmake_force_configure': False, 'cmake_target': None, 'cmake_target_skip_unavailable': False, 'install_base': '/home/ros-laptop1/Desktop/turtlebotrhodes_ws/install/my_py_pkg', 'merge_install': False, 'path': '/home/ros-laptop1/Desktop/turtlebotrhodes_ws/src/my_py_pkg', 'symlink_install': False, 'test_result_base': None}
[0.188s] Level 5:colcon.colcon_core.verb:set package 'turtlesim_catch_them_all' build argument 'cmake_args' from command line to 'None'
[0.188s] Level 5:colcon.colcon_core.verb:set package 'turtlesim_catch_them_all' build argument 'cmake_target' from command line to 'None'
[0.188s] Level 5:colcon.colcon_core.verb:set package 'turtlesim_catch_them_all' build argument 'cmake_target_skip_unavailable' from command line to 'False'
[0.188s] Level 5:colcon.colcon_core.verb:set package 'turtlesim_catch_them_all' build argument 'cmake_clean_cache' from command line to 'False'
[0.188s] Level 5:colcon.colcon_core.verb:set package 'turtlesim_catch_them_all' build argument 'cmake_clean_first' from command line to 'False'
[0.188s] Level 5:colcon.colcon_core.verb:set package 'turtlesim_catch_them_all' build argument 'cmake_force_configure' from command line to 'False'
[0.188s] Level 5:colcon.colcon_core.verb:set package 'turtlesim_catch_them_all' build argument 'ament_cmake_args' from command line to 'None'
[0.188s] Level 5:colcon.colcon_core.verb:set package 'turtlesim_catch_them_all' build argument 'catkin_cmake_args' from command line to 'None'
[0.188s] Level 5:colcon.colcon_core.verb:set package 'turtlesim_catch_them_all' build argument 'catkin_skip_building_tests' from command line to 'False'
[0.188s] DEBUG:colcon.colcon_core.verb:Building package 'turtlesim_catch_them_all' with the following arguments: {'ament_cmake_args': None, 'build_base': '/home/ros-laptop1/Desktop/turtlebotrhodes_ws/build/turtlesim_catch_them_all', 'catkin_cmake_args': None, 'catkin_skip_building_tests': False, 'cmake_args': None, 'cmake_clean_cache': False, 'cmake_clean_first': False, 'cmake_force_configure': False, 'cmake_target': None, 'cmake_target_skip_unavailable': False, 'install_base': '/home/ros-laptop1/Desktop/turtlebotrhodes_ws/install/turtlesim_catch_them_all', 'merge_install': False, 'path': '/home/ros-laptop1/Desktop/turtlebotrhodes_ws/src/turtlesim_catch_them_all', 'symlink_install': False, 'test_result_base': None}
[0.188s] Level 5:colcon.colcon_core.verb:set package 'my_robot_bringup' build argument 'cmake_args' from command line to 'None'
[0.188s] Level 5:colcon.colcon_core.verb:set package 'my_robot_bringup' build argument 'cmake_target' from command line to 'None'
[0.188s] Level 5:colcon.colcon_core.verb:set package 'my_robot_bringup' build argument 'cmake_target_skip_unavailable' from command line to 'False'
[0.188s] Level 5:colcon.colcon_core.verb:set package 'my_robot_bringup' build argument 'cmake_clean_cache' from command line to 'False'
[0.188s] Level 5:colcon.colcon_core.verb:set package 'my_robot_bringup' build argument 'cmake_clean_first' from command line to 'False'
[0.188s] Level 5:colcon.colcon_core.verb:set package 'my_robot_bringup' build argument 'cmake_force_configure' from command line to 'False'
[0.188s] Level 5:colcon.colcon_core.verb:set package 'my_robot_bringup' build argument 'ament_cmake_args' from command line to 'None'
[0.188s] Level 5:colcon.colcon_core.verb:set package 'my_robot_bringup' build argument 'catkin_cmake_args' from command line to 'None'
[0.188s] Level 5:colcon.colcon_core.verb:set package 'my_robot_bringup' build argument 'catkin_skip_building_tests' from command line to 'False'
[0.188s] DEBUG:colcon.colcon_core.verb:Building package 'my_robot_bringup' with the following arguments: {'ament_cmake_args': None, 'build_base': '/home/ros-laptop1/Desktop/turtlebotrhodes_ws/build/my_robot_bringup', 'catkin_cmake_args': None, 'catkin_skip_building_tests': False, 'cmake_args': None, 'cmake_clean_cache': False, 'cmake_clean_first': False, 'cmake_force_configure': False, 'cmake_target': None, 'cmake_target_skip_unavailable': False, 'install_base': '/home/ros-laptop1/Desktop/turtlebotrhodes_ws/install/my_robot_bringup', 'merge_install': False, 'path': '/home/ros-laptop1/Desktop/turtlebotrhodes_ws/src/my_robot_bringup', 'symlink_install': False, 'test_result_base': None}
[0.189s] INFO:colcon.colcon_core.executor:Executing jobs using 'parallel' executor
[0.189s] DEBUG:colcon.colcon_parallel_executor.executor.parallel:run_until_complete
[0.189s] INFO:colcon.colcon_ros.task.ament_cmake.build:Building ROS package in '/home/ros-laptop1/Desktop/turtlebotrhodes_ws/src/my_robot_interfaces' with build type 'ament_cmake'
[0.190s] INFO:colcon.colcon_cmake.task.cmake.build:Building CMake package in '/home/ros-laptop1/Desktop/turtlebotrhodes_ws/src/my_robot_interfaces'
[0.191s] INFO:colcon.colcon_core.plugin_system:Skipping extension 'colcon_core.shell.bat': Not used on non-Windows systems
[0.191s] INFO:colcon.colcon_core.shell:Skip shell extension 'powershell' for command environment: Not usable outside of PowerShell
[0.191s] DEBUG:colcon.colcon_core.shell:Skip shell extension 'dsv' for command environment
[0.196s] DEBUG:colcon.colcon_core.event_handler.log_command:Invoking command in '/home/ros-laptop1/Desktop/turtlebotrhodes_ws/build/my_robot_interfaces': CMAKE_PREFIX_PATH=${CMAKE_PREFIX_PATH}:/home/ros-laptop1/Desktop/turtlebotrhodes_ws/install/turtlesim_catch_them_all:/home/ros-laptop1/Desktop/turtlebotrhodes_ws/install/my_py_pkg:/opt/ros/humble /usr/bin/cmake /home/ros-laptop1/Desktop/turtlebotrhodes_ws/src/my_robot_interfaces -DCMAKE_INSTALL_PREFIX=/home/ros-laptop1/Desktop/turtlebotrhodes_ws/install/my_robot_interfaces
[1.087s] DEBUG:colcon.colcon_core.event_handler.log_command:Invoked command in '/home/ros-laptop1/Desktop/turtlebotrhodes_ws/build/my_robot_interfaces' returned '0': CMAKE_PREFIX_PATH=${CMAKE_PREFIX_PATH}:/home/ros-laptop1/Desktop/turtlebotrhodes_ws/install/turtlesim_catch_them_all:/home/ros-laptop1/Desktop/turtlebotrhodes_ws/install/my_py_pkg:/opt/ros/humble /usr/bin/cmake /home/ros-laptop1/Desktop/turtlebotrhodes_ws/src/my_robot_interfaces -DCMAKE_INSTALL_PREFIX=/home/ros-laptop1/Desktop/turtlebotrhodes_ws/install/my_robot_interfaces
[1.087s] DEBUG:colcon.colcon_core.event_handler.log_command:Invoking command in '/home/ros-laptop1/Desktop/turtlebotrhodes_ws/build/my_robot_interfaces': CMAKE_PREFIX_PATH=${CMAKE_PREFIX_PATH}:/home/ros-laptop1/Desktop/turtlebotrhodes_ws/install/turtlesim_catch_them_all:/home/ros-laptop1/Desktop/turtlebotrhodes_ws/install/my_py_pkg:/opt/ros/humble /usr/bin/cmake --build /home/ros-laptop1/Desktop/turtlebotrhodes_ws/build/my_robot_interfaces -- -j20 -l20
[3.075s] DEBUG:colcon.colcon_core.event_handler.log_command:Invoked command in '/home/ros-laptop1/Desktop/turtlebotrhodes_ws/build/my_robot_interfaces' returned '0': CMAKE_PREFIX_PATH=${CMAKE_PREFIX_PATH}:/home/ros-laptop1/Desktop/turtlebotrhodes_ws/install/turtlesim_catch_them_all:/home/ros-laptop1/Desktop/turtlebotrhodes_ws/install/my_py_pkg:/opt/ros/humble /usr/bin/cmake --build /home/ros-laptop1/Desktop/turtlebotrhodes_ws/build/my_robot_interfaces -- -j20 -l20
[3.081s] DEBUG:colcon.colcon_core.event_handler.log_command:Invoking command in '/home/ros-laptop1/Desktop/turtlebotrhodes_ws/build/my_robot_interfaces': CMAKE_PREFIX_PATH=${CMAKE_PREFIX_PATH}:/home/ros-laptop1/Desktop/turtlebotrhodes_ws/install/turtlesim_catch_them_all:/home/ros-laptop1/Desktop/turtlebotrhodes_ws/install/my_py_pkg:/opt/ros/humble /usr/bin/cmake --install /home/ros-laptop1/Desktop/turtlebotrhodes_ws/build/my_robot_interfaces
[3.119s] Level 1:colcon.colcon_core.environment:create_environment_scripts_only(my_robot_interfaces)
[3.119s] DEBUG:colcon.colcon_core.event_handler.log_command:Invoked command in '/home/ros-laptop1/Desktop/turtlebotrhodes_ws/build/my_robot_interfaces' returned '0': CMAKE_PREFIX_PATH=${CMAKE_PREFIX_PATH}:/home/ros-laptop1/Desktop/turtlebotrhodes_ws/install/turtlesim_catch_them_all:/home/ros-laptop1/Desktop/turtlebotrhodes_ws/install/my_py_pkg:/opt/ros/humble /usr/bin/cmake --install /home/ros-laptop1/Desktop/turtlebotrhodes_ws/build/my_robot_interfaces
[3.120s] Level 1:colcon.colcon_core.environment:checking '/home/ros-laptop1/Desktop/turtlebotrhodes_ws/install/my_robot_interfaces' for CMake module files
[3.120s] Level 1:colcon.colcon_core.environment:checking '/home/ros-laptop1/Desktop/turtlebotrhodes_ws/install/my_robot_interfaces' for CMake config files
[3.121s] Level 1:colcon.colcon_core.shell:create_environment_hook('my_robot_interfaces', 'cmake_prefix_path')
[3.121s] INFO:colcon.colcon_core.shell:Creating environment hook '/home/ros-laptop1/Desktop/turtlebotrhodes_ws/install/my_robot_interfaces/share/my_robot_interfaces/hook/cmake_prefix_path.ps1'
[3.121s] INFO:colcon.colcon_core.shell:Creating environment descriptor '/home/ros-laptop1/Desktop/turtlebotrhodes_ws/install/my_robot_interfaces/share/my_robot_interfaces/hook/cmake_prefix_path.dsv'
[3.121s] INFO:colcon.colcon_core.shell:Creating environment hook '/home/ros-laptop1/Desktop/turtlebotrhodes_ws/install/my_robot_interfaces/share/my_robot_interfaces/hook/cmake_prefix_path.sh'
[3.122s] Level 1:colcon.colcon_core.environment:checking '/home/ros-laptop1/Desktop/turtlebotrhodes_ws/install/my_robot_interfaces/lib'
[3.122s] Level 1:colcon.colcon_core.shell:create_environment_hook('my_robot_interfaces', 'ld_library_path_lib')
[3.122s] INFO:colcon.colcon_core.shell:Creating environment hook '/home/ros-laptop1/Desktop/turtlebotrhodes_ws/install/my_robot_interfaces/share/my_robot_interfaces/hook/ld_library_path_lib.ps1'
[3.122s] INFO:colcon.colcon_core.shell:Creating environment descriptor '/home/ros-laptop1/Desktop/turtlebotrhodes_ws/install/my_robot_interfaces/share/my_robot_interfaces/hook/ld_library_path_lib.dsv'
[3.122s] INFO:colcon.colcon_core.shell:Creating environment hook '/home/ros-laptop1/Desktop/turtlebotrhodes_ws/install/my_robot_interfaces/share/my_robot_interfaces/hook/ld_library_path_lib.sh'
[3.122s] Level 1:colcon.colcon_core.environment:checking '/home/ros-laptop1/Desktop/turtlebotrhodes_ws/install/my_robot_interfaces/bin'
[3.122s] Level 1:colcon.colcon_core.environment:checking '/home/ros-laptop1/Desktop/turtlebotrhodes_ws/install/my_robot_interfaces/lib/pkgconfig/my_robot_interfaces.pc'
[3.122s] Level 1:colcon.colcon_core.environment:checking '/home/ros-laptop1/Desktop/turtlebotrhodes_ws/install/my_robot_interfaces/lib/python3.10/site-packages'
[3.123s] Level 1:colcon.colcon_core.environment:checking '/home/ros-laptop1/Desktop/turtlebotrhodes_ws/install/my_robot_interfaces/bin'
[3.123s] INFO:colcon.colcon_core.shell:Creating package script '/home/ros-laptop1/Desktop/turtlebotrhodes_ws/install/my_robot_interfaces/share/my_robot_interfaces/package.ps1'
[3.123s] INFO:colcon.colcon_core.shell:Creating package descriptor '/home/ros-laptop1/Desktop/turtlebotrhodes_ws/install/my_robot_interfaces/share/my_robot_interfaces/package.dsv'
[3.123s] INFO:colcon.colcon_core.shell:Creating package script '/home/ros-laptop1/Desktop/turtlebotrhodes_ws/install/my_robot_interfaces/share/my_robot_interfaces/package.sh'
[3.124s] INFO:colcon.colcon_core.shell:Creating package script '/home/ros-laptop1/Desktop/turtlebotrhodes_ws/install/my_robot_interfaces/share/my_robot_interfaces/package.bash'
[3.124s] INFO:colcon.colcon_core.shell:Creating package script '/home/ros-laptop1/Desktop/turtlebotrhodes_ws/install/my_robot_interfaces/share/my_robot_interfaces/package.zsh'
[3.124s] Level 1:colcon.colcon_core.environment:create_file_with_runtime_dependencies(/home/ros-laptop1/Desktop/turtlebotrhodes_ws/install/my_robot_interfaces/share/colcon-core/packages/my_robot_interfaces)
[3.125s] Level 1:colcon.colcon_core.environment:create_environment_scripts_only(my_robot_interfaces)
[3.125s] Level 1:colcon.colcon_core.environment:checking '/home/ros-laptop1/Desktop/turtlebotrhodes_ws/install/my_robot_interfaces' for CMake module files
[3.125s] Level 1:colcon.colcon_core.environment:checking '/home/ros-laptop1/Desktop/turtlebotrhodes_ws/install/my_robot_interfaces' for CMake config files
[3.125s] Level 1:colcon.colcon_core.shell:create_environment_hook('my_robot_interfaces', 'cmake_prefix_path')
[3.125s] INFO:colcon.colcon_core.shell:Creating environment hook '/home/ros-laptop1/Desktop/turtlebotrhodes_ws/install/my_robot_interfaces/share/my_robot_interfaces/hook/cmake_prefix_path.ps1'
[3.126s] INFO:colcon.colcon_core.shell:Creating environment descriptor '/home/ros-laptop1/Desktop/turtlebotrhodes_ws/install/my_robot_interfaces/share/my_robot_interfaces/hook/cmake_prefix_path.dsv'
[3.126s] INFO:colcon.colcon_core.shell:Creating environment hook '/home/ros-laptop1/Desktop/turtlebotrhodes_ws/install/my_robot_interfaces/share/my_robot_interfaces/hook/cmake_prefix_path.sh'
[3.126s] Level 1:colcon.colcon_core.environment:checking '/home/ros-laptop1/Desktop/turtlebotrhodes_ws/install/my_robot_interfaces/lib'
[3.126s] Level 1:colcon.colcon_core.shell:create_environment_hook('my_robot_interfaces', 'ld_library_path_lib')
[3.126s] INFO:colcon.colcon_core.shell:Creating environment hook '/home/ros-laptop1/Desktop/turtlebotrhodes_ws/install/my_robot_interfaces/share/my_robot_interfaces/hook/ld_library_path_lib.ps1'
[3.126s] INFO:colcon.colcon_core.shell:Creating environment descriptor '/home/ros-laptop1/Desktop/turtlebotrhodes_ws/install/my_robot_interfaces/share/my_robot_interfaces/hook/ld_library_path_lib.dsv'
[3.127s] INFO:colcon.colcon_core.shell:Creating environment hook '/home/ros-laptop1/Desktop/turtlebotrhodes_ws/install/my_robot_interfaces/share/my_robot_interfaces/hook/ld_library_path_lib.sh'
[3.127s] Level 1:colcon.colcon_core.environment:checking '/home/ros-laptop1/Desktop/turtlebotrhodes_ws/install/my_robot_interfaces/bin'
[3.127s] Level 1:colcon.colcon_core.environment:checking '/home/ros-laptop1/Desktop/turtlebotrhodes_ws/install/my_robot_interfaces/lib/pkgconfig/my_robot_interfaces.pc'
[3.127s] Level 1:colcon.colcon_core.environment:checking '/home/ros-laptop1/Desktop/turtlebotrhodes_ws/install/my_robot_interfaces/lib/python3.10/site-packages'
[3.127s] Level 1:colcon.colcon_core.environment:checking '/home/ros-laptop1/Desktop/turtlebotrhodes_ws/install/my_robot_interfaces/bin'
[3.127s] INFO:colcon.colcon_core.shell:Creating package script '/home/ros-laptop1/Desktop/turtlebotrhodes_ws/install/my_robot_interfaces/share/my_robot_interfaces/package.ps1'
[3.127s] INFO:colcon.colcon_core.shell:Creating package descriptor '/home/ros-laptop1/Desktop/turtlebotrhodes_ws/install/my_robot_interfaces/share/my_robot_interfaces/package.dsv'
[3.128s] INFO:colcon.colcon_core.shell:Creating package script '/home/ros-laptop1/Desktop/turtlebotrhodes_ws/install/my_robot_interfaces/share/my_robot_interfaces/package.sh'
[3.128s] INFO:colcon.colcon_core.shell:Creating package script '/home/ros-laptop1/Desktop/turtlebotrhodes_ws/install/my_robot_interfaces/share/my_robot_interfaces/package.bash'
[3.128s] INFO:colcon.colcon_core.shell:Creating package script '/home/ros-laptop1/Desktop/turtlebotrhodes_ws/install/my_robot_interfaces/share/my_robot_interfaces/package.zsh'
[3.128s] Level 1:colcon.colcon_core.environment:create_file_with_runtime_dependencies(/home/ros-laptop1/Desktop/turtlebotrhodes_ws/install/my_robot_interfaces/share/colcon-core/packages/my_robot_interfaces)
[3.128s] INFO:colcon.colcon_ros.task.ament_cmake.build:Building ROS package in '/home/ros-laptop1/Desktop/turtlebotrhodes_ws/src/my_cpp_pkg' with build type 'ament_cmake'
[3.128s] INFO:colcon.colcon_cmake.task.cmake.build:Building CMake package in '/home/ros-laptop1/Desktop/turtlebotrhodes_ws/src/my_cpp_pkg'
[3.128s] INFO:colcon.colcon_core.shell:Skip shell extension 'powershell' for command environment: Not usable outside of PowerShell
[3.128s] DEBUG:colcon.colcon_core.shell:Skip shell extension 'dsv' for command environment
[3.131s] INFO:colcon.colcon_ros.task.ament_python.build:Building ROS package in '/home/ros-laptop1/Desktop/turtlebotrhodes_ws/src/my_py_pkg' with build type 'ament_python'
[3.131s] Level 1:colcon.colcon_core.shell:create_environment_hook('my_py_pkg', 'ament_prefix_path')
[3.131s] INFO:colcon.colcon_core.shell:Creating environment hook '/home/ros-laptop1/Desktop/turtlebotrhodes_ws/install/my_py_pkg/share/my_py_pkg/hook/ament_prefix_path.ps1'
[3.131s] INFO:colcon.colcon_core.shell:Creating environment descriptor '/home/ros-laptop1/Desktop/turtlebotrhodes_ws/install/my_py_pkg/share/my_py_pkg/hook/ament_prefix_path.dsv'
[3.131s] INFO:colcon.colcon_core.shell:Creating environment hook '/home/ros-laptop1/Desktop/turtlebotrhodes_ws/install/my_py_pkg/share/my_py_pkg/hook/ament_prefix_path.sh'
[3.131s] INFO:colcon.colcon_core.shell:Skip shell extension 'powershell' for command environment: Not usable outside of PowerShell
[3.131s] DEBUG:colcon.colcon_core.shell:Skip shell extension 'dsv' for command environment
[3.133s] INFO:colcon.colcon_ros.task.ament_python.build:Building ROS package in '/home/ros-laptop1/Desktop/turtlebotrhodes_ws/src/turtlesim_catch_them_all' with build type 'ament_python'
[3.133s] Level 1:colcon.colcon_core.shell:create_environment_hook('turtlesim_catch_them_all', 'ament_prefix_path')
[3.133s] INFO:colcon.colcon_core.shell:Creating environment hook '/home/ros-laptop1/Desktop/turtlebotrhodes_ws/install/turtlesim_catch_them_all/share/turtlesim_catch_them_all/hook/ament_prefix_path.ps1'
[3.133s] INFO:colcon.colcon_core.shell:Creating environment descriptor '/home/ros-laptop1/Desktop/turtlebotrhodes_ws/install/turtlesim_catch_them_all/share/turtlesim_catch_them_all/hook/ament_prefix_path.dsv'
[3.134s] INFO:colcon.colcon_core.shell:Creating environment hook '/home/ros-laptop1/Desktop/turtlebotrhodes_ws/install/turtlesim_catch_them_all/share/turtlesim_catch_them_all/hook/ament_prefix_path.sh'
[3.134s] INFO:colcon.colcon_core.shell:Skip shell extension 'powershell' for command environment: Not usable outside of PowerShell
[3.134s] DEBUG:colcon.colcon_core.shell:Skip shell extension 'dsv' for command environment
[3.137s] DEBUG:colcon.colcon_core.event_handler.log_command:Invoking command in '/home/ros-laptop1/Desktop/turtlebotrhodes_ws/build/my_cpp_pkg': CMAKE_PREFIX_PATH=/home/ros-laptop1/Desktop/turtlebotrhodes_ws/install/my_robot_interfaces:/home/ros-laptop1/Desktop/turtlebotrhodes_ws/install/my_robot_bringup:/home/ros-laptop1/Desktop/turtlebotrhodes_ws/install/my_cpp_pkg:/home/ros-laptop1/Desktop/turtlebotrhodes_ws/install/turtlesim_catch_them_all:/home/ros-laptop1/Desktop/turtlebotrhodes_ws/install/my_py_pkg:/opt/ros/humble /usr/bin/cmake /home/ros-laptop1/Desktop/turtlebotrhodes_ws/src/my_cpp_pkg -DCMAKE_INSTALL_PREFIX=/home/ros-laptop1/Desktop/turtlebotrhodes_ws/install/my_cpp_pkg
[3.269s] INFO:colcon.colcon_core.task.python.build:Building Python package in '/home/ros-laptop1/Desktop/turtlebotrhodes_ws/src/my_py_pkg'
[3.270s] INFO:colcon.colcon_core.shell:Skip shell extension 'powershell' for command environment: Not usable outside of PowerShell
[3.270s] DEBUG:colcon.colcon_core.shell:Skip shell extension 'dsv' for command environment
[3.398s] INFO:colcon.colcon_core.task.python.build:Building Python package in '/home/ros-laptop1/Desktop/turtlebotrhodes_ws/src/turtlesim_catch_them_all'
[3.398s] INFO:colcon.colcon_core.shell:Skip shell extension 'powershell' for command environment: Not usable outside of PowerShell
[3.398s] DEBUG:colcon.colcon_core.shell:Skip shell extension 'dsv' for command environment
[3.587s] DEBUG:colcon.colcon_core.event_handler.log_command:Invoking command in '/home/ros-laptop1/Desktop/turtlebotrhodes_ws/src/my_py_pkg': CMAKE_PREFIX_PATH=/home/ros-laptop1/Desktop/turtlebotrhodes_ws/install/my_robot_interfaces:/home/ros-laptop1/Desktop/turtlebotrhodes_ws/install/my_robot_bringup:/home/ros-laptop1/Desktop/turtlebotrhodes_ws/install/my_cpp_pkg PYTHONPATH=/home/ros-laptop1/Desktop/turtlebotrhodes_ws/build/my_py_pkg/prefix_override:/usr/lib/python3/dist-packages/colcon_core/task/python/colcon_distutils_commands:/home/ros-laptop1/Desktop/turtlebotrhodes_ws/install/my_py_pkg/lib/python3.10/site-packages:${PYTHONPATH} /usr/bin/python3 -W ignore:setup.py install is deprecated -W ignore:easy_install command is deprecated setup.py egg_info --egg-base ../../build/my_py_pkg build --build-base /home/ros-laptop1/Desktop/turtlebotrhodes_ws/build/my_py_pkg/build install --record /home/ros-laptop1/Desktop/turtlebotrhodes_ws/build/my_py_pkg/install.log --single-version-externally-managed install_data
[3.612s] DEBUG:colcon.colcon_core.event_handler.log_command:Invoking command in '/home/ros-laptop1/Desktop/turtlebotrhodes_ws/src/turtlesim_catch_them_all': CMAKE_PREFIX_PATH=/home/ros-laptop1/Desktop/turtlebotrhodes_ws/install/my_robot_interfaces:/home/ros-laptop1/Desktop/turtlebotrhodes_ws/install/my_robot_bringup:/home/ros-laptop1/Desktop/turtlebotrhodes_ws/install/my_cpp_pkg PYTHONPATH=/home/ros-laptop1/Desktop/turtlebotrhodes_ws/build/turtlesim_catch_them_all/prefix_override:/usr/lib/python3/dist-packages/colcon_core/task/python/colcon_distutils_commands:/home/ros-laptop1/Desktop/turtlebotrhodes_ws/install/turtlesim_catch_them_all/lib/python3.10/site-packages:${PYTHONPATH} /usr/bin/python3 -W ignore:setup.py install is deprecated -W ignore:easy_install command is deprecated setup.py egg_info --egg-base ../../build/turtlesim_catch_them_all build --build-base /home/ros-laptop1/Desktop/turtlebotrhodes_ws/build/turtlesim_catch_them_all/build install --record /home/ros-laptop1/Desktop/turtlebotrhodes_ws/build/turtlesim_catch_them_all/install.log --single-version-externally-managed install_data
[3.748s] Level 1:colcon.colcon_core.environment:checking '/home/ros-laptop1/Desktop/turtlebotrhodes_ws/install/my_py_pkg' for CMake module files
[3.749s] DEBUG:colcon.colcon_core.event_handler.log_command:Invoked command in '/home/ros-laptop1/Desktop/turtlebotrhodes_ws/src/my_py_pkg' returned '0': CMAKE_PREFIX_PATH=/home/ros-laptop1/Desktop/turtlebotrhodes_ws/install/my_robot_interfaces:/home/ros-laptop1/Desktop/turtlebotrhodes_ws/install/my_robot_bringup:/home/ros-laptop1/Desktop/turtlebotrhodes_ws/install/my_cpp_pkg PYTHONPATH=/home/ros-laptop1/Desktop/turtlebotrhodes_ws/build/my_py_pkg/prefix_override:/usr/lib/python3/dist-packages/colcon_core/task/python/colcon_distutils_commands:/home/ros-laptop1/Desktop/turtlebotrhodes_ws/install/my_py_pkg/lib/python3.10/site-packages:${PYTHONPATH} /usr/bin/python3 -W ignore:setup.py install is deprecated -W ignore:easy_install command is deprecated setup.py egg_info --egg-base ../../build/my_py_pkg build --build-base /home/ros-laptop1/Desktop/turtlebotrhodes_ws/build/my_py_pkg/build install --record /home/ros-laptop1/Desktop/turtlebotrhodes_ws/build/my_py_pkg/install.log --single-version-externally-managed install_data
[3.750s] Level 1:colcon.colcon_core.environment:checking '/home/ros-laptop1/Desktop/turtlebotrhodes_ws/install/my_py_pkg' for CMake config files
[3.751s] Level 1:colcon.colcon_core.environment:checking '/home/ros-laptop1/Desktop/turtlebotrhodes_ws/install/my_py_pkg/lib'
[3.751s] Level 1:colcon.colcon_core.environment:checking '/home/ros-laptop1/Desktop/turtlebotrhodes_ws/install/my_py_pkg/bin'
[3.752s] Level 1:colcon.colcon_core.environment:checking '/home/ros-laptop1/Desktop/turtlebotrhodes_ws/install/my_py_pkg/lib/pkgconfig/my_py_pkg.pc'
[3.752s] Level 1:colcon.colcon_core.environment:checking '/home/ros-laptop1/Desktop/turtlebotrhodes_ws/install/my_py_pkg/lib/python3.10/site-packages'
[3.752s] Level 1:colcon.colcon_core.shell:create_environment_hook('my_py_pkg', 'pythonpath')
[3.752s] INFO:colcon.colcon_core.shell:Creating environment hook '/home/ros-laptop1/Desktop/turtlebotrhodes_ws/install/my_py_pkg/share/my_py_pkg/hook/pythonpath.ps1'
[3.753s] INFO:colcon.colcon_core.shell:Creating environment descriptor '/home/ros-laptop1/Desktop/turtlebotrhodes_ws/install/my_py_pkg/share/my_py_pkg/hook/pythonpath.dsv'
[3.753s] INFO:colcon.colcon_core.shell:Creating environment hook '/home/ros-laptop1/Desktop/turtlebotrhodes_ws/install/my_py_pkg/share/my_py_pkg/hook/pythonpath.sh'
[3.753s] Level 1:colcon.colcon_core.environment:checking '/home/ros-laptop1/Desktop/turtlebotrhodes_ws/install/my_py_pkg/bin'
[3.753s] Level 1:colcon.colcon_core.environment:create_environment_scripts_only(my_py_pkg)
[3.754s] INFO:colcon.colcon_core.shell:Creating package script '/home/ros-laptop1/Desktop/turtlebotrhodes_ws/install/my_py_pkg/share/my_py_pkg/package.ps1'
[3.754s] INFO:colcon.colcon_core.shell:Creating package descriptor '/home/ros-laptop1/Desktop/turtlebotrhodes_ws/install/my_py_pkg/share/my_py_pkg/package.dsv'
[3.754s] INFO:colcon.colcon_core.shell:Creating package script '/home/ros-laptop1/Desktop/turtlebotrhodes_ws/install/my_py_pkg/share/my_py_pkg/package.sh'
[3.755s] INFO:colcon.colcon_core.shell:Creating package script '/home/ros-laptop1/Desktop/turtlebotrhodes_ws/install/my_py_pkg/share/my_py_pkg/package.bash'
[3.755s] INFO:colcon.colcon_core.shell:Creating package script '/home/ros-laptop1/Desktop/turtlebotrhodes_ws/install/my_py_pkg/share/my_py_pkg/package.zsh'
[3.755s] Level 1:colcon.colcon_core.environment:create_file_with_runtime_dependencies(/home/ros-laptop1/Desktop/turtlebotrhodes_ws/install/my_py_pkg/share/colcon-core/packages/my_py_pkg)
[3.778s] Level 1:colcon.colcon_core.environment:checking '/home/ros-laptop1/Desktop/turtlebotrhodes_ws/install/turtlesim_catch_them_all' for CMake module files
[3.778s] DEBUG:colcon.colcon_core.event_handler.log_command:Invoked command in '/home/ros-laptop1/Desktop/turtlebotrhodes_ws/src/turtlesim_catch_them_all' returned '0': CMAKE_PREFIX_PATH=/home/ros-laptop1/Desktop/turtlebotrhodes_ws/install/my_robot_interfaces:/home/ros-laptop1/Desktop/turtlebotrhodes_ws/install/my_robot_bringup:/home/ros-laptop1/Desktop/turtlebotrhodes_ws/install/my_cpp_pkg PYTHONPATH=/home/ros-laptop1/Desktop/turtlebotrhodes_ws/build/turtlesim_catch_them_all/prefix_override:/usr/lib/python3/dist-packages/colcon_core/task/python/colcon_distutils_commands:/home/ros-laptop1/Desktop/turtlebotrhodes_ws/install/turtlesim_catch_them_all/lib/python3.10/site-packages:${PYTHONPATH} /usr/bin/python3 -W ignore:setup.py install is deprecated -W ignore:easy_install command is deprecated setup.py egg_info --egg-base ../../build/turtlesim_catch_them_all build --build-base /home/ros-laptop1/Desktop/turtlebotrhodes_ws/build/turtlesim_catch_them_all/build install --record /home/ros-laptop1/Desktop/turtlebotrhodes_ws/build/turtlesim_catch_them_all/install.log --single-version-externally-managed install_data
[3.779s] Level 1:colcon.colcon_core.environment:checking '/home/ros-laptop1/Desktop/turtlebotrhodes_ws/install/turtlesim_catch_them_all' for CMake config files
[3.779s] Level 1:colcon.colcon_core.environment:checking '/home/ros-laptop1/Desktop/turtlebotrhodes_ws/install/turtlesim_catch_them_all/lib'
[3.779s] Level 1:colcon.colcon_core.environment:checking '/home/ros-laptop1/Desktop/turtlebotrhodes_ws/install/turtlesim_catch_them_all/bin'
[3.779s] Level 1:colcon.colcon_core.environment:checking '/home/ros-laptop1/Desktop/turtlebotrhodes_ws/install/turtlesim_catch_them_all/lib/pkgconfig/turtlesim_catch_them_all.pc'
[3.779s] Level 1:colcon.colcon_core.environment:checking '/home/ros-laptop1/Desktop/turtlebotrhodes_ws/install/turtlesim_catch_them_all/lib/python3.10/site-packages'
[3.779s] Level 1:colcon.colcon_core.shell:create_environment_hook('turtlesim_catch_them_all', 'pythonpath')
[3.779s] INFO:colcon.colcon_core.shell:Creating environment hook '/home/ros-laptop1/Desktop/turtlebotrhodes_ws/install/turtlesim_catch_them_all/share/turtlesim_catch_them_all/hook/pythonpath.ps1'
[3.779s] INFO:colcon.colcon_core.shell:Creating environment descriptor '/home/ros-laptop1/Desktop/turtlebotrhodes_ws/install/turtlesim_catch_them_all/share/turtlesim_catch_them_all/hook/pythonpath.dsv'
[3.780s] INFO:colcon.colcon_core.shell:Creating environment hook '/home/ros-laptop1/Desktop/turtlebotrhodes_ws/install/turtlesim_catch_them_all/share/turtlesim_catch_them_all/hook/pythonpath.sh'
[3.780s] Level 1:colcon.colcon_core.environment:checking '/home/ros-laptop1/Desktop/turtlebotrhodes_ws/install/turtlesim_catch_them_all/bin'
[3.780s] Level 1:colcon.colcon_core.environment:create_environment_scripts_only(turtlesim_catch_them_all)
[3.780s] INFO:colcon.colcon_core.shell:Creating package script '/home/ros-laptop1/Desktop/turtlebotrhodes_ws/install/turtlesim_catch_them_all/share/turtlesim_catch_them_all/package.ps1'
[3.780s] INFO:colcon.colcon_core.shell:Creating package descriptor '/home/ros-laptop1/Desktop/turtlebotrhodes_ws/install/turtlesim_catch_them_all/share/turtlesim_catch_them_all/package.dsv'
[3.780s] INFO:colcon.colcon_core.shell:Creating package script '/home/ros-laptop1/Desktop/turtlebotrhodes_ws/install/turtlesim_catch_them_all/share/turtlesim_catch_them_all/package.sh'
[3.781s] INFO:colcon.colcon_core.shell:Creating package script '/home/ros-laptop1/Desktop/turtlebotrhodes_ws/install/turtlesim_catch_them_all/share/turtlesim_catch_them_all/package.bash'
[3.781s] INFO:colcon.colcon_core.shell:Creating package script '/home/ros-laptop1/Desktop/turtlebotrhodes_ws/install/turtlesim_catch_them_all/share/turtlesim_catch_them_all/package.zsh'
[3.781s] Level 1:colcon.colcon_core.environment:create_file_with_runtime_dependencies(/home/ros-laptop1/Desktop/turtlebotrhodes_ws/install/turtlesim_catch_them_all/share/colcon-core/packages/turtlesim_catch_them_all)
[3.918s] DEBUG:colcon.colcon_core.event_handler.log_command:Invoked command in '/home/ros-laptop1/Desktop/turtlebotrhodes_ws/build/my_cpp_pkg' returned '0': CMAKE_PREFIX_PATH=/home/ros-laptop1/Desktop/turtlebotrhodes_ws/install/my_robot_interfaces:/home/ros-laptop1/Desktop/turtlebotrhodes_ws/install/my_robot_bringup:/home/ros-laptop1/Desktop/turtlebotrhodes_ws/install/my_cpp_pkg:/home/ros-laptop1/Desktop/turtlebotrhodes_ws/install/turtlesim_catch_them_all:/home/ros-laptop1/Desktop/turtlebotrhodes_ws/install/my_py_pkg:/opt/ros/humble /usr/bin/cmake /home/ros-laptop1/Desktop/turtlebotrhodes_ws/src/my_cpp_pkg -DCMAKE_INSTALL_PREFIX=/home/ros-laptop1/Desktop/turtlebotrhodes_ws/install/my_cpp_pkg
[3.919s] DEBUG:colcon.colcon_core.event_handler.log_command:Invoking command in '/home/ros-laptop1/Desktop/turtlebotrhodes_ws/build/my_cpp_pkg': CMAKE_PREFIX_PATH=/home/ros-laptop1/Desktop/turtlebotrhodes_ws/install/my_robot_interfaces:/home/ros-laptop1/Desktop/turtlebotrhodes_ws/install/my_robot_bringup:/home/ros-laptop1/Desktop/turtlebotrhodes_ws/install/my_cpp_pkg:/home/ros-laptop1/Desktop/turtlebotrhodes_ws/install/turtlesim_catch_them_all:/home/ros-laptop1/Desktop/turtlebotrhodes_ws/install/my_py_pkg:/opt/ros/humble /usr/bin/cmake --build /home/ros-laptop1/Desktop/turtlebotrhodes_ws/build/my_cpp_pkg -- -j20 -l20
[9.666s] DEBUG:colcon.colcon_core.event_handler.log_command:Invoked command in '/home/ros-laptop1/Desktop/turtlebotrhodes_ws/build/my_cpp_pkg' returned '0': CMAKE_PREFIX_PATH=/home/ros-laptop1/Desktop/turtlebotrhodes_ws/install/my_robot_interfaces:/home/ros-laptop1/Desktop/turtlebotrhodes_ws/install/my_robot_bringup:/home/ros-laptop1/Desktop/turtlebotrhodes_ws/install/my_cpp_pkg:/home/ros-laptop1/Desktop/turtlebotrhodes_ws/install/turtlesim_catch_them_all:/home/ros-laptop1/Desktop/turtlebotrhodes_ws/install/my_py_pkg:/opt/ros/humble /usr/bin/cmake --build /home/ros-laptop1/Desktop/turtlebotrhodes_ws/build/my_cpp_pkg -- -j20 -l20
[9.667s] DEBUG:colcon.colcon_core.event_handler.log_command:Invoking command in '/home/ros-laptop1/Desktop/turtlebotrhodes_ws/build/my_cpp_pkg': CMAKE_PREFIX_PATH=/home/ros-laptop1/Desktop/turtlebotrhodes_ws/install/my_robot_interfaces:/home/ros-laptop1/Desktop/turtlebotrhodes_ws/install/my_robot_bringup:/home/ros-laptop1/Desktop/turtlebotrhodes_ws/install/my_cpp_pkg:/home/ros-laptop1/Desktop/turtlebotrhodes_ws/install/turtlesim_catch_them_all:/home/ros-laptop1/Desktop/turtlebotrhodes_ws/install/my_py_pkg:/opt/ros/humble /usr/bin/cmake --install /home/ros-laptop1/Desktop/turtlebotrhodes_ws/build/my_cpp_pkg
[9.678s] Level 1:colcon.colcon_core.environment:create_environment_scripts_only(my_cpp_pkg)
[9.678s] Level 1:colcon.colcon_core.environment:checking '/home/ros-laptop1/Desktop/turtlebotrhodes_ws/install/my_cpp_pkg' for CMake module files
[9.678s] DEBUG:colcon.colcon_core.event_handler.log_command:Invoked command in '/home/ros-laptop1/Desktop/turtlebotrhodes_ws/build/my_cpp_pkg' returned '0': CMAKE_PREFIX_PATH=/home/ros-laptop1/Desktop/turtlebotrhodes_ws/install/my_robot_interfaces:/home/ros-laptop1/Desktop/turtlebotrhodes_ws/install/my_robot_bringup:/home/ros-laptop1/Desktop/turtlebotrhodes_ws/install/my_cpp_pkg:/home/ros-laptop1/Desktop/turtlebotrhodes_ws/install/turtlesim_catch_them_all:/home/ros-laptop1/Desktop/turtlebotrhodes_ws/install/my_py_pkg:/opt/ros/humble /usr/bin/cmake --install /home/ros-laptop1/Desktop/turtlebotrhodes_ws/build/my_cpp_pkg
[9.679s] Level 1:colcon.colcon_core.environment:checking '/home/ros-laptop1/Desktop/turtlebotrhodes_ws/install/my_cpp_pkg' for CMake config files
[9.679s] Level 1:colcon.colcon_core.shell:create_environment_hook('my_cpp_pkg', 'cmake_prefix_path')
[9.679s] INFO:colcon.colcon_core.shell:Creating environment hook '/home/ros-laptop1/Desktop/turtlebotrhodes_ws/install/my_cpp_pkg/share/my_cpp_pkg/hook/cmake_prefix_path.ps1'
[9.679s] INFO:colcon.colcon_core.shell:Creating environment descriptor '/home/ros-laptop1/Desktop/turtlebotrhodes_ws/install/my_cpp_pkg/share/my_cpp_pkg/hook/cmake_prefix_path.dsv'
[9.679s] INFO:colcon.colcon_core.shell:Creating environment hook '/home/ros-laptop1/Desktop/turtlebotrhodes_ws/install/my_cpp_pkg/share/my_cpp_pkg/hook/cmake_prefix_path.sh'
[9.680s] Level 1:colcon.colcon_core.environment:checking '/home/ros-laptop1/Desktop/turtlebotrhodes_ws/install/my_cpp_pkg/lib'
[9.680s] Level 1:colcon.colcon_core.environment:checking '/home/ros-laptop1/Desktop/turtlebotrhodes_ws/install/my_cpp_pkg/bin'
[9.680s] Level 1:colcon.colcon_core.environment:checking '/home/ros-laptop1/Desktop/turtlebotrhodes_ws/install/my_cpp_pkg/lib/pkgconfig/my_cpp_pkg.pc'
[9.680s] Level 1:colcon.colcon_core.environment:checking '/home/ros-laptop1/Desktop/turtlebotrhodes_ws/install/my_cpp_pkg/lib/python3.10/site-packages'
[9.680s] Level 1:colcon.colcon_core.environment:checking '/home/ros-laptop1/Desktop/turtlebotrhodes_ws/install/my_cpp_pkg/bin'
[9.680s] INFO:colcon.colcon_core.shell:Creating package script '/home/ros-laptop1/Desktop/turtlebotrhodes_ws/install/my_cpp_pkg/share/my_cpp_pkg/package.ps1'
[9.680s] INFO:colcon.colcon_core.shell:Creating package descriptor '/home/ros-laptop1/Desktop/turtlebotrhodes_ws/install/my_cpp_pkg/share/my_cpp_pkg/package.dsv'
[9.680s] INFO:colcon.colcon_core.shell:Creating package script '/home/ros-laptop1/Desktop/turtlebotrhodes_ws/install/my_cpp_pkg/share/my_cpp_pkg/package.sh'
[9.681s] INFO:colcon.colcon_core.shell:Creating package script '/home/ros-laptop1/Desktop/turtlebotrhodes_ws/install/my_cpp_pkg/share/my_cpp_pkg/package.bash'
[9.681s] INFO:colcon.colcon_core.shell:Creating package script '/home/ros-laptop1/Desktop/turtlebotrhodes_ws/install/my_cpp_pkg/share/my_cpp_pkg/package.zsh'
[9.681s] Level 1:colcon.colcon_core.environment:create_file_with_runtime_dependencies(/home/ros-laptop1/Desktop/turtlebotrhodes_ws/install/my_cpp_pkg/share/colcon-core/packages/my_cpp_pkg)
[9.681s] Level 1:colcon.colcon_core.environment:create_environment_scripts_only(my_cpp_pkg)
[9.681s] Level 1:colcon.colcon_core.environment:checking '/home/ros-laptop1/Desktop/turtlebotrhodes_ws/install/my_cpp_pkg' for CMake module files
[9.682s] Level 1:colcon.colcon_core.environment:checking '/home/ros-laptop1/Desktop/turtlebotrhodes_ws/install/my_cpp_pkg' for CMake config files
[9.682s] Level 1:colcon.colcon_core.shell:create_environment_hook('my_cpp_pkg', 'cmake_prefix_path')
[9.682s] INFO:colcon.colcon_core.shell:Creating environment hook '/home/ros-laptop1/Desktop/turtlebotrhodes_ws/install/my_cpp_pkg/share/my_cpp_pkg/hook/cmake_prefix_path.ps1'
[9.682s] INFO:colcon.colcon_core.shell:Creating environment descriptor '/home/ros-laptop1/Desktop/turtlebotrhodes_ws/install/my_cpp_pkg/share/my_cpp_pkg/hook/cmake_prefix_path.dsv'
[9.682s] INFO:colcon.colcon_core.shell:Creating environment hook '/home/ros-laptop1/Desktop/turtlebotrhodes_ws/install/my_cpp_pkg/share/my_cpp_pkg/hook/cmake_prefix_path.sh'
[9.682s] Level 1:colcon.colcon_core.environment:checking '/home/ros-laptop1/Desktop/turtlebotrhodes_ws/install/my_cpp_pkg/lib'
[9.682s] Level 1:colcon.colcon_core.environment:checking '/home/ros-laptop1/Desktop/turtlebotrhodes_ws/install/my_cpp_pkg/bin'
[9.682s] Level 1:colcon.colcon_core.environment:checking '/home/ros-laptop1/Desktop/turtlebotrhodes_ws/install/my_cpp_pkg/lib/pkgconfig/my_cpp_pkg.pc'
[9.682s] Level 1:colcon.colcon_core.environment:checking '/home/ros-laptop1/Desktop/turtlebotrhodes_ws/install/my_cpp_pkg/lib/python3.10/site-packages'
[9.683s] Level 1:colcon.colcon_core.environment:checking '/home/ros-laptop1/Desktop/turtlebotrhodes_ws/install/my_cpp_pkg/bin'
[9.683s] INFO:colcon.colcon_core.shell:Creating package script '/home/ros-laptop1/Desktop/turtlebotrhodes_ws/install/my_cpp_pkg/share/my_cpp_pkg/package.ps1'
[9.683s] INFO:colcon.colcon_core.shell:Creating package descriptor '/home/ros-laptop1/Desktop/turtlebotrhodes_ws/install/my_cpp_pkg/share/my_cpp_pkg/package.dsv'
[9.683s] INFO:colcon.colcon_core.shell:Creating package script '/home/ros-laptop1/Desktop/turtlebotrhodes_ws/install/my_cpp_pkg/share/my_cpp_pkg/package.sh'
[9.683s] INFO:colcon.colcon_core.shell:Creating package script '/home/ros-laptop1/Desktop/turtlebotrhodes_ws/install/my_cpp_pkg/share/my_cpp_pkg/package.bash'
[9.683s] INFO:colcon.colcon_core.shell:Creating package script '/home/ros-laptop1/Desktop/turtlebotrhodes_ws/install/my_cpp_pkg/share/my_cpp_pkg/package.zsh'
[9.684s] Level 1:colcon.colcon_core.environment:create_file_with_runtime_dependencies(/home/ros-laptop1/Desktop/turtlebotrhodes_ws/install/my_cpp_pkg/share/colcon-core/packages/my_cpp_pkg)
[9.684s] INFO:colcon.colcon_ros.task.ament_cmake.build:Building ROS package in '/home/ros-laptop1/Desktop/turtlebotrhodes_ws/src/my_robot_bringup' with build type 'ament_cmake'
[9.684s] INFO:colcon.colcon_cmake.task.cmake.build:Building CMake package in '/home/ros-laptop1/Desktop/turtlebotrhodes_ws/src/my_robot_bringup'
[9.684s] INFO:colcon.colcon_core.shell:Skip shell extension 'powershell' for command environment: Not usable outside of PowerShell
[9.684s] DEBUG:colcon.colcon_core.shell:Skip shell extension 'dsv' for command environment
[9.692s] DEBUG:colcon.colcon_core.event_handler.log_command:Invoking command in '/home/ros-laptop1/Desktop/turtlebotrhodes_ws/build/my_robot_bringup': AMENT_PREFIX_PATH=/home/ros-laptop1/Desktop/turtlebotrhodes_ws/install/turtlesim_catch_them_all:/home/ros-laptop1/Desktop/turtlebotrhodes_ws/install/my_py_pkg:/home/ros-laptop1/Desktop/turtlebotrhodes_ws/install/my_robot_bringup:/home/ros-laptop1/Desktop/turtlebotrhodes_ws/install/my_cpp_pkg:/home/ros-laptop1/Desktop/turtlebotrhodes_ws/install/my_robot_interfaces:/opt/ros/humble CMAKE_PREFIX_PATH=/home/ros-laptop1/Desktop/turtlebotrhodes_ws/install/my_cpp_pkg:/home/ros-laptop1/Desktop/turtlebotrhodes_ws/install/my_robot_interfaces:/home/ros-laptop1/Desktop/turtlebotrhodes_ws/install/my_robot_bringup:/home/ros-laptop1/Desktop/turtlebotrhodes_ws/install/turtlesim_catch_them_all:/home/ros-laptop1/Desktop/turtlebotrhodes_ws/install/my_py_pkg:/opt/ros/humble /usr/bin/cmake /home/ros-laptop1/Desktop/turtlebotrhodes_ws/src/my_robot_bringup -DCMAKE_INSTALL_PREFIX=/home/ros-laptop1/Desktop/turtlebotrhodes_ws/install/my_robot_bringup
[10.100s] DEBUG:colcon.colcon_core.event_handler.log_command:Invoked command in '/home/ros-laptop1/Desktop/turtlebotrhodes_ws/build/my_robot_bringup' returned '0': AMENT_PREFIX_PATH=/home/ros-laptop1/Desktop/turtlebotrhodes_ws/install/turtlesim_catch_them_all:/home/ros-laptop1/Desktop/turtlebotrhodes_ws/install/my_py_pkg:/home/ros-laptop1/Desktop/turtlebotrhodes_ws/install/my_robot_bringup:/home/ros-laptop1/Desktop/turtlebotrhodes_ws/install/my_cpp_pkg:/home/ros-laptop1/Desktop/turtlebotrhodes_ws/install/my_robot_interfaces:/opt/ros/humble CMAKE_PREFIX_PATH=/home/ros-laptop1/Desktop/turtlebotrhodes_ws/install/my_cpp_pkg:/home/ros-laptop1/Desktop/turtlebotrhodes_ws/install/my_robot_interfaces:/home/ros-laptop1/Desktop/turtlebotrhodes_ws/install/my_robot_bringup:/home/ros-laptop1/Desktop/turtlebotrhodes_ws/install/turtlesim_catch_them_all:/home/ros-laptop1/Desktop/turtlebotrhodes_ws/install/my_py_pkg:/opt/ros/humble /usr/bin/cmake /home/ros-laptop1/Desktop/turtlebotrhodes_ws/src/my_robot_bringup -DCMAKE_INSTALL_PREFIX=/home/ros-laptop1/Desktop/turtlebotrhodes_ws/install/my_robot_bringup
[10.100s] DEBUG:colcon.colcon_core.event_handler.log_command:Invoking command in '/home/ros-laptop1/Desktop/turtlebotrhodes_ws/build/my_robot_bringup': AMENT_PREFIX_PATH=/home/ros-laptop1/Desktop/turtlebotrhodes_ws/install/turtlesim_catch_them_all:/home/ros-laptop1/Desktop/turtlebotrhodes_ws/install/my_py_pkg:/home/ros-laptop1/Desktop/turtlebotrhodes_ws/install/my_robot_bringup:/home/ros-laptop1/Desktop/turtlebotrhodes_ws/install/my_cpp_pkg:/home/ros-laptop1/Desktop/turtlebotrhodes_ws/install/my_robot_interfaces:/opt/ros/humble CMAKE_PREFIX_PATH=/home/ros-laptop1/Desktop/turtlebotrhodes_ws/install/my_cpp_pkg:/home/ros-laptop1/Desktop/turtlebotrhodes_ws/install/my_robot_interfaces:/home/ros-laptop1/Desktop/turtlebotrhodes_ws/install/my_robot_bringup:/home/ros-laptop1/Desktop/turtlebotrhodes_ws/install/turtlesim_catch_them_all:/home/ros-laptop1/Desktop/turtlebotrhodes_ws/install/my_py_pkg:/opt/ros/humble /usr/bin/cmake --build /home/ros-laptop1/Desktop/turtlebotrhodes_ws/build/my_robot_bringup -- -j20 -l20
[10.125s] DEBUG:colcon.colcon_core.event_handler.log_command:Invoked command in '/home/ros-laptop1/Desktop/turtlebotrhodes_ws/build/my_robot_bringup' returned '0': AMENT_PREFIX_PATH=/home/ros-laptop1/Desktop/turtlebotrhodes_ws/install/turtlesim_catch_them_all:/home/ros-laptop1/Desktop/turtlebotrhodes_ws/install/my_py_pkg:/home/ros-laptop1/Desktop/turtlebotrhodes_ws/install/my_robot_bringup:/home/ros-laptop1/Desktop/turtlebotrhodes_ws/install/my_cpp_pkg:/home/ros-laptop1/Desktop/turtlebotrhodes_ws/install/my_robot_interfaces:/opt/ros/humble CMAKE_PREFIX_PATH=/home/ros-laptop1/Desktop/turtlebotrhodes_ws/install/my_cpp_pkg:/home/ros-laptop1/Desktop/turtlebotrhodes_ws/install/my_robot_interfaces:/home/ros-laptop1/Desktop/turtlebotrhodes_ws/install/my_robot_bringup:/home/ros-laptop1/Desktop/turtlebotrhodes_ws/install/turtlesim_catch_them_all:/home/ros-laptop1/Desktop/turtlebotrhodes_ws/install/my_py_pkg:/opt/ros/humble /usr/bin/cmake --build /home/ros-laptop1/Desktop/turtlebotrhodes_ws/build/my_robot_bringup -- -j20 -l20
[10.126s] DEBUG:colcon.colcon_core.event_handler.log_command:Invoking command in '/home/ros-laptop1/Desktop/turtlebotrhodes_ws/build/my_robot_bringup': AMENT_PREFIX_PATH=/home/ros-laptop1/Desktop/turtlebotrhodes_ws/install/turtlesim_catch_them_all:/home/ros-laptop1/Desktop/turtlebotrhodes_ws/install/my_py_pkg:/home/ros-laptop1/Desktop/turtlebotrhodes_ws/install/my_robot_bringup:/home/ros-laptop1/Desktop/turtlebotrhodes_ws/install/my_cpp_pkg:/home/ros-laptop1/Desktop/turtlebotrhodes_ws/install/my_robot_interfaces:/opt/ros/humble CMAKE_PREFIX_PATH=/home/ros-laptop1/Desktop/turtlebotrhodes_ws/install/my_cpp_pkg:/home/ros-laptop1/Desktop/turtlebotrhodes_ws/install/my_robot_interfaces:/home/ros-laptop1/Desktop/turtlebotrhodes_ws/install/my_robot_bringup:/home/ros-laptop1/Desktop/turtlebotrhodes_ws/install/turtlesim_catch_them_all:/home/ros-laptop1/Desktop/turtlebotrhodes_ws/install/my_py_pkg:/opt/ros/humble /usr/bin/cmake --install /home/ros-laptop1/Desktop/turtlebotrhodes_ws/build/my_robot_bringup
[10.132s] Level 1:colcon.colcon_core.environment:create_environment_scripts_only(my_robot_bringup)
[10.132s] Level 1:colcon.colcon_core.environment:checking '/home/ros-laptop1/Desktop/turtlebotrhodes_ws/install/my_robot_bringup' for CMake module files
[10.132s] DEBUG:colcon.colcon_core.event_handler.log_command:Invoked command in '/home/ros-laptop1/Desktop/turtlebotrhodes_ws/build/my_robot_bringup' returned '0': AMENT_PREFIX_PATH=/home/ros-laptop1/Desktop/turtlebotrhodes_ws/install/turtlesim_catch_them_all:/home/ros-laptop1/Desktop/turtlebotrhodes_ws/install/my_py_pkg:/home/ros-laptop1/Desktop/turtlebotrhodes_ws/install/my_robot_bringup:/home/ros-laptop1/Desktop/turtlebotrhodes_ws/install/my_cpp_pkg:/home/ros-laptop1/Desktop/turtlebotrhodes_ws/install/my_robot_interfaces:/opt/ros/humble CMAKE_PREFIX_PATH=/home/ros-laptop1/Desktop/turtlebotrhodes_ws/install/my_cpp_pkg:/home/ros-laptop1/Desktop/turtlebotrhodes_ws/install/my_robot_interfaces:/home/ros-laptop1/Desktop/turtlebotrhodes_ws/install/my_robot_bringup:/home/ros-laptop1/Desktop/turtlebotrhodes_ws/install/turtlesim_catch_them_all:/home/ros-laptop1/Desktop/turtlebotrhodes_ws/install/my_py_pkg:/opt/ros/humble /usr/bin/cmake --install /home/ros-laptop1/Desktop/turtlebotrhodes_ws/build/my_robot_bringup
[10.132s] Level 1:colcon.colcon_core.environment:checking '/home/ros-laptop1/Desktop/turtlebotrhodes_ws/install/my_robot_bringup' for CMake config files
[10.132s] Level 1:colcon.colcon_core.shell:create_environment_hook('my_robot_bringup', 'cmake_prefix_path')
[10.133s] INFO:colcon.colcon_core.shell:Creating environment hook '/home/ros-laptop1/Desktop/turtlebotrhodes_ws/install/my_robot_bringup/share/my_robot_bringup/hook/cmake_prefix_path.ps1'
[10.133s] INFO:colcon.colcon_core.shell:Creating environment descriptor '/home/ros-laptop1/Desktop/turtlebotrhodes_ws/install/my_robot_bringup/share/my_robot_bringup/hook/cmake_prefix_path.dsv'
[10.133s] INFO:colcon.colcon_core.shell:Creating environment hook '/home/ros-laptop1/Desktop/turtlebotrhodes_ws/install/my_robot_bringup/share/my_robot_bringup/hook/cmake_prefix_path.sh'
[10.133s] Level 1:colcon.colcon_core.environment:checking '/home/ros-laptop1/Desktop/turtlebotrhodes_ws/install/my_robot_bringup/bin'
[10.133s] Level 1:colcon.colcon_core.environment:checking '/home/ros-laptop1/Desktop/turtlebotrhodes_ws/install/my_robot_bringup/lib/pkgconfig/my_robot_bringup.pc'
[10.133s] Level 1:colcon.colcon_core.environment:checking '/home/ros-laptop1/Desktop/turtlebotrhodes_ws/install/my_robot_bringup/lib/python3.10/site-packages'
[10.133s] Level 1:colcon.colcon_core.environment:checking '/home/ros-laptop1/Desktop/turtlebotrhodes_ws/install/my_robot_bringup/bin'
[10.134s] INFO:colcon.colcon_core.shell:Creating package script '/home/ros-laptop1/Desktop/turtlebotrhodes_ws/install/my_robot_bringup/share/my_robot_bringup/package.ps1'
[10.134s] INFO:colcon.colcon_core.shell:Creating package descriptor '/home/ros-laptop1/Desktop/turtlebotrhodes_ws/install/my_robot_bringup/share/my_robot_bringup/package.dsv'
[10.134s] INFO:colcon.colcon_core.shell:Creating package script '/home/ros-laptop1/Desktop/turtlebotrhodes_ws/install/my_robot_bringup/share/my_robot_bringup/package.sh'
[10.134s] INFO:colcon.colcon_core.shell:Creating package script '/home/ros-laptop1/Desktop/turtlebotrhodes_ws/install/my_robot_bringup/share/my_robot_bringup/package.bash'
[10.134s] INFO:colcon.colcon_core.shell:Creating package script '/home/ros-laptop1/Desktop/turtlebotrhodes_ws/install/my_robot_bringup/share/my_robot_bringup/package.zsh'
[10.134s] Level 1:colcon.colcon_core.environment:create_file_with_runtime_dependencies(/home/ros-laptop1/Desktop/turtlebotrhodes_ws/install/my_robot_bringup/share/colcon-core/packages/my_robot_bringup)
[10.135s] Level 1:colcon.colcon_core.environment:create_environment_scripts_only(my_robot_bringup)
[10.135s] Level 1:colcon.colcon_core.environment:checking '/home/ros-laptop1/Desktop/turtlebotrhodes_ws/install/my_robot_bringup' for CMake module files
[10.135s] Level 1:colcon.colcon_core.environment:checking '/home/ros-laptop1/Desktop/turtlebotrhodes_ws/install/my_robot_bringup' for CMake config files
[10.135s] Level 1:colcon.colcon_core.shell:create_environment_hook('my_robot_bringup', 'cmake_prefix_path')
[10.135s] INFO:colcon.colcon_core.shell:Creating environment hook '/home/ros-laptop1/Desktop/turtlebotrhodes_ws/install/my_robot_bringup/share/my_robot_bringup/hook/cmake_prefix_path.ps1'
[10.135s] INFO:colcon.colcon_core.shell:Creating environment descriptor '/home/ros-laptop1/Desktop/turtlebotrhodes_ws/install/my_robot_bringup/share/my_robot_bringup/hook/cmake_prefix_path.dsv'
[10.136s] INFO:colcon.colcon_core.shell:Creating environment hook '/home/ros-laptop1/Desktop/turtlebotrhodes_ws/install/my_robot_bringup/share/my_robot_bringup/hook/cmake_prefix_path.sh'
[10.136s] Level 1:colcon.colcon_core.environment:checking '/home/ros-laptop1/Desktop/turtlebotrhodes_ws/install/my_robot_bringup/bin'
[10.136s] Level 1:colcon.colcon_core.environment:checking '/home/ros-laptop1/Desktop/turtlebotrhodes_ws/install/my_robot_bringup/lib/pkgconfig/my_robot_bringup.pc'
[10.136s] Level 1:colcon.colcon_core.environment:checking '/home/ros-laptop1/Desktop/turtlebotrhodes_ws/install/my_robot_bringup/lib/python3.10/site-packages'
[10.136s] Level 1:colcon.colcon_core.environment:checking '/home/ros-laptop1/Desktop/turtlebotrhodes_ws/install/my_robot_bringup/bin'
[10.136s] INFO:colcon.colcon_core.shell:Creating package script '/home/ros-laptop1/Desktop/turtlebotrhodes_ws/install/my_robot_bringup/share/my_robot_bringup/package.ps1'
[10.136s] INFO:colcon.colcon_core.shell:Creating package descriptor '/home/ros-laptop1/Desktop/turtlebotrhodes_ws/install/my_robot_bringup/share/my_robot_bringup/package.dsv'
[10.137s] INFO:colcon.colcon_core.shell:Creating package script '/home/ros-laptop1/Desktop/turtlebotrhodes_ws/install/my_robot_bringup/share/my_robot_bringup/package.sh'
[10.137s] INFO:colcon.colcon_core.shell:Creating package script '/home/ros-laptop1/Desktop/turtlebotrhodes_ws/install/my_robot_bringup/share/my_robot_bringup/package.bash'
[10.137s] INFO:colcon.colcon_core.shell:Creating package script '/home/ros-laptop1/Desktop/turtlebotrhodes_ws/install/my_robot_bringup/share/my_robot_bringup/package.zsh'
[10.137s] Level 1:colcon.colcon_core.environment:create_file_with_runtime_dependencies(/home/ros-laptop1/Desktop/turtlebotrhodes_ws/install/my_robot_bringup/share/colcon-core/packages/my_robot_bringup)
[10.137s] DEBUG:colcon.colcon_parallel_executor.executor.parallel:closing loop
[10.137s] DEBUG:colcon.colcon_parallel_executor.executor.parallel:loop closed
[10.137s] DEBUG:colcon.colcon_parallel_executor.executor.parallel:run_until_complete finished with '0'
[10.137s] DEBUG:colcon.colcon_core.event_reactor:joining thread
[10.140s] INFO:colcon.colcon_core.plugin_system:Skipping extension 'colcon_notification.desktop_notification.notify_send': Could not find 'notify-send'
[10.140s] INFO:colcon.colcon_core.plugin_system:Skipping extension 'colcon_notification.desktop_notification.terminal_notifier': Not used on non-Darwin systems
[10.140s] INFO:colcon.colcon_core.plugin_system:Skipping extension 'colcon_notification.desktop_notification.win32': Not used on non-Windows systems
[10.140s] INFO:colcon.colcon_notification.desktop_notification:Sending desktop notification using 'notify2'
[10.154s] DEBUG:colcon.colcon_core.event_reactor:joined thread
[10.154s] INFO:colcon.colcon_core.shell:Creating prefix script '/home/ros-laptop1/Desktop/turtlebotrhodes_ws/install/local_setup.ps1'
[10.154s] INFO:colcon.colcon_core.shell:Creating prefix util module '/home/ros-laptop1/Desktop/turtlebotrhodes_ws/install/_local_setup_util_ps1.py'
[10.155s] INFO:colcon.colcon_core.shell:Creating prefix chain script '/home/ros-laptop1/Desktop/turtlebotrhodes_ws/install/setup.ps1'
[10.156s] INFO:colcon.colcon_core.shell:Creating prefix script '/home/ros-laptop1/Desktop/turtlebotrhodes_ws/install/local_setup.sh'
[10.157s] INFO:colcon.colcon_core.shell:Creating prefix util module '/home/ros-laptop1/Desktop/turtlebotrhodes_ws/install/_local_setup_util_sh.py'
[10.157s] INFO:colcon.colcon_core.shell:Creating prefix chain script '/home/ros-laptop1/Desktop/turtlebotrhodes_ws/install/setup.sh'
[10.158s] INFO:colcon.colcon_core.shell:Creating prefix script '/home/ros-laptop1/Desktop/turtlebotrhodes_ws/install/local_setup.bash'
[10.158s] INFO:colcon.colcon_core.shell:Creating prefix chain script '/home/ros-laptop1/Desktop/turtlebotrhodes_ws/install/setup.bash'
[10.159s] INFO:colcon.colcon_core.shell:Creating prefix script '/home/ros-laptop1/Desktop/turtlebotrhodes_ws/install/local_setup.zsh'
[10.159s] INFO:colcon.colcon_core.shell:Creating prefix chain script '/home/ros-laptop1/Desktop/turtlebotrhodes_ws/install/setup.zsh'
