[0.460s] Invoking command in '/home/ros-laptop1/Desktop/turtlebotrhodes_ws/src/my_py_pkg': CMAKE_PREFIX_PATH=/home/ros-laptop1/Desktop/turtlebotrhodes_ws/install/my_robot_interfaces:/home/ros-laptop1/Desktop/turtlebotrhodes_ws/install/my_robot_bringup:/home/ros-laptop1/Desktop/turtlebotrhodes_ws/install/my_cpp_pkg PYTHONPATH=/home/ros-laptop1/Desktop/turtlebotrhodes_ws/build/my_py_pkg/prefix_override:/usr/lib/python3/dist-packages/colcon_core/task/python/colcon_distutils_commands:/home/ros-laptop1/Desktop/turtlebotrhodes_ws/install/my_py_pkg/lib/python3.10/site-packages:${PYTHONPATH} /usr/bin/python3 -W ignore:setup.py install is deprecated -W ignore:easy_install command is deprecated setup.py egg_info --egg-base ../../build/my_py_pkg build --build-base /home/ros-laptop1/Desktop/turtlebotrhodes_ws/build/my_py_pkg/build install --record /home/ros-laptop1/Desktop/turtlebotrhodes_ws/build/my_py_pkg/install.log --single-version-externally-managed install_data
[0.580s] running egg_info
[0.581s] writing ../../build/my_py_pkg/my_py_pkg.egg-info/PKG-INFO
[0.581s] writing dependency_links to ../../build/my_py_pkg/my_py_pkg.egg-info/dependency_links.txt
[0.581s] writing entry points to ../../build/my_py_pkg/my_py_pkg.egg-info/entry_points.txt
[0.581s] writing requirements to ../../build/my_py_pkg/my_py_pkg.egg-info/requires.txt
[0.581s] writing top-level names to ../../build/my_py_pkg/my_py_pkg.egg-info/top_level.txt
[0.582s] reading manifest file '../../build/my_py_pkg/my_py_pkg.egg-info/SOURCES.txt'
[0.582s] writing manifest file '../../build/my_py_pkg/my_py_pkg.egg-info/SOURCES.txt'
[0.582s] running build
[0.583s] running build_py
[0.583s] running install
[0.583s] running install_lib
[0.584s] running install_data
[0.584s] running install_egg_info
[0.585s] removing '/home/ros-laptop1/Desktop/turtlebotrhodes_ws/install/my_py_pkg/lib/python3.10/site-packages/my_py_pkg-0.0.0-py3.10.egg-info' (and everything under it)
[0.585s] Copying ../../build/my_py_pkg/my_py_pkg.egg-info to /home/ros-laptop1/Desktop/turtlebotrhodes_ws/install/my_py_pkg/lib/python3.10/site-packages/my_py_pkg-0.0.0-py3.10.egg-info
[0.585s] running install_scripts
[0.597s] Installing add_two_ints_client script to /home/ros-laptop1/Desktop/turtlebotrhodes_ws/install/my_py_pkg/lib/my_py_pkg
[0.597s] Installing add_two_ints_client_no_oop script to /home/ros-laptop1/Desktop/turtlebotrhodes_ws/install/my_py_pkg/lib/my_py_pkg
[0.597s] Installing add_two_ints_server script to /home/ros-laptop1/Desktop/turtlebotrhodes_ws/install/my_py_pkg/lib/my_py_pkg
[0.597s] Installing hardware_status_publisher script to /home/ros-laptop1/Desktop/turtlebotrhodes_ws/install/my_py_pkg/lib/my_py_pkg
[0.597s] Installing joy_move script to /home/ros-laptop1/Desktop/turtlebotrhodes_ws/install/my_py_pkg/lib/my_py_pkg
[0.598s] Installing number_counter script to /home/ros-laptop1/Desktop/turtlebotrhodes_ws/install/my_py_pkg/lib/my_py_pkg
[0.598s] Installing number_publisher script to /home/ros-laptop1/Desktop/turtlebotrhodes_ws/install/my_py_pkg/lib/my_py_pkg
[0.598s] Installing py_node script to /home/ros-laptop1/Desktop/turtlebotrhodes_ws/install/my_py_pkg/lib/my_py_pkg
[0.598s] Installing robot_news_station script to /home/ros-laptop1/Desktop/turtlebotrhodes_ws/install/my_py_pkg/lib/my_py_pkg
[0.598s] Installing smartphone script to /home/ros-laptop1/Desktop/turtlebotrhodes_ws/install/my_py_pkg/lib/my_py_pkg
[0.598s] writing list of installed files to '/home/ros-laptop1/Desktop/turtlebotrhodes_ws/build/my_py_pkg/install.log'
[0.612s] Invoked command in '/home/ros-laptop1/Desktop/turtlebotrhodes_ws/src/my_py_pkg' returned '0': CMAKE_PREFIX_PATH=/home/ros-laptop1/Desktop/turtlebotrhodes_ws/install/my_robot_interfaces:/home/ros-laptop1/Desktop/turtlebotrhodes_ws/install/my_robot_bringup:/home/ros-laptop1/Desktop/turtlebotrhodes_ws/install/my_cpp_pkg PYTHONPATH=/home/ros-laptop1/Desktop/turtlebotrhodes_ws/build/my_py_pkg/prefix_override:/usr/lib/python3/dist-packages/colcon_core/task/python/colcon_distutils_commands:/home/ros-laptop1/Desktop/turtlebotrhodes_ws/install/my_py_pkg/lib/python3.10/site-packages:${PYTHONPATH} /usr/bin/python3 -W ignore:setup.py install is deprecated -W ignore:easy_install command is deprecated setup.py egg_info --egg-base ../../build/my_py_pkg build --build-base /home/ros-laptop1/Desktop/turtlebotrhodes_ws/build/my_py_pkg/build install --record /home/ros-laptop1/Desktop/turtlebotrhodes_ws/build/my_py_pkg/install.log --single-version-externally-managed install_data
