[0.007s] Invoking command in '/home/ros-laptop1/Desktop/turtlebotrhodes_ws/build/my_robot_bringup': AMENT_PREFIX_PATH=/home/ros-laptop1/Desktop/turtlebotrhodes_ws/install/turtlesim_catch_them_all:/home/ros-laptop1/Desktop/turtlebotrhodes_ws/install/my_py_pkg:/home/ros-laptop1/Desktop/turtlebotrhodes_ws/install/my_robot_bringup:/home/ros-laptop1/Desktop/turtlebotrhodes_ws/install/my_cpp_pkg:/home/ros-laptop1/Desktop/turtlebotrhodes_ws/install/my_robot_interfaces:/opt/ros/humble CMAKE_PREFIX_PATH=/home/ros-laptop1/Desktop/turtlebotrhodes_ws/install/my_cpp_pkg:/home/ros-laptop1/Desktop/turtlebotrhodes_ws/install/my_robot_interfaces:/home/ros-laptop1/Desktop/turtlebotrhodes_ws/install/my_robot_bringup:/home/ros-laptop1/Desktop/turtlebotrhodes_ws/install/turtlesim_catch_them_all:/home/ros-laptop1/Desktop/turtlebotrhodes_ws/install/my_py_pkg:/opt/ros/humble /usr/bin/cmake /home/ros-laptop1/Desktop/turtlebotrhodes_ws/src/my_robot_bringup -DCMAKE_INSTALL_PREFIX=/home/ros-laptop1/Desktop/turtlebotrhodes_ws/install/my_robot_bringup
[0.048s] -- The C compiler identification is GNU 11.4.0
[0.085s] -- The CXX compiler identification is GNU 11.4.0
[0.089s] -- Detecting C compiler ABI info
[0.141s] -- Detecting C compiler ABI info - done
[0.147s] -- Check for working C compiler: /usr/bin/cc - skipped
[0.147s] -- Detecting C compile features
[0.147s] -- Detecting C compile features - done
[0.148s] -- Detecting CXX compiler ABI info
[0.215s] -- Detecting CXX compiler ABI info - done
[0.219s] -- Check for working CXX compiler: /usr/bin/c++ - skipped
[0.219s] -- Detecting CXX compile features
[0.220s] -- Detecting CXX compile features - done
[0.221s] -- Found ament_cmake: 1.3.11 (/opt/ros/humble/share/ament_cmake/cmake)
[0.322s] -- Found Python3: /usr/bin/python3 (found version "3.10.12") found components: Interpreter 
[0.410s] -- Configuring done
[0.411s] -- Generating done
[0.412s] -- Build files have been written to: /home/ros-laptop1/Desktop/turtlebotrhodes_ws/build/my_robot_bringup
[0.415s] Invoked command in '/home/ros-laptop1/Desktop/turtlebotrhodes_ws/build/my_robot_bringup' returned '0': AMENT_PREFIX_PATH=/home/ros-laptop1/Desktop/turtlebotrhodes_ws/install/turtlesim_catch_them_all:/home/ros-laptop1/Desktop/turtlebotrhodes_ws/install/my_py_pkg:/home/ros-laptop1/Desktop/turtlebotrhodes_ws/install/my_robot_bringup:/home/ros-laptop1/Desktop/turtlebotrhodes_ws/install/my_cpp_pkg:/home/ros-laptop1/Desktop/turtlebotrhodes_ws/install/my_robot_interfaces:/opt/ros/humble CMAKE_PREFIX_PATH=/home/ros-laptop1/Desktop/turtlebotrhodes_ws/install/my_cpp_pkg:/home/ros-laptop1/Desktop/turtlebotrhodes_ws/install/my_robot_interfaces:/home/ros-laptop1/Desktop/turtlebotrhodes_ws/install/my_robot_bringup:/home/ros-laptop1/Desktop/turtlebotrhodes_ws/install/turtlesim_catch_them_all:/home/ros-laptop1/Desktop/turtlebotrhodes_ws/install/my_py_pkg:/opt/ros/humble /usr/bin/cmake /home/ros-laptop1/Desktop/turtlebotrhodes_ws/src/my_robot_bringup -DCMAKE_INSTALL_PREFIX=/home/ros-laptop1/Desktop/turtlebotrhodes_ws/install/my_robot_bringup
[0.416s] Invoking command in '/home/ros-laptop1/Desktop/turtlebotrhodes_ws/build/my_robot_bringup': AMENT_PREFIX_PATH=/home/ros-laptop1/Desktop/turtlebotrhodes_ws/install/turtlesim_catch_them_all:/home/ros-laptop1/Desktop/turtlebotrhodes_ws/install/my_py_pkg:/home/ros-laptop1/Desktop/turtlebotrhodes_ws/install/my_robot_bringup:/home/ros-laptop1/Desktop/turtlebotrhodes_ws/install/my_cpp_pkg:/home/ros-laptop1/Desktop/turtlebotrhodes_ws/install/my_robot_interfaces:/opt/ros/humble CMAKE_PREFIX_PATH=/home/ros-laptop1/Desktop/turtlebotrhodes_ws/install/my_cpp_pkg:/home/ros-laptop1/Desktop/turtlebotrhodes_ws/install/my_robot_interfaces:/home/ros-laptop1/Desktop/turtlebotrhodes_ws/install/my_robot_bringup:/home/ros-laptop1/Desktop/turtlebotrhodes_ws/install/turtlesim_catch_them_all:/home/ros-laptop1/Desktop/turtlebotrhodes_ws/install/my_py_pkg:/opt/ros/humble /usr/bin/cmake --build /home/ros-laptop1/Desktop/turtlebotrhodes_ws/build/my_robot_bringup -- -j20 -l20
[0.440s] Invoked command in '/home/ros-laptop1/Desktop/turtlebotrhodes_ws/build/my_robot_bringup' returned '0': AMENT_PREFIX_PATH=/home/ros-laptop1/Desktop/turtlebotrhodes_ws/install/turtlesim_catch_them_all:/home/ros-laptop1/Desktop/turtlebotrhodes_ws/install/my_py_pkg:/home/ros-laptop1/Desktop/turtlebotrhodes_ws/install/my_robot_bringup:/home/ros-laptop1/Desktop/turtlebotrhodes_ws/install/my_cpp_pkg:/home/ros-laptop1/Desktop/turtlebotrhodes_ws/install/my_robot_interfaces:/opt/ros/humble CMAKE_PREFIX_PATH=/home/ros-laptop1/Desktop/turtlebotrhodes_ws/install/my_cpp_pkg:/home/ros-laptop1/Desktop/turtlebotrhodes_ws/install/my_robot_interfaces:/home/ros-laptop1/Desktop/turtlebotrhodes_ws/install/my_robot_bringup:/home/ros-laptop1/Desktop/turtlebotrhodes_ws/install/turtlesim_catch_them_all:/home/ros-laptop1/Desktop/turtlebotrhodes_ws/install/my_py_pkg:/opt/ros/humble /usr/bin/cmake --build /home/ros-laptop1/Desktop/turtlebotrhodes_ws/build/my_robot_bringup -- -j20 -l20
[0.441s] Invoking command in '/home/ros-laptop1/Desktop/turtlebotrhodes_ws/build/my_robot_bringup': AMENT_PREFIX_PATH=/home/ros-laptop1/Desktop/turtlebotrhodes_ws/install/turtlesim_catch_them_all:/home/ros-laptop1/Desktop/turtlebotrhodes_ws/install/my_py_pkg:/home/ros-laptop1/Desktop/turtlebotrhodes_ws/install/my_robot_bringup:/home/ros-laptop1/Desktop/turtlebotrhodes_ws/install/my_cpp_pkg:/home/ros-laptop1/Desktop/turtlebotrhodes_ws/install/my_robot_interfaces:/opt/ros/humble CMAKE_PREFIX_PATH=/home/ros-laptop1/Desktop/turtlebotrhodes_ws/install/my_cpp_pkg:/home/ros-laptop1/Desktop/turtlebotrhodes_ws/install/my_robot_interfaces:/home/ros-laptop1/Desktop/turtlebotrhodes_ws/install/my_robot_bringup:/home/ros-laptop1/Desktop/turtlebotrhodes_ws/install/turtlesim_catch_them_all:/home/ros-laptop1/Desktop/turtlebotrhodes_ws/install/my_py_pkg:/opt/ros/humble /usr/bin/cmake --install /home/ros-laptop1/Desktop/turtlebotrhodes_ws/build/my_robot_bringup
[0.446s] -- Install configuration: ""
[0.446s] -- Installing: /home/ros-laptop1/Desktop/turtlebotrhodes_ws/install/my_robot_bringup/share/my_robot_bringup/launch
[0.446s] -- Installing: /home/ros-laptop1/Desktop/turtlebotrhodes_ws/install/my_robot_bringup/share/my_robot_bringup/launch/number_app.launch.py
[0.446s] -- Installing: /home/ros-laptop1/Desktop/turtlebotrhodes_ws/install/my_robot_bringup/share/my_robot_bringup/launch/turtlesim_catch_them_all.launch.py
[0.446s] -- Installing: /home/ros-laptop1/Desktop/turtlebotrhodes_ws/install/my_robot_bringup/share/ament_index/resource_index/package_run_dependencies/my_robot_bringup
[0.446s] -- Installing: /home/ros-laptop1/Desktop/turtlebotrhodes_ws/install/my_robot_bringup/share/ament_index/resource_index/parent_prefix_path/my_robot_bringup
[0.446s] -- Installing: /home/ros-laptop1/Desktop/turtlebotrhodes_ws/install/my_robot_bringup/share/my_robot_bringup/environment/ament_prefix_path.sh
[0.446s] -- Installing: /home/ros-laptop1/Desktop/turtlebotrhodes_ws/install/my_robot_bringup/share/my_robot_bringup/environment/ament_prefix_path.dsv
[0.446s] -- Installing: /home/ros-laptop1/Desktop/turtlebotrhodes_ws/install/my_robot_bringup/share/my_robot_bringup/environment/path.sh
[0.446s] -- Installing: /home/ros-laptop1/Desktop/turtlebotrhodes_ws/install/my_robot_bringup/share/my_robot_bringup/environment/path.dsv
[0.446s] -- Installing: /home/ros-laptop1/Desktop/turtlebotrhodes_ws/install/my_robot_bringup/share/my_robot_bringup/local_setup.bash
[0.446s] -- Installing: /home/ros-laptop1/Desktop/turtlebotrhodes_ws/install/my_robot_bringup/share/my_robot_bringup/local_setup.sh
[0.446s] -- Installing: /home/ros-laptop1/Desktop/turtlebotrhodes_ws/install/my_robot_bringup/share/my_robot_bringup/local_setup.zsh
[0.446s] -- Installing: /home/ros-laptop1/Desktop/turtlebotrhodes_ws/install/my_robot_bringup/share/my_robot_bringup/local_setup.dsv
[0.446s] -- Installing: /home/ros-laptop1/Desktop/turtlebotrhodes_ws/install/my_robot_bringup/share/my_robot_bringup/package.dsv
[0.446s] -- Installing: /home/ros-laptop1/Desktop/turtlebotrhodes_ws/install/my_robot_bringup/share/ament_index/resource_index/packages/my_robot_bringup
[0.446s] -- Installing: /home/ros-laptop1/Desktop/turtlebotrhodes_ws/install/my_robot_bringup/share/my_robot_bringup/cmake/my_robot_bringupConfig.cmake
[0.446s] -- Installing: /home/ros-laptop1/Desktop/turtlebotrhodes_ws/install/my_robot_bringup/share/my_robot_bringup/cmake/my_robot_bringupConfig-version.cmake
[0.446s] -- Installing: /home/ros-laptop1/Desktop/turtlebotrhodes_ws/install/my_robot_bringup/share/my_robot_bringup/package.xml
[0.448s] Invoked command in '/home/ros-laptop1/Desktop/turtlebotrhodes_ws/build/my_robot_bringup' returned '0': AMENT_PREFIX_PATH=/home/ros-laptop1/Desktop/turtlebotrhodes_ws/install/turtlesim_catch_them_all:/home/ros-laptop1/Desktop/turtlebotrhodes_ws/install/my_py_pkg:/home/ros-laptop1/Desktop/turtlebotrhodes_ws/install/my_robot_bringup:/home/ros-laptop1/Desktop/turtlebotrhodes_ws/install/my_cpp_pkg:/home/ros-laptop1/Desktop/turtlebotrhodes_ws/install/my_robot_interfaces:/opt/ros/humble CMAKE_PREFIX_PATH=/home/ros-laptop1/Desktop/turtlebotrhodes_ws/install/my_cpp_pkg:/home/ros-laptop1/Desktop/turtlebotrhodes_ws/install/my_robot_interfaces:/home/ros-laptop1/Desktop/turtlebotrhodes_ws/install/my_robot_bringup:/home/ros-laptop1/Desktop/turtlebotrhodes_ws/install/turtlesim_catch_them_all:/home/ros-laptop1/Desktop/turtlebotrhodes_ws/install/my_py_pkg:/opt/ros/humble /usr/bin/cmake --install /home/ros-laptop1/Desktop/turtlebotrhodes_ws/build/my_robot_bringup
